\BOOKMARK [0][-]{chapter.1}{\376\377\0001\000\040\000H\000i\000e\000r\000a\000r\000c\000h\000i\000c\000a\000l\000\040\000I\000n\000d\000e\000x}{}
\BOOKMARK [1][-]{section.1.1}{\376\377\0001\000.\0001\000\040\000C\000l\000a\000s\000s\000\040\000H\000i\000e\000r\000a\000r\000c\000h\000y}{chapter.1}
\BOOKMARK [0][-]{chapter.2}{\376\377\0002\000\040\000C\000l\000a\000s\000s\000\040\000I\000n\000d\000e\000x}{}
\BOOKMARK [1][-]{section.2.1}{\376\377\0002\000.\0001\000\040\000C\000l\000a\000s\000s\000\040\000L\000i\000s\000t}{chapter.2}
\BOOKMARK [0][-]{chapter.3}{\376\377\0003\000\040\000C\000l\000a\000s\000s\000\040\000D\000o\000c\000u\000m\000e\000n\000t\000a\000t\000i\000o\000n}{}
\BOOKMARK [1][-]{section.3.1}{\376\377\0003\000.\0001\000\040\000A\000n\000a\000l\000y\000s\000i\000s\000\040\000C\000l\000a\000s\000s\000\040\000R\000e\000f\000e\000r\000e\000n\000c\000e}{chapter.3}
\BOOKMARK [1][-]{section.3.2}{\376\377\0003\000.\0002\000\040\000C\000e\000l\000l\000M\000i\000g\000r\000a\000t\000i\000o\000n\000\040\000C\000l\000a\000s\000s\000\040\000R\000e\000f\000e\000r\000e\000n\000c\000e}{chapter.3}
\BOOKMARK [2][-]{subsection.3.2.1}{\376\377\0003\000.\0002\000.\0001\000\040\000D\000e\000t\000a\000i\000l\000e\000d\000\040\000D\000e\000s\000c\000r\000i\000p\000t\000i\000o\000n}{section.3.2}
\BOOKMARK [1][-]{section.3.3}{\376\377\0003\000.\0003\000\040\000G\000L\000W\000i\000d\000g\000e\000t\000\040\000C\000l\000a\000s\000s\000\040\000R\000e\000f\000e\000r\000e\000n\000c\000e}{chapter.3}
\BOOKMARK [2][-]{subsection.3.3.1}{\376\377\0003\000.\0003\000.\0001\000\040\000D\000e\000t\000a\000i\000l\000e\000d\000\040\000D\000e\000s\000c\000r\000i\000p\000t\000i\000o\000n}{section.3.3}
\BOOKMARK [1][-]{section.3.4}{\376\377\0003\000.\0004\000\040\000G\000r\000i\000d\000B\000a\000s\000e\000d\000G\000r\000o\000w\000t\000h\000F\000u\000n\000c\000t\000i\000o\000n\000\040\000C\000l\000a\000s\000s\000\040\000R\000e\000f\000e\000r\000e\000n\000c\000e}{chapter.3}
\BOOKMARK [2][-]{subsection.3.4.1}{\376\377\0003\000.\0004\000.\0001\000\040\000C\000o\000n\000s\000t\000r\000u\000c\000t\000o\000r\000\040\000\046\000\040\000D\000e\000s\000t\000r\000u\000c\000t\000o\000r\000\040\000D\000o\000c\000u\000m\000e\000n\000t\000a\000t\000i\000o\000n}{section.3.4}
\BOOKMARK [3][-]{subsubsection.3.4.1.1}{\376\377\0003\000.\0004\000.\0001\000.\0001\000\040\000G\000r\000i\000d\000B\000a\000s\000e\000d\000G\000r\000o\000w\000t\000h\000F\000u\000n\000c\000t\000i\000o\000n}{subsection.3.4.1}
\BOOKMARK [2][-]{subsection.3.4.2}{\376\377\0003\000.\0004\000.\0002\000\040\000M\000e\000m\000b\000e\000r\000\040\000F\000u\000n\000c\000t\000i\000o\000n\000\040\000D\000o\000c\000u\000m\000e\000n\000t\000a\000t\000i\000o\000n}{section.3.4}
\BOOKMARK [3][-]{subsubsection.3.4.2.1}{\376\377\0003\000.\0004\000.\0002\000.\0001\000\040\000w\000r\000i\000t\000e\000S\000u\000m\000m\000a\000r\000y}{subsection.3.4.2}
\BOOKMARK [1][-]{section.3.5}{\376\377\0003\000.\0005\000\040\000G\000r\000o\000w\000t\000h\000F\000u\000n\000c\000t\000i\000o\000n\000B\000a\000s\000e\000\040\000C\000l\000a\000s\000s\000\040\000R\000e\000f\000e\000r\000e\000n\000c\000e}{chapter.3}
\BOOKMARK [2][-]{subsection.3.5.1}{\376\377\0003\000.\0005\000.\0001\000\040\000C\000o\000n\000s\000t\000r\000u\000c\000t\000o\000r\000\040\000\046\000\040\000D\000e\000s\000t\000r\000u\000c\000t\000o\000r\000\040\000D\000o\000c\000u\000m\000e\000n\000t\000a\000t\000i\000o\000n}{section.3.5}
\BOOKMARK [3][-]{subsubsection.3.5.1.1}{\376\377\0003\000.\0005\000.\0001\000.\0001\000\040\000G\000r\000o\000w\000t\000h\000F\000u\000n\000c\000t\000i\000o\000n\000B\000a\000s\000e}{subsection.3.5.1}
\BOOKMARK [1][-]{section.3.6}{\376\377\0003\000.\0006\000\040\000L\000u\000m\000e\000n\000\040\000C\000l\000a\000s\000s\000\040\000R\000e\000f\000e\000r\000e\000n\000c\000e}{chapter.3}
\BOOKMARK [1][-]{section.3.7}{\376\377\0003\000.\0007\000\040\000M\000a\000i\000n\000W\000i\000n\000d\000o\000w\000\040\000C\000l\000a\000s\000s\000\040\000R\000e\000f\000e\000r\000e\000n\000c\000e}{chapter.3}
\BOOKMARK [1][-]{section.3.8}{\376\377\0003\000.\0008\000\040\000m\000a\000r\000k\000e\000r\000E\000l\000l\000i\000p\000s\000e\000B\000a\000s\000e\000d\000S\000h\000a\000p\000e\000C\000h\000a\000n\000g\000e\000F\000u\000n\000c\000t\000i\000o\000n\000\040\000C\000l\000a\000s\000s\000\040\000R\000e\000f\000e\000r\000e\000n\000c\000e}{chapter.3}
\BOOKMARK [2][-]{subsection.3.8.1}{\376\377\0003\000.\0008\000.\0001\000\040\000C\000o\000n\000s\000t\000r\000u\000c\000t\000o\000r\000\040\000\046\000\040\000D\000e\000s\000t\000r\000u\000c\000t\000o\000r\000\040\000D\000o\000c\000u\000m\000e\000n\000t\000a\000t\000i\000o\000n}{section.3.8}
\BOOKMARK [3][-]{subsubsection.3.8.1.1}{\376\377\0003\000.\0008\000.\0001\000.\0001\000\040\000m\000a\000r\000k\000e\000r\000E\000l\000l\000i\000p\000s\000e\000B\000a\000s\000e\000d\000S\000h\000a\000p\000e\000C\000h\000a\000n\000g\000e\000F\000u\000n\000c\000t\000i\000o\000n}{subsection.3.8.1}
\BOOKMARK [2][-]{subsection.3.8.2}{\376\377\0003\000.\0008\000.\0002\000\040\000M\000e\000m\000b\000e\000r\000\040\000F\000u\000n\000c\000t\000i\000o\000n\000\040\000D\000o\000c\000u\000m\000e\000n\000t\000a\000t\000i\000o\000n}{section.3.8}
\BOOKMARK [3][-]{subsubsection.3.8.2.1}{\376\377\0003\000.\0008\000.\0002\000.\0001\000\040\000g\000e\000t\000S\000h\000a\000p\000e\000C\000h\000a\000n\000g\000e\000R\000a\000t\000e\000R\000a\000t\000e}{subsection.3.8.2}
\BOOKMARK [3][-]{subsubsection.3.8.2.2}{\376\377\0003\000.\0008\000.\0002\000.\0002\000\040\000w\000r\000i\000t\000e\000S\000u\000m\000m\000a\000r\000y}{subsection.3.8.2}
\BOOKMARK [1][-]{section.3.9}{\376\377\0003\000.\0009\000\040\000M\000o\000d\000e\000l\000I\000n\000p\000u\000t\000O\000b\000j\000e\000c\000t\000\040\000C\000l\000a\000s\000s\000\040\000R\000e\000f\000e\000r\000e\000n\000c\000e}{chapter.3}
\BOOKMARK [2][-]{subsection.3.9.1}{\376\377\0003\000.\0009\000.\0001\000\040\000D\000e\000t\000a\000i\000l\000e\000d\000\040\000D\000e\000s\000c\000r\000i\000p\000t\000i\000o\000n}{section.3.9}
\BOOKMARK [2][-]{subsection.3.9.2}{\376\377\0003\000.\0009\000.\0002\000\040\000M\000e\000m\000b\000e\000r\000\040\000F\000u\000n\000c\000t\000i\000o\000n\000\040\000D\000o\000c\000u\000m\000e\000n\000t\000a\000t\000i\000o\000n}{section.3.9}
\BOOKMARK [3][-]{subsubsection.3.9.2.1}{\376\377\0003\000.\0009\000.\0002\000.\0001\000\040\000r\000e\000a\000d\000P\000a\000r\000a\000m\000e\000t\000e\000r\000s}{subsection.3.9.2}
\BOOKMARK [1][-]{section.3.10}{\376\377\0003\000.\0001\0000\000\040\000M\000u\000s\000c\000l\000e\000F\000i\000b\000r\000e\000s\000\040\000C\000l\000a\000s\000s\000\040\000R\000e\000f\000e\000r\000e\000n\000c\000e}{chapter.3}
\BOOKMARK [1][-]{section.3.11}{\376\377\0003\000.\0001\0001\000\040\000M\000y\000o\000s\000i\000n\000F\000u\000n\000c\000t\000i\000o\000n\000\040\000C\000l\000a\000s\000s\000\040\000R\000e\000f\000e\000r\000e\000n\000c\000e}{chapter.3}
\BOOKMARK [2][-]{subsection.3.11.1}{\376\377\0003\000.\0001\0001\000.\0001\000\040\000C\000o\000n\000s\000t\000r\000u\000c\000t\000o\000r\000\040\000\046\000\040\000D\000e\000s\000t\000r\000u\000c\000t\000o\000r\000\040\000D\000o\000c\000u\000m\000e\000n\000t\000a\000t\000i\000o\000n}{section.3.11}
\BOOKMARK [3][-]{subsubsection.3.11.1.1}{\376\377\0003\000.\0001\0001\000.\0001\000.\0001\000\040\000M\000y\000o\000s\000i\000n\000F\000u\000n\000c\000t\000i\000o\000n}{subsection.3.11.1}
\BOOKMARK [3][-]{subsubsection.3.11.1.2}{\376\377\0003\000.\0001\0001\000.\0001\000.\0002\000\040\000M\000y\000o\000s\000i\000n\000F\000u\000n\000c\000t\000i\000o\000n}{subsection.3.11.1}
\BOOKMARK [2][-]{subsection.3.11.2}{\376\377\0003\000.\0001\0001\000.\0002\000\040\000M\000e\000m\000b\000e\000r\000\040\000F\000u\000n\000c\000t\000i\000o\000n\000\040\000D\000o\000c\000u\000m\000e\000n\000t\000a\000t\000i\000o\000n}{section.3.11}
\BOOKMARK [3][-]{subsubsection.3.11.2.1}{\376\377\0003\000.\0001\0001\000.\0002\000.\0001\000\040\000w\000r\000i\000t\000e\000S\000u\000m\000m\000a\000r\000y}{subsection.3.11.2}
\BOOKMARK [1][-]{section.3.12}{\376\377\0003\000.\0001\0002\000\040\000N\000e\000w\000t\000o\000n\000R\000a\000p\000h\000s\000o\000n\000S\000o\000l\000v\000e\000r\000\040\000C\000l\000a\000s\000s\000\040\000R\000e\000f\000e\000r\000e\000n\000c\000e}{chapter.3}
\BOOKMARK [2][-]{subsection.3.12.1}{\376\377\0003\000.\0001\0002\000.\0001\000\040\000D\000e\000t\000a\000i\000l\000e\000d\000\040\000D\000e\000s\000c\000r\000i\000p\000t\000i\000o\000n}{section.3.12}
\BOOKMARK [1][-]{section.3.13}{\376\377\0003\000.\0001\0003\000\040\000N\000o\000d\000e\000\040\000C\000l\000a\000s\000s\000\040\000R\000e\000f\000e\000r\000e\000n\000c\000e}{chapter.3}
\BOOKMARK [2][-]{subsection.3.13.1}{\376\377\0003\000.\0001\0003\000.\0001\000\040\000D\000e\000t\000a\000i\000l\000e\000d\000\040\000D\000e\000s\000c\000r\000i\000p\000t\000i\000o\000n}{section.3.13}
\BOOKMARK [2][-]{subsection.3.13.2}{\376\377\0003\000.\0001\0003\000.\0002\000\040\000M\000e\000m\000b\000e\000r\000\040\000F\000u\000n\000c\000t\000i\000o\000n\000\040\000D\000o\000c\000u\000m\000e\000n\000t\000a\000t\000i\000o\000n}{section.3.13}
\BOOKMARK [3][-]{subsubsection.3.13.2.1}{\376\377\0003\000.\0001\0003\000.\0002\000.\0001\000\040\000a\000d\000d\000T\000o\000C\000o\000n\000n\000e\000c\000t\000e\000d\000E\000l\000e\000m\000e\000n\000t\000s}{subsection.3.13.2}
\BOOKMARK [3][-]{subsubsection.3.13.2.2}{\376\377\0003\000.\0001\0003\000.\0002\000.\0002\000\040\000a\000d\000d\000T\000o\000I\000m\000m\000e\000d\000i\000a\000t\000e\000N\000e\000i\000g\000s}{subsection.3.13.2}
\BOOKMARK [3][-]{subsubsection.3.13.2.3}{\376\377\0003\000.\0001\0003\000.\0002\000.\0003\000\040\000c\000h\000e\000c\000k\000I\000f\000N\000e\000i\000g\000h\000b\000o\000u\000r}{subsection.3.13.2}
\BOOKMARK [3][-]{subsubsection.3.13.2.4}{\376\377\0003\000.\0001\0003\000.\0002\000.\0004\000\040\000c\000h\000e\000c\000k\000I\000f\000N\000o\000d\000e\000H\000a\000s\000P\000a\000c\000k\000i\000n\000g}{subsection.3.13.2}
\BOOKMARK [3][-]{subsubsection.3.13.2.5}{\376\377\0003\000.\0001\0003\000.\0002\000.\0005\000\040\000c\000o\000l\000l\000a\000p\000s\000e\000O\000n\000N\000o\000d\000e}{subsection.3.13.2}
\BOOKMARK [3][-]{subsubsection.3.13.2.6}{\376\377\0003\000.\0001\0003\000.\0002\000.\0006\000\040\000d\000i\000s\000p\000l\000a\000y\000C\000o\000n\000n\000e\000c\000t\000e\000d\000E\000l\000e\000m\000e\000n\000t\000I\000d\000s}{subsection.3.13.2}
\BOOKMARK [3][-]{subsubsection.3.13.2.7}{\376\377\0003\000.\0001\0003\000.\0002\000.\0007\000\040\000d\000i\000s\000p\000l\000a\000y\000C\000o\000n\000n\000e\000c\000t\000e\000d\000E\000l\000e\000m\000e\000n\000t\000W\000e\000i\000g\000h\000t\000s}{subsection.3.13.2}
\BOOKMARK [3][-]{subsubsection.3.13.2.8}{\376\377\0003\000.\0001\0003\000.\0002\000.\0008\000\040\000g\000e\000t\000C\000u\000r\000r\000e\000n\000t\000P\000o\000s\000i\000t\000i\000o\000n}{subsection.3.13.2}
\BOOKMARK [3][-]{subsubsection.3.13.2.9}{\376\377\0003\000.\0001\0003\000.\0002\000.\0009\000\040\000g\000e\000t\000I\000d}{subsection.3.13.2}
\BOOKMARK [3][-]{subsubsection.3.13.2.10}{\376\377\0003\000.\0001\0003\000.\0002\000.\0001\0000\000\040\000i\000s\000M\000y\000N\000e\000i\000g}{subsection.3.13.2}
\BOOKMARK [3][-]{subsubsection.3.13.2.11}{\376\377\0003\000.\0001\0003\000.\0002\000.\0001\0001\000\040\000i\000s\000N\000e\000i\000g\000W\000i\000t\000h\000M\000y\000C\000o\000l\000l\000a\000p\000s\000e\000d\000N\000o\000d\000e\000s}{subsection.3.13.2}
\BOOKMARK [3][-]{subsubsection.3.13.2.12}{\376\377\0003\000.\0001\0003\000.\0002\000.\0001\0002\000\040\000r\000e\000m\000o\000v\000e\000F\000r\000o\000m\000C\000o\000n\000n\000e\000c\000t\000e\000d\000E\000l\000e\000m\000e\000n\000t\000s}{subsection.3.13.2}
\BOOKMARK [3][-]{subsubsection.3.13.2.13}{\376\377\0003\000.\0001\0003\000.\0002\000.\0001\0003\000\040\000s\000e\000t\000E\000x\000t\000e\000r\000n\000a\000l\000V\000i\000s\000c\000o\000s\000i\000t\000y}{subsection.3.13.2}
\BOOKMARK [1][-]{section.3.14}{\376\377\0003\000.\0001\0004\000\040\000P\000r\000i\000s\000m\000\040\000C\000l\000a\000s\000s\000\040\000R\000e\000f\000e\000r\000e\000n\000c\000e}{chapter.3}
\BOOKMARK [2][-]{subsection.3.14.1}{\376\377\0003\000.\0001\0004\000.\0001\000\040\000M\000e\000m\000b\000e\000r\000\040\000F\000u\000n\000c\000t\000i\000o\000n\000\040\000D\000o\000c\000u\000m\000e\000n\000t\000a\000t\000i\000o\000n}{section.3.14}
\BOOKMARK [3][-]{subsubsection.3.14.1.1}{\376\377\0003\000.\0001\0004\000.\0001\000.\0001\000\040\000c\000a\000l\000c\000u\000l\000a\000t\000e\000C\000u\000r\000r\000N\000o\000d\000a\000l\000F\000o\000r\000c\000e\000s}{subsection.3.14.1}
\BOOKMARK [1][-]{section.3.15}{\376\377\0003\000.\0001\0005\000\040\000R\000a\000n\000d\000o\000m\000G\000e\000n\000e\000r\000a\000t\000o\000r\000\040\000C\000l\000a\000s\000s\000\040\000R\000e\000f\000e\000r\000e\000n\000c\000e}{chapter.3}
\BOOKMARK [2][-]{subsection.3.15.1}{\376\377\0003\000.\0001\0005\000.\0001\000\040\000D\000e\000t\000a\000i\000l\000e\000d\000\040\000D\000e\000s\000c\000r\000i\000p\000t\000i\000o\000n}{section.3.15}
\BOOKMARK [2][-]{subsection.3.15.2}{\376\377\0003\000.\0001\0005\000.\0002\000\040\000C\000o\000n\000s\000t\000r\000u\000c\000t\000o\000r\000\040\000\046\000\040\000D\000e\000s\000t\000r\000u\000c\000t\000o\000r\000\040\000D\000o\000c\000u\000m\000e\000n\000t\000a\000t\000i\000o\000n}{section.3.15}
\BOOKMARK [3][-]{subsubsection.3.15.2.1}{\376\377\0003\000.\0001\0005\000.\0002\000.\0001\000\040\000R\000a\000n\000d\000o\000m\000G\000e\000n\000e\000r\000a\000t\000o\000r}{subsection.3.15.2}
\BOOKMARK [2][-]{subsection.3.15.3}{\376\377\0003\000.\0001\0005\000.\0003\000\040\000M\000e\000m\000b\000e\000r\000\040\000F\000u\000n\000c\000t\000i\000o\000n\000\040\000D\000o\000c\000u\000m\000e\000n\000t\000a\000t\000i\000o\000n}{section.3.15}
\BOOKMARK [3][-]{subsubsection.3.15.3.1}{\376\377\0003\000.\0001\0005\000.\0003\000.\0001\000\040\000g\000e\000t\000N\000o\000r\000m\000R\000V}{subsection.3.15.3}
\BOOKMARK [3][-]{subsubsection.3.15.3.2}{\376\377\0003\000.\0001\0005\000.\0003\000.\0002\000\040\000g\000e\000t\000N\000o\000r\000m\000R\000V}{subsection.3.15.3}
\BOOKMARK [3][-]{subsubsection.3.15.3.3}{\376\377\0003\000.\0001\0005\000.\0003\000.\0003\000\040\000g\000e\000t\000R\000a\000n\000d\000o\000m\000S\000t\000r}{subsection.3.15.3}
\BOOKMARK [3][-]{subsubsection.3.15.3.4}{\376\377\0003\000.\0001\0005\000.\0003\000.\0004\000\040\000g\000e\000t\000U\000n\000i\000f\000o\000r\000m\000R\000V}{subsection.3.15.3}
\BOOKMARK [3][-]{subsubsection.3.15.3.5}{\376\377\0003\000.\0001\0005\000.\0003\000.\0005\000\040\000g\000e\000t\000U\000n\000i\000f\000o\000r\000m\000R\000V}{subsection.3.15.3}
\BOOKMARK [3][-]{subsubsection.3.15.3.6}{\376\377\0003\000.\0001\0005\000.\0003\000.\0006\000\040\000O\000b\000j}{subsection.3.15.3}
\BOOKMARK [3][-]{subsubsection.3.15.3.7}{\376\377\0003\000.\0001\0005\000.\0003\000.\0007\000\040\000S\000e\000e\000d}{subsection.3.15.3}
\BOOKMARK [1][-]{section.3.16}{\376\377\0003\000.\0001\0006\000\040\000R\000e\000f\000e\000r\000e\000n\000c\000e\000S\000h\000a\000p\000e\000B\000a\000s\000e\000\040\000C\000l\000a\000s\000s\000\040\000R\000e\000f\000e\000r\000e\000n\000c\000e}{chapter.3}
\BOOKMARK [1][-]{section.3.17}{\376\377\0003\000.\0001\0007\000\040\000R\000i\000n\000g\000G\000r\000o\000w\000t\000h\000F\000u\000n\000c\000t\000i\000o\000n\000\040\000C\000l\000a\000s\000s\000\040\000R\000e\000f\000e\000r\000e\000n\000c\000e}{chapter.3}
\BOOKMARK [2][-]{subsection.3.17.1}{\376\377\0003\000.\0001\0007\000.\0001\000\040\000C\000o\000n\000s\000t\000r\000u\000c\000t\000o\000r\000\040\000\046\000\040\000D\000e\000s\000t\000r\000u\000c\000t\000o\000r\000\040\000D\000o\000c\000u\000m\000e\000n\000t\000a\000t\000i\000o\000n}{section.3.17}
\BOOKMARK [3][-]{subsubsection.3.17.1.1}{\376\377\0003\000.\0001\0007\000.\0001\000.\0001\000\040\000R\000i\000n\000g\000G\000r\000o\000w\000t\000h\000F\000u\000n\000c\000t\000i\000o\000n}{subsection.3.17.1}
\BOOKMARK [2][-]{subsection.3.17.2}{\376\377\0003\000.\0001\0007\000.\0002\000\040\000M\000e\000m\000b\000e\000r\000\040\000F\000u\000n\000c\000t\000i\000o\000n\000\040\000D\000o\000c\000u\000m\000e\000n\000t\000a\000t\000i\000o\000n}{section.3.17}
\BOOKMARK [3][-]{subsubsection.3.17.2.1}{\376\377\0003\000.\0001\0007\000.\0002\000.\0001\000\040\000g\000e\000t\000G\000r\000o\000w\000t\000h\000R\000a\000t\000e}{subsection.3.17.2}
\BOOKMARK [3][-]{subsubsection.3.17.2.2}{\376\377\0003\000.\0001\0007\000.\0002\000.\0002\000\040\000s\000e\000t\000G\000r\000o\000w\000t\000R\000a\000t\000e}{subsection.3.17.2}
\BOOKMARK [3][-]{subsubsection.3.17.2.3}{\376\377\0003\000.\0001\0007\000.\0002\000.\0003\000\040\000w\000r\000i\000t\000e\000S\000u\000m\000m\000a\000r\000y}{subsection.3.17.2}
\BOOKMARK [1][-]{section.3.18}{\376\377\0003\000.\0001\0008\000\040\000S\000h\000a\000p\000e\000B\000a\000s\000e\000\040\000C\000l\000a\000s\000s\000\040\000R\000e\000f\000e\000r\000e\000n\000c\000e}{chapter.3}
\BOOKMARK [2][-]{subsection.3.18.1}{\376\377\0003\000.\0001\0008\000.\0001\000\040\000M\000e\000m\000b\000e\000r\000\040\000F\000u\000n\000c\000t\000i\000o\000n\000\040\000D\000o\000c\000u\000m\000e\000n\000t\000a\000t\000i\000o\000n}{section.3.18}
\BOOKMARK [3][-]{subsubsection.3.18.1.1}{\376\377\0003\000.\0001\0008\000.\0001\000.\0001\000\040\000c\000a\000l\000c\000u\000l\000a\000t\000e\000G\000r\000o\000w\000t\000h\000S\000t\000r\000a\000i\000n\000s\000R\000o\000t\000M\000a\000t}{subsection.3.18.1}
\BOOKMARK [3][-]{subsubsection.3.18.1.2}{\376\377\0003\000.\0001\0008\000.\0001\000.\0002\000\040\000c\000a\000l\000c\000u\000l\000a\000t\000e\000R\000a\000t\000e\000O\000f\000D\000e\000f\000o\000r\000m\000a\000t\000i\000o\000n\000T\000e\000n\000s\000o\000r}{subsection.3.18.1}
\BOOKMARK [3][-]{subsubsection.3.18.1.3}{\376\377\0003\000.\0001\0008\000.\0001\000.\0003\000\040\000c\000a\000l\000c\000u\000l\000a\000t\000e\000V\000e\000l\000o\000c\000i\000t\000y\000G\000r\000a\000d\000i\000e\000n\000t\000T\000e\000n\000s\000o\000r}{subsection.3.18.1}
\BOOKMARK [3][-]{subsubsection.3.18.1.4}{\376\377\0003\000.\0001\0008\000.\0001\000.\0004\000\040\000c\000a\000l\000c\000u\000l\000a\000t\000e\000V\000i\000s\000c\000o\000u\000s\000F\000o\000r\000c\000e\000s}{subsection.3.18.1}
\BOOKMARK [3][-]{subsubsection.3.18.1.5}{\376\377\0003\000.\0001\0008\000.\0001\000.\0005\000\040\000c\000a\000l\000c\000u\000l\000a\000t\000e\000V\000i\000s\000c\000o\000u\000s\000S\000t\000r\000e\000s\000s}{subsection.3.18.1}
\BOOKMARK [3][-]{subsubsection.3.18.1.6}{\376\377\0003\000.\0001\0008\000.\0001\000.\0006\000\040\000c\000h\000a\000n\000g\000e\000S\000h\000a\000p\000e\000B\000y\000F\000s\000c}{subsection.3.18.1}
\BOOKMARK [3][-]{subsubsection.3.18.1.7}{\376\377\0003\000.\0001\0008\000.\0001\000.\0007\000\040\000c\000o\000n\000s\000t\000r\000u\000c\000t\000E\000l\000e\000m\000e\000n\000t\000a\000l\000D\000i\000s\000p\000l\000a\000c\000e\000m\000e\000n\000t\000M\000a\000t\000r\000i\000x}{subsection.3.18.1}
\BOOKMARK [3][-]{subsubsection.3.18.1.8}{\376\377\0003\000.\0001\0008\000.\0001\000.\0008\000\040\000d\000i\000s\000p\000l\000a\000y\000N\000a\000m\000e}{subsection.3.18.1}
\BOOKMARK [3][-]{subsubsection.3.18.1.9}{\376\377\0003\000.\0001\0008\000.\0001\000.\0009\000\040\000i\000s\000E\000l\000e\000m\000e\000n\000t\000F\000l\000i\000p\000p\000e\000d\000I\000n\000P\000o\000t\000e\000n\000t\000i\000a\000l\000N\000e\000w\000S\000h\000a\000p\000e}{subsection.3.18.1}
\BOOKMARK [3][-]{subsubsection.3.18.1.10}{\376\377\0003\000.\0001\0008\000.\0001\000.\0001\0000\000\040\000r\000e\000a\000d\000N\000o\000d\000e\000I\000d\000s}{subsection.3.18.1}
\BOOKMARK [3][-]{subsubsection.3.18.1.11}{\376\377\0003\000.\0001\0008\000.\0001\000.\0001\0001\000\040\000s\000e\000t\000I\000d\000e\000n\000t\000i\000f\000i\000c\000a\000t\000i\000o\000n\000C\000o\000l\000o\000u\000r}{subsection.3.18.1}
\BOOKMARK [3][-]{subsubsection.3.18.1.12}{\376\377\0003\000.\0001\0008\000.\0001\000.\0001\0002\000\040\000s\000e\000t\000P\000o\000s\000i\000t\000i\000o\000n\000M\000a\000t\000r\000i\000x}{subsection.3.18.1}
\BOOKMARK [3][-]{subsubsection.3.18.1.13}{\376\377\0003\000.\0001\0008\000.\0001\000.\0001\0003\000\040\000s\000e\000t\000R\000e\000f\000e\000r\000e\000n\000c\000e\000P\000o\000s\000i\000t\000i\000o\000n\000M\000a\000t\000r\000i\000x}{subsection.3.18.1}
\BOOKMARK [3][-]{subsubsection.3.18.1.14}{\376\377\0003\000.\0001\0008\000.\0001\000.\0001\0004\000\040\000s\000e\000t\000S\000h\000a\000p\000e\000T\000y\000p\000e}{subsection.3.18.1}
\BOOKMARK [3][-]{subsubsection.3.18.1.15}{\376\377\0003\000.\0001\0008\000.\0001\000.\0001\0005\000\040\000s\000e\000t\000T\000i\000s\000s\000u\000e\000P\000l\000a\000c\000e\000m\000e\000n\000t}{subsection.3.18.1}
\BOOKMARK [1][-]{section.3.19}{\376\377\0003\000.\0001\0009\000\040\000S\000i\000m\000u\000l\000a\000t\000i\000o\000n\000\040\000C\000l\000a\000s\000s\000\040\000R\000e\000f\000e\000r\000e\000n\000c\000e}{chapter.3}
\BOOKMARK [2][-]{subsection.3.19.1}{\376\377\0003\000.\0001\0009\000.\0001\000\040\000M\000e\000m\000b\000e\000r\000\040\000F\000u\000n\000c\000t\000i\000o\000n\000\040\000D\000o\000c\000u\000m\000e\000n\000t\000a\000t\000i\000o\000n}{section.3.19}
\BOOKMARK [3][-]{subsubsection.3.19.1.1}{\376\377\0003\000.\0001\0009\000.\0001\000.\0001\000\040\000c\000a\000l\000c\000u\000l\000a\000t\000e\000P\000a\000c\000k\000i\000n\000g}{subsection.3.19.1}
\BOOKMARK [3][-]{subsubsection.3.19.1.2}{\376\377\0003\000.\0001\0009\000.\0001\000.\0002\000\040\000c\000a\000l\000c\000u\000l\000a\000t\000e\000P\000a\000c\000k\000i\000n\000g\000F\000o\000r\000c\000e\000s\000I\000m\000p\000l\000i\000c\000i\000t\0003\000D}{subsection.3.19.1}
\BOOKMARK [3][-]{subsubsection.3.19.1.3}{\376\377\0003\000.\0001\0009\000.\0001\000.\0003\000\040\000c\000a\000l\000c\000u\000l\000a\000t\000e\000P\000a\000c\000k\000i\000n\000g\000J\000a\000c\000o\000b\000i\000a\000n\0003\000D}{subsection.3.19.1}
\BOOKMARK [1][-]{section.3.20}{\376\377\0003\000.\0002\0000\000\040\000U\000n\000i\000f\000o\000r\000m\000G\000r\000o\000w\000t\000h\000F\000u\000n\000c\000t\000i\000o\000n\000\040\000C\000l\000a\000s\000s\000\040\000R\000e\000f\000e\000r\000e\000n\000c\000e}{chapter.3}
\BOOKMARK [2][-]{subsection.3.20.1}{\376\377\0003\000.\0002\0000\000.\0001\000\040\000C\000o\000n\000s\000t\000r\000u\000c\000t\000o\000r\000\040\000\046\000\040\000D\000e\000s\000t\000r\000u\000c\000t\000o\000r\000\040\000D\000o\000c\000u\000m\000e\000n\000t\000a\000t\000i\000o\000n}{section.3.20}
\BOOKMARK [3][-]{subsubsection.3.20.1.1}{\376\377\0003\000.\0002\0000\000.\0001\000.\0001\000\040\000U\000n\000i\000f\000o\000r\000m\000G\000r\000o\000w\000t\000h\000F\000u\000n\000c\000t\000i\000o\000n}{subsection.3.20.1}
\BOOKMARK [2][-]{subsection.3.20.2}{\376\377\0003\000.\0002\0000\000.\0002\000\040\000M\000e\000m\000b\000e\000r\000\040\000F\000u\000n\000c\000t\000i\000o\000n\000\040\000D\000o\000c\000u\000m\000e\000n\000t\000a\000t\000i\000o\000n}{section.3.20}
\BOOKMARK [3][-]{subsubsection.3.20.2.1}{\376\377\0003\000.\0002\0000\000.\0002\000.\0001\000\040\000g\000e\000t\000G\000r\000o\000w\000t\000h\000R\000a\000t\000e}{subsection.3.20.2}
\BOOKMARK [3][-]{subsubsection.3.20.2.2}{\376\377\0003\000.\0002\0000\000.\0002\000.\0002\000\040\000s\000e\000t\000G\000r\000o\000w\000t\000R\000a\000t\000e}{subsection.3.20.2}
\BOOKMARK [3][-]{subsubsection.3.20.2.3}{\376\377\0003\000.\0002\0000\000.\0002\000.\0003\000\040\000w\000r\000i\000t\000e\000S\000u\000m\000m\000a\000r\000y}{subsection.3.20.2}
\BOOKMARK [1][-]{section.3.21}{\376\377\0003\000.\0002\0001\000\040\000U\000n\000i\000f\000o\000r\000m\000S\000h\000a\000p\000e\000C\000h\000a\000n\000g\000e\000F\000u\000n\000c\000t\000i\000o\000n\000\040\000C\000l\000a\000s\000s\000\040\000R\000e\000f\000e\000r\000e\000n\000c\000e}{chapter.3}
\BOOKMARK [2][-]{subsection.3.21.1}{\376\377\0003\000.\0002\0001\000.\0001\000\040\000C\000o\000n\000s\000t\000r\000u\000c\000t\000o\000r\000\040\000\046\000\040\000D\000e\000s\000t\000r\000u\000c\000t\000o\000r\000\040\000D\000o\000c\000u\000m\000e\000n\000t\000a\000t\000i\000o\000n}{section.3.21}
\BOOKMARK [3][-]{subsubsection.3.21.1.1}{\376\377\0003\000.\0002\0001\000.\0001\000.\0001\000\040\000U\000n\000i\000f\000o\000r\000m\000S\000h\000a\000p\000e\000C\000h\000a\000n\000g\000e\000F\000u\000n\000c\000t\000i\000o\000n}{subsection.3.21.1}
\BOOKMARK [2][-]{subsection.3.21.2}{\376\377\0003\000.\0002\0001\000.\0002\000\040\000M\000e\000m\000b\000e\000r\000\040\000F\000u\000n\000c\000t\000i\000o\000n\000\040\000D\000o\000c\000u\000m\000e\000n\000t\000a\000t\000i\000o\000n}{section.3.21}
\BOOKMARK [3][-]{subsubsection.3.21.2.1}{\376\377\0003\000.\0002\0001\000.\0002\000.\0001\000\040\000w\000r\000i\000t\000e\000S\000u\000m\000m\000a\000r\000y}{subsection.3.21.2}
