74
20	0	0    0	0	1
17.9822	4.3793	0    0	0	1
14.0282	7.12812	0    0	0	1
9.51618	8.79571	0    0	0	1
4.79656	9.70828	0    0	0	1
0	10	0    0	0	1
-4.79656	9.70828	0    0	0	1
-9.51618	8.79571	0    0	0	1
-14.0282	7.12812	0    0	0	1
-17.9822	4.3793	0    0	0	1
-20	0	0    0	0	1
-17.9822	-4.3793	0    0	0	1
-14.0282	-7.12812	0    0	0	1
-9.51618	-8.79571	0    0	0	1
-4.79656	-9.70828	0    0	0	1
0	-10	0    0	0	1
4.79656	-9.70828	0    0	0	1
9.51618	-8.79571	0    0	0	1
14.0282	-7.12812	0    0	0	1
17.9822	-4.3793	0    0	0	1
15.5	0	0    0	0	0
11.2098	3.8143	0    0	0	0
5.66617	5.12139	0    0	0	0
0	5.5	0    0	0	0
-5.66617	5.12139	0    0	0	0
-11.2098	3.8143	0    0	0	0
-15.5	0	0    0	0	0
-11.2098	-3.8143	0    0	0	0
-5.66617	-5.12139	0    0	0	0
0	-5.5	0    0	0	0
5.66617	-5.12139	0    0	0	0
11.2098	-3.8143	0    0	0	0
0	0	0    0	0	0
4.5	0	0    0	0	0
-4.5	0	0    0	0	0
9	0	0    0	0	0
-9	0	0    0	0	0
20	0	5    1	0	1
17.9822	4.3793	5    1	0	1
14.0282	7.12812	5    1	0	1
9.51618	8.79571	5    1	0	1
4.79656	9.70828	5    1	0	1
0	10	5    1	0	1
-4.79656	9.70828	5    1	0	1
-9.51618	8.79571	5    1	0	1
-14.0282	7.12812	5    1	0	1
-17.9822	4.3793	5    1	0	1
-20	0	5    1	0	1
-17.9822	-4.3793	5    1	0	1
-14.0282	-7.12812	5    1	0	1
-9.51618	-8.79571	5    1	0	1
-4.79656	-9.70828	5    1	0	1
0	-10	5    1	0	1
4.79656	-9.70828	5    1	0	1
9.51618	-8.79571	5    1	0	1
14.0282	-7.12812	5    1	0	1
17.9822	-4.3793	5    1	0	1
15.5	0	5    1	0	0
11.2098	3.8143	5    1	0	0
5.66617	5.12139	5    1	0	0
0	5.5	5    1	0	0
-5.66617	5.12139	5    1	0	0
-11.2098	3.8143	5    1	0	0
-15.5	0	5    1	0	0
-11.2098	-3.8143	5    1	0	0
-5.66617	-5.12139	5    1	0	0
0	-5.5	5    1	0	0
5.66617	-5.12139	5    1	0	0
11.2098	-3.8143	5    1	0	0
0	0	5    1	0	0
4.5	0	5    1	0	0
-4.5	0	5    1	0	0
9	0	5    1	0	0
-9	0	5    1	0	0
52
1	11     12     27     48     49     64     -17.9822   -4.3793   0    -14.0282   -7.12812   0    -11.2098   -3.8143   0    -17.9822   -4.3793   5   -14.0282   -7.12812   5   -11.2098   -3.8143   5   
1	27     26     11     64     63     48     -11.2098   -3.8143   0    -15.5   0   0    -17.9822   -4.3793   0    -11.2098   -3.8143   5   -15.5   0   5   -17.9822   -4.3793   5   
1	11     26     10     48     63     47     -17.9822   -4.3793   0    -15.5   0   0    -20   0   0    -17.9822   -4.3793   5   -15.5   0   5   -20   0   5   
1	12     13     27     49     50     64     -14.0282   -7.12812   0    -9.51618   -8.79571   0    -11.2098   -3.8143   0    -14.0282   -7.12812   5   -9.51618   -8.79571   5   -11.2098   -3.8143   5   
1	14     15     29     51     52     66     -4.79656   -9.70828   0    0   -10   0    0   -5.5   0    -4.79656   -9.70828   5   0   -10   5   0   -5.5   5   
1	14     28     13     51     65     50     -4.79656   -9.70828   0    -5.66617   -5.12139   0    -9.51618   -8.79571   0    -4.79656   -9.70828   5   -5.66617   -5.12139   5   -9.51618   -8.79571   5   
1	28     14     29     65     51     66     -5.66617   -5.12139   0    -4.79656   -9.70828   0    0   -5.5   0    -5.66617   -5.12139   5   -4.79656   -9.70828   5   0   -5.5   5   
1	27     28     36     64     65     73     -11.2098   -3.8143   0    -5.66617   -5.12139   0    -9   0   0    -11.2098   -3.8143   5   -5.66617   -5.12139   5   -9   0   5   
1	13     28     27     50     65     64     -9.51618   -8.79571   0    -5.66617   -5.12139   0    -11.2098   -3.8143   0    -9.51618   -8.79571   5   -5.66617   -5.12139   5   -11.2098   -3.8143   5   
1	15     16     29     52     53     66     0   -10   0    4.79656   -9.70828   0    0   -5.5   0    0   -10   5   4.79656   -9.70828   5   0   -5.5   5   
1	29     34     28     66     71     65     0   -5.5   0    -4.5   0   0    -5.66617   -5.12139   0    0   -5.5   5   -4.5   0   5   -5.66617   -5.12139   5   
1	26     25     9     63     62     46     -15.5   0   0    -11.2098   3.8143   0    -17.9822   4.3793   0    -15.5   0   5   -11.2098   3.8143   5   -17.9822   4.3793   5   
1	25     26     36     62     63     73     -11.2098   3.8143   0    -15.5   0   0    -9   0   0    -11.2098   3.8143   5   -15.5   0   5   -9   0   5   
1	8     9     25     45     46     62     -14.0282   7.12812   0    -17.9822   4.3793   0    -11.2098   3.8143   0    -14.0282   7.12812   5   -17.9822   4.3793   5   -11.2098   3.8143   5   
1	25     7     8     62     44     45     -11.2098   3.8143   0    -9.51618   8.79571   0    -14.0282   7.12812   0    -11.2098   3.8143   5   -9.51618   8.79571   5   -14.0282   7.12812   5   
1	26     9     10     63     46     47     -15.5   0   0    -17.9822   4.3793   0    -20   0   0    -15.5   0   5   -17.9822   4.3793   5   -20   0   5   
1	36     34     24     73     71     61     -9   0   0    -4.5   0   0    -5.66617   5.12139   0    -9   0   5   -4.5   0   5   -5.66617   5.12139   5   
1	34     36     28     71     73     65     -4.5   0   0    -9   0   0    -5.66617   -5.12139   0    -4.5   0   5   -9   0   5   -5.66617   -5.12139   5   
1	7     24     6     44     61     43     -9.51618   8.79571   0    -5.66617   5.12139   0    -4.79656   9.70828   0    -9.51618   8.79571   5   -5.66617   5.12139   5   -4.79656   9.70828   5   
1	7     25     24     44     62     61     -9.51618   8.79571   0    -11.2098   3.8143   0    -5.66617   5.12139   0    -9.51618   8.79571   5   -11.2098   3.8143   5   -5.66617   5.12139   5   
1	23     6     24     60     43     61     0   5.5   0    -4.79656   9.70828   0    -5.66617   5.12139   0    0   5.5   5   -4.79656   9.70828   5   -5.66617   5.12139   5   
1	23     24     34     60     61     71     0   5.5   0    -5.66617   5.12139   0    -4.5   0   0    0   5.5   5   -5.66617   5.12139   5   -4.5   0   5   
1	24     25     36     61     62     73     -5.66617   5.12139   0    -11.2098   3.8143   0    -9   0   0    -5.66617   5.12139   5   -11.2098   3.8143   5   -9   0   5   
1	26     27     36     63     64     73     -15.5   0   0    -11.2098   -3.8143   0    -9   0   0    -15.5   0   5   -11.2098   -3.8143   5   -9   0   5   
1	34     29     32     71     66     69     -4.5   0   0    0   -5.5   0    0   0   0    -4.5   0   5   0   -5.5   5   0   0   5   
1	33     29     30     70     66     67     4.5   0   0    0   -5.5   0    5.66617   -5.12139   0    4.5   0   5   0   -5.5   5   5.66617   -5.12139   5   
1	30     16     17     67     53     54     5.66617   -5.12139   0    4.79656   -9.70828   0    9.51618   -8.79571   0    5.66617   -5.12139   5   4.79656   -9.70828   5   9.51618   -8.79571   5   
1	32     33     23     69     70     60     0   0   0    4.5   0   0    0   5.5   0    0   0   5   4.5   0   5   0   5.5   5   
1	32     29     33     69     66     70     0   0   0    0   -5.5   0    4.5   0   0    0   0   5   0   -5.5   5   4.5   0   5   
1	30     35     33     67     72     70     5.66617   -5.12139   0    9   0   0    4.5   0   0    5.66617   -5.12139   5   9   0   5   4.5   0   5   
1	30     29     16     67     66     53     5.66617   -5.12139   0    0   -5.5   0    4.79656   -9.70828   0    5.66617   -5.12139   5   0   -5.5   5   4.79656   -9.70828   5   
1	17     18     31     54     55     68     9.51618   -8.79571   0    14.0282   -7.12812   0    11.2098   -3.8143   0    9.51618   -8.79571   5   14.0282   -7.12812   5   11.2098   -3.8143   5   
1	20     35     31     57     72     68     15.5   0   0    9   0   0    11.2098   -3.8143   0    15.5   0   5   9   0   5   11.2098   -3.8143   5   
1	35     30     31     72     67     68     9   0   0    5.66617   -5.12139   0    11.2098   -3.8143   0    9   0   5   5.66617   -5.12139   5   11.2098   -3.8143   5   
1	19     31     18     56     68     55     17.9822   -4.3793   0    11.2098   -3.8143   0    14.0282   -7.12812   0    17.9822   -4.3793   5   11.2098   -3.8143   5   14.0282   -7.12812   5   
1	20     31     19     57     68     56     15.5   0   0    11.2098   -3.8143   0    17.9822   -4.3793   0    15.5   0   5   11.2098   -3.8143   5   17.9822   -4.3793   5   
1	31     30     17     68     67     54     11.2098   -3.8143   0    5.66617   -5.12139   0    9.51618   -8.79571   0    11.2098   -3.8143   5   5.66617   -5.12139   5   9.51618   -8.79571   5   
1	33     35     22     70     72     59     4.5   0   0    9   0   0    5.66617   5.12139   0    4.5   0   5   9   0   5   5.66617   5.12139   5   
1	23     22     4     60     59     41     0   5.5   0    5.66617   5.12139   0    4.79656   9.70828   0    0   5.5   5   5.66617   5.12139   5   4.79656   9.70828   5   
1	23     33     22     60     70     59     0   5.5   0    4.5   0   0    5.66617   5.12139   0    0   5.5   5   4.5   0   5   5.66617   5.12139   5   
1	23     4     5     60     41     42     0   5.5   0    4.79656   9.70828   0    0   10   0    0   5.5   5   4.79656   9.70828   5   0   10   5   
1	4     22     3     41     59     40     4.79656   9.70828   0    5.66617   5.12139   0    9.51618   8.79571   0    4.79656   9.70828   5   5.66617   5.12139   5   9.51618   8.79571   5   
1	22     21     3     59     58     40     5.66617   5.12139   0    11.2098   3.8143   0    9.51618   8.79571   0    5.66617   5.12139   5   11.2098   3.8143   5   9.51618   8.79571   5   
1	23     5     6     60     42     43     0   5.5   0    0   10   0    -4.79656   9.70828   0    0   5.5   5   0   10   5   -4.79656   9.70828   5   
1	20     0     1     57     37     38     15.5   0   0    20   0   0    17.9822   4.3793   0    15.5   0   5   20   0   5   17.9822   4.3793   5   
1	0     20     19     37     57     56     20   0   0    15.5   0   0    17.9822   -4.3793   0    20   0   5   15.5   0   5   17.9822   -4.3793   5   
1	21     1     2     58     38     39     11.2098   3.8143   0    17.9822   4.3793   0    14.0282   7.12812   0    11.2098   3.8143   5   17.9822   4.3793   5   14.0282   7.12812   5   
1	1     21     20     38     58     57     17.9822   4.3793   0    11.2098   3.8143   0    15.5   0   0    17.9822   4.3793   5   11.2098   3.8143   5   15.5   0   5   
1	21     2     3     58     39     40     11.2098   3.8143   0    14.0282   7.12812   0    9.51618   8.79571   0    11.2098   3.8143   5   14.0282   7.12812   5   9.51618   8.79571   5   
1	21     22     35     58     59     72     11.2098   3.8143   0    5.66617   5.12139   0    9   0   0    11.2098   3.8143   5   5.66617   5.12139   5   9   0   5   
1	20     21     35     57     58     72     15.5   0   0    11.2098   3.8143   0    9   0   0    15.5   0   5   11.2098   3.8143   5   9   0   5   
1	32     23     34     69     60     71     0   0   0    0   5.5   0    -4.5   0   0    0   0   5   0   5.5   5   -4.5   0   5   
