20  0
19.9213  0.680461
19.7618  1.31459
19.5156  1.92109
19.1948  2.49275
18.8128  3.02693
18.3817  3.52394
17.9111  3.98561
17.4086  4.41442
16.8799  4.81297
16.3297  5.18373
15.7615  5.52897
15.1779  5.85069
14.5814  6.15066
13.9735  6.43039
13.3558  6.69124
12.7294  6.93435
12.0954  7.16073
11.4545  7.37127
10.8076  7.56672
10.1553  7.74775
9.49799  7.91495
8.83632  8.06882
8.1707  8.2098
7.50152  8.33829
6.82916  8.45462
6.15398  8.55909
5.47629  8.65194
4.79642  8.73339
4.11465  8.80364
3.43128  8.86283
2.74659  8.91109
2.06084  8.94855
1.37431  8.97535
0.687274  8.99191
0  9
-0.687274  8.99191
-1.37431  8.97535
-2.06084  8.94855
-2.74659  8.91109
-3.43128  8.86283
-4.11465  8.80364
-4.79642  8.73339
-5.47629  8.65194
-6.15398  8.55909
-6.82916  8.45462
-7.50152  8.33829
-8.1707  8.2098
-8.83632  8.06882
-9.49799  7.91495
-10.1553  7.74775
-10.8076  7.56672
-11.4545  7.37127
-12.0954  7.16073
-12.7294  6.93435
-13.3558  6.69124
-13.9735  6.43039
-14.5814  6.15066
-15.1779  5.85069
-15.7615  5.52897
-16.3297  5.18373
-16.8799  4.81297
-17.4086  4.41442
-17.9111  3.98561
-18.3817  3.52394
-18.8128  3.02693
-19.1948  2.49275
-19.5156  1.92109
-19.7618  1.31459
-19.9213  0.680461
-20  0
-19.9213  -0.680461
-19.7618  -1.31459
-19.5156  -1.92109
-19.1948  -2.49275
-18.8128  -3.02693
-18.3817  -3.52394
-17.9111  -3.98561
-17.4086  -4.41442
-16.8799  -4.81297
-16.3297  -5.18373
-15.7615  -5.52897
-15.1779  -5.85069
-14.5814  -6.15066
-13.9735  -6.43039
-13.3558  -6.69124
-12.7294  -6.93435
-12.0954  -7.16073
-11.4545  -7.37127
-10.8076  -7.56672
-10.1553  -7.74775
-9.49799  -7.91495
-8.83632  -8.06882
-8.1707  -8.2098
-7.50152  -8.33829
-6.82916  -8.45462
-6.15398  -8.55909
-5.47629  -8.65194
-4.79642  -8.73339
-4.11465  -8.80364
-3.43128  -8.86283
-2.74659  -8.91109
-2.06084  -8.94855
-1.37431  -8.97535
-0.687274  -8.99191
0  -9
0.687274  -8.99191
1.37431  -8.97535
2.06084  -8.94855
2.74659  -8.91109
3.43128  -8.86283
4.11465  -8.80364
4.79642  -8.73339
5.47629  -8.65194
6.15398  -8.55909
6.82916  -8.45462
7.50152  -8.33829
8.1707  -8.2098
8.83632  -8.06882
9.49799  -7.91495
10.1553  -7.74775
10.8076  -7.56672
11.4545  -7.37127
12.0954  -7.16073
12.7294  -6.93435
13.3558  -6.69124
13.9735  -6.43039
14.5814  -6.15066
15.1779  -5.85069
15.7615  -5.52897
16.3297  -5.18373
16.8799  -4.81297
17.4086  -4.41442
17.9111  -3.98561
18.3817  -3.52394
18.8128  -3.02693
19.1948  -2.49275
19.5156  -1.92109
19.7618  -1.31459
19.9213  -0.680461
19.37  0
19.2769  0.69392
19.0937  1.33339
18.815  1.93842
18.4572  2.50178
18.0371  3.02218
17.5685  3.50149
17.0619  3.9429
16.5253  4.34987
15.9645  4.72568
15.3839  5.07326
14.787  5.39516
14.1762  5.69357
13.5538  5.97036
12.9213  6.22714
12.28  6.46526
11.6311  6.6859
10.9755  6.89007
10.3139  7.07863
9.64696  7.25233
8.97535  7.41181
8.29955  7.55765
7.62002  7.69032
6.93717  7.81025
6.25138  7.91779
5.56301  8.01326
4.87239  8.09692
4.17984  8.16901
3.48564  8.2297
2.7901  8.27916
2.09348  8.31752
1.39608  8.34495
0.698159  8.36185
0  8.37
-0.698159  8.36185
-1.39608  8.34495
-2.09348  8.31752
-2.7901  8.27916
-3.48564  8.2297
-4.17984  8.16901
-4.87239  8.09692
-5.56301  8.01326
-6.25138  7.91779
-6.93717  7.81025
-7.62002  7.69032
-8.29955  7.55765
-8.97535  7.41181
-9.64696  7.25233
-10.3139  7.07863
-10.9755  6.89007
-11.6311  6.6859
-12.28  6.46526
-12.9213  6.22714
-13.5538  5.97036
-14.1762  5.69357
-14.787  5.39516
-15.3839  5.07326
-15.9645  4.72568
-16.5253  4.34987
-17.0619  3.9429
-17.5685  3.50149
-18.0371  3.02218
-18.4572  2.50178
-18.815  1.93842
-19.0937  1.33339
-19.2769  0.69392
-19.37  0
-19.2769  -0.69392
-19.0937  -1.33339
-18.815  -1.93842
-18.4572  -2.50178
-18.0371  -3.02218
-17.5685  -3.50149
-17.0619  -3.9429
-16.5253  -4.34987
-15.9645  -4.72568
-15.3839  -5.07326
-14.787  -5.39516
-14.1762  -5.69357
-13.5538  -5.97036
-12.9213  -6.22714
-12.28  -6.46526
-11.6311  -6.6859
-10.9755  -6.89007
-10.3139  -7.07863
-9.64696  -7.25233
-8.97535  -7.41181
-8.29955  -7.55765
-7.62002  -7.69032
-6.93717  -7.81025
-6.25138  -7.91779
-5.56301  -8.01326
-4.87239  -8.09692
-4.17984  -8.16901
-3.48564  -8.2297
-2.7901  -8.27916
-2.09348  -8.31752
-1.39608  -8.34495
-0.698159  -8.36185
0  -8.37
0.698159  -8.36185
1.39608  -8.34495
2.09348  -8.31752
2.7901  -8.27916
3.48564  -8.2297
4.17984  -8.16901
4.87239  -8.09692
5.56301  -8.01326
6.25138  -7.91779
6.93717  -7.81025
7.62002  -7.69032
8.29955  -7.55765
8.97535  -7.41181
9.64696  -7.25233
10.3139  -7.07863
10.9755  -6.89007
11.6311  -6.6859
12.28  -6.46526
12.9213  -6.22714
13.5538  -5.97036
14.1762  -5.69357
14.787  -5.39516
15.3839  -5.07326
15.9645  -4.72568
16.5253  -4.34987
17.0619  -3.9429
17.5685  -3.50149
18.0371  -3.02218
18.4572  -2.50178
18.815  -1.93842
19.0937  -1.33339
19.2769  -0.69392
18.74  0
18.6423  0.678865
18.4449  1.30307
18.1473  1.88744
17.7702  2.42563
17.3325  2.91801
16.8491  3.368
16.3305  3.77984
15.7844  4.15766
15.2165  4.50513
14.6307  4.8254
14.0302  5.1211
13.4173  5.39445
12.7938  5.64733
12.1612  5.88128
11.5206  6.09763
10.873  6.29751
10.2192  6.48185
9.55983  6.65149
8.89554  6.8071
8.22685  6.94929
7.55422  7.07856
6.87807  7.19536
6.1988  7.30006
5.51676  7.39298
4.83232  7.47439
4.14578  7.54452
3.45747  7.60357
2.7677  7.65167
2.07677  7.68899
1.38498  7.71566
0.69262  7.73209
0  7.74
-0.69262  7.73209
-1.38498  7.71566
-2.07677  7.68899
-2.7677  7.65167
-3.45747  7.60357
-4.14578  7.54452
-4.83232  7.47439
-5.51676  7.39298
-6.1988  7.30006
-6.87807  7.19536
-7.55422  7.07856
-8.22685  6.94929
-8.89554  6.8071
-9.55983  6.65149
-10.2192  6.48185
-10.873  6.29751
-11.5206  6.09763
-12.1612  5.88128
-12.7938  5.64733
-13.4173  5.39445
-14.0302  5.1211
-14.6307  4.8254
-15.2165  4.50513
-15.7844  4.15766
-16.3305  3.77984
-16.8491  3.368
-17.3325  2.91801
-17.7702  2.42563
-18.1473  1.88744
-18.4449  1.30307
-18.6423  0.678865
-18.74  0
-18.6423  -0.678865
-18.4449  -1.30307
-18.1473  -1.88744
-17.7702  -2.42563
-17.3325  -2.91801
-16.8491  -3.368
-16.3305  -3.77984
-15.7844  -4.15766
-15.2165  -4.50513
-14.6307  -4.8254
-14.0302  -5.1211
-13.4173  -5.39445
-12.7938  -5.64733
-12.1612  -5.88128
-11.5206  -6.09763
-10.873  -6.29751
-10.2192  -6.48185
-9.55983  -6.65149
-8.89554  -6.8071
-8.22685  -6.94929
-7.55422  -7.07856
-6.87807  -7.19536
-6.1988  -7.30006
-5.51676  -7.39298
-4.83232  -7.47439
-4.14578  -7.54452
-3.45747  -7.60357
-2.7677  -7.65167
-2.07677  -7.68899
-1.38498  -7.71566
-0.69262  -7.73209
0  -7.74
0.69262  -7.73209
1.38498  -7.71566
2.07677  -7.68899
2.7677  -7.65167
3.45747  -7.60357
4.14578  -7.54452
4.83232  -7.47439
5.51676  -7.39298
6.1988  -7.30006
6.87807  -7.19536
7.55422  -7.07856
8.22685  -6.94929
8.89554  -6.8071
9.55983  -6.65149
10.2192  -6.48185
10.873  -6.29751
11.5206  -6.09763
12.1612  -5.88128
12.7938  -5.64733
13.4173  -5.39445
14.0302  -5.1211
14.6307  -4.8254
15.2165  -4.50513
15.7844  -4.15766
16.3305  -3.77984
16.8491  -3.368
17.3325  -2.91801
17.7702  -2.42563
18.1473  -1.88744
18.4449  -1.30307
18.6423  -0.678865
18.11  0
17.9363  0.73002
17.2468  2.18648
16.7512  2.66334
16.2245  3.11583
15.6605  3.53205
15.0646  3.91256
14.4429  4.2604
13.8  4.57876
13.1398  4.87047
12.465  5.13794
11.7781  5.38317
11.0807  5.60784
10.3743  5.81336
9.66011  6.00091
8.93918  6.1715
8.21236  6.32597
7.48041  6.46503
6.74399  6.58929
6.00371  6.69927
5.26011  6.7954
4.51367  6.87804
3.76486  6.94751
3.01412  7.00404
2.26185  7.04789
1.50847  7.07938
0.75439  7.09925
0  7.11
-0.75439  7.09925
-1.50847  7.07938
-2.26185  7.04789
-3.01412  7.00404
-3.76486  6.94751
-4.51367  6.87804
-5.26011  6.7954
-6.00371  6.69927
-6.74399  6.58929
-7.48041  6.46503
-8.21236  6.32597
-8.93918  6.1715
-9.66011  6.00091
-10.3743  5.81336
-11.0807  5.60784
-11.7781  5.38317
-12.465  5.13794
-13.1398  4.87047
-13.8  4.57876
-14.4429  4.2604
-15.0646  3.91256
-15.6605  3.53205
-16.2245  3.11583
-16.7512  2.66334
-17.2468  2.18648
-17.9363  0.73002
-18.11  0
-17.9363  -0.73002
-17.2468  -2.18648
-16.7512  -2.66334
-16.2245  -3.11583
-15.6605  -3.53205
-15.0646  -3.91256
-14.4429  -4.2604
-13.8  -4.57876
-13.1398  -4.87047
-12.465  -5.13794
-11.7781  -5.38317
-11.0807  -5.60784
-10.3743  -5.81336
-9.66011  -6.00091
-8.93918  -6.1715
-8.21236  -6.32597
-7.48041  -6.46503
-6.74399  -6.58929
-6.00371  -6.69927
-5.26011  -6.7954
-4.51367  -6.87804
-3.76486  -6.94751
-3.01412  -7.00404
-2.26185  -7.04789
-1.50847  -7.07938
-0.75439  -7.09925
0  -7.11
0.75439  -7.09925
1.50847  -7.07938
2.26185  -7.04789
3.01412  -7.00404
3.76486  -6.94751
4.51367  -6.87804
5.26011  -6.7954
6.00371  -6.69927
6.74399  -6.58929
7.48041  -6.46503
8.21236  -6.32597
8.93918  -6.1715
9.66011  -6.00091
10.3743  -5.81336
11.0807  -5.60784
11.7781  -5.38317
12.465  -5.13794
13.1398  -4.87047
13.8  -4.57876
14.4429  -4.2604
15.0646  -3.91256
15.6605  -3.53205
16.2245  -3.11583
16.7512  -2.66334
17.2468  -2.18648
17.9363  -0.73002
17.48  0
17.4005  0.594643
17.3489  1.21839
16.8237  1.54025
16.6018  2.12903
16.0971  2.50452
15.6115  2.91627
15.0779  3.27427
14.518  3.60246
13.9356  3.90381
13.3338  4.18131
12.7148  4.43736
12.0806  4.67385
11.4326  4.89228
10.7722  5.09383
10.1005  5.27948
9.41845  5.44999
8.72713  5.60601
8.02743  5.74807
7.3202  5.8766
6.60628  5.99196
5.88645  6.09446
5.16147  6.18436
4.43207  6.26188
3.69893  6.32719
2.96272  6.38045
2.22409  6.42181
1.48367  6.45151
0.742102  6.47015
0  6.48
-0.742102  6.47015
-1.48367  6.45151
-2.22409  6.42181
-2.96272  6.38045
-3.69893  6.32719
-4.43207  6.26188
-5.16147  6.18436
-5.88645  6.09446
-6.60628  5.99196
-7.3202  5.8766
-8.02743  5.74807
-8.72713  5.60601
-9.41845  5.44999
-10.1005  5.27948
-10.7722  5.09383
-11.4326  4.89228
-12.0806  4.67385
-12.7148  4.43736
-13.3338  4.18131
-13.9356  3.90381
-14.518  3.60246
-15.0779  3.27427
-15.6115  2.91627
-16.0971  2.50452
-16.6018  2.12903
-16.8237  1.54025
-17.3489  1.21839
-17.4005  0.594643
-17.48  0
-17.4005  -0.594643
-17.3489  -1.21839
-16.8237  -1.54025
-16.6018  -2.12903
-16.0971  -2.50452
-15.6115  -2.91627
-15.0779  -3.27427
-14.518  -3.60246
-13.9356  -3.90381
-13.3338  -4.18131
-12.7148  -4.43736
-12.0806  -4.67385
-11.4326  -4.89228
-10.7722  -5.09383
-10.1005  -5.27948
-9.41845  -5.44999
-8.72713  -5.60601
-8.02743  -5.74807
-7.3202  -5.8766
-6.60628  -5.99196
-5.88645  -6.09446
-5.16147  -6.18436
-4.43207  -6.26188
-3.69893  -6.32719
-2.96272  -6.38045
-2.22409  -6.42181
-1.48367  -6.45151
-0.742102  -6.47015
0  -6.48
0.742102  -6.47015
1.48367  -6.45151
2.22409  -6.42181
2.96272  -6.38045
3.69893  -6.32719
4.43207  -6.26188
5.16147  -6.18436
5.88645  -6.09446
6.60628  -5.99196
7.3202  -5.8766
8.02743  -5.74807
8.72713  -5.60601
9.41845  -5.44999
10.1005  -5.27948
10.7722  -5.09383
11.4326  -4.89228
12.0806  -4.67385
12.7148  -4.43736
13.3338  -4.18131
13.9356  -3.90381
14.518  -3.60246
15.0779  -3.27427
15.6115  -2.91627
16.0971  -2.50452
16.6018  -2.12903
16.8237  -1.54025
17.3489  -1.21839
17.4005  -0.594643
16.85  0
16.7142  0.67123
16.4238  1.26822
16.0144  1.79332
15.5282  2.25184
14.9919  2.65499
14.4209  3.01283
13.8247  3.33318
13.2092  3.62194
12.5781  3.88358
11.9342  4.12148
11.2794  4.33828
10.6151  4.53605
9.94238  4.71641
9.26211  4.8807
8.57503  5.02995
7.88179  5.16504
7.18296  5.28665
6.47908  5.39537
5.77066  5.49164
5.05821  5.57586
4.34222  5.64832
3.62318  5.70927
2.9016  5.75891
2.17797  5.79739
1.45281  5.8249
0.726645  5.84185
0  5.85
-0.726645  5.84185
-1.45281  5.8249
-2.17797  5.79739
-2.9016  5.75891
-3.62318  5.70927
-4.34222  5.64832
-5.05821  5.57586
-5.77066  5.49164
-6.47908  5.39537
-7.18296  5.28665
-7.88179  5.16504
-8.57503  5.02995
-9.26211  4.8807
-9.94238  4.71641
-10.6151  4.53605
-11.2794  4.33828
-11.9342  4.12148
-12.5781  3.88358
-13.2092  3.62194
-13.8247  3.33318
-14.4209  3.01283
-14.9919  2.65499
-15.5282  2.25184
-16.0144  1.79332
-16.4238  1.26822
-16.7142  0.67123
-16.85  0
-16.7142  -0.67123
-16.4238  -1.26822
-16.0144  -1.79332
-15.5282  -2.25184
-14.9919  -2.65499
-14.4209  -3.01283
-13.8247  -3.33318
-13.2092  -3.62194
-12.5781  -3.88358
-11.9342  -4.12148
-11.2794  -4.33828
-10.6151  -4.53605
-9.94238  -4.71641
-9.26211  -4.8807
-8.57503  -5.02995
-7.88179  -5.16504
-7.18296  -5.28665
-6.47908  -5.39537
-5.77066  -5.49164
-5.05821  -5.57586
-4.34222  -5.64832
-3.62318  -5.70927
-2.9016  -5.75891
-2.17797  -5.79739
-1.45281  -5.8249
-0.726645  -5.84185
0  -5.85
0.726645  -5.84185
1.45281  -5.8249
2.17797  -5.79739
2.9016  -5.75891
3.62318  -5.70927
4.34222  -5.64832
5.05821  -5.57586
5.77066  -5.49164
6.47908  -5.39537
7.18296  -5.28665
7.88179  -5.16504
8.57503  -5.02995
9.26211  -4.8807
9.94238  -4.71641
10.6151  -4.53605
11.2794  -4.33828
11.9342  -4.12148
12.5781  -3.88358
13.2092  -3.62194
13.8247  -3.33318
14.4209  -3.01283
14.9919  -2.65499
15.5282  -2.25184
16.0144  -1.79332
16.4238  -1.26822
16.7142  -0.67123
16.22  0
16.0498  0.665784
15.7204  1.23611
15.2743  1.7244
14.7582  2.1428
14.1982  2.5062
13.6088  2.82603
12.9982  3.11054
12.3716  3.3656
11.7323  3.59553
11.0825  3.80357
10.424  3.99218
9.75798  4.16329
9.08538  4.31841
8.40697  4.45876
7.72343  4.58533
7.0353  4.6989
6.34308  4.80014
5.64725  4.88956
4.94824  4.9676
4.24645  5.03463
3.5423  5.09091
2.83618  5.13668
2.12849  5.17212
1.41963  5.1974
0.709996  5.21287
0  5.22
-0.709996  5.21287
-1.41963  5.1974
-2.12849  5.17212
-2.83618  5.13668
-3.5423  5.09091
-4.24645  5.03463
-4.94824  4.9676
-5.64725  4.88956
-6.34308  4.80014
-7.0353  4.6989
-7.72343  4.58533
-8.40697  4.45876
-9.08538  4.31841
-9.75798  4.16329
-10.424  3.99218
-11.0825  3.80357
-11.7323  3.59553
-12.3716  3.3656
-12.9982  3.11054
-13.6088  2.82603
-14.1982  2.5062
-14.7582  2.1428
-15.2743  1.7244
-15.7204  1.23611
-16.0498  0.665784
-16.22  0
-16.0498  -0.665784
-15.7204  -1.23611
-15.2743  -1.7244
-14.7582  -2.1428
-14.1982  -2.5062
-13.6088  -2.82603
-12.9982  -3.11054
-12.3716  -3.3656
-11.7323  -3.59553
-11.0825  -3.80357
-10.424  -3.99218
-9.75798  -4.16329
-9.08538  -4.31841
-8.40697  -4.45876
-7.72343  -4.58533
-7.0353  -4.6989
-6.34308  -4.80014
-5.64725  -4.88956
-4.94824  -4.9676
-4.24645  -5.03463
-3.5423  -5.09091
-2.83618  -5.13668
-2.12849  -5.17212
-1.41963  -5.1974
-0.709996  -5.21287
0  -5.22
0.709996  -5.21287
1.41963  -5.1974
2.12849  -5.17212
2.83618  -5.13668
3.5423  -5.09091
4.24645  -5.03463
4.94824  -4.9676
5.64725  -4.88956
6.34308  -4.80014
7.0353  -4.6989
7.72343  -4.58533
8.40697  -4.45876
9.08538  -4.31841
9.75798  -4.16329
10.424  -3.99218
11.0825  -3.80357
11.7323  -3.59553
12.3716  -3.3656
12.9982  -3.11054
13.6088  -2.82603
14.1982  -2.5062
14.7582  -2.1428
15.2743  -1.7244
15.7204  -1.23611
16.0498  -0.665784
15.59  0
15.3864  0.649997
15.0158  1.18471
14.5351  1.62828
13.9933  2.00131
13.4147  2.32177
12.8119  2.60181
12.1919  2.84959
11.5587  3.07071
10.9152  3.26919
10.2633  3.44797
9.60436  3.6093
8.93938  3.7549
8.2692  3.88614
7.59448  4.00408
6.91579  4.10962
6.23361  4.20345
5.54837  4.28615
4.86047  4.35819
4.17028  4.41996
3.47815  4.47176
2.78441  4.51384
2.0894  4.54639
1.39345  4.56958
0.696868  4.5837
0  4.59
-0.696868  4.5837
-1.39345  4.56958
-2.0894  4.54639
-2.78441  4.51384
-3.47815  4.47176
-4.17028  4.41996
-4.86047  4.35819
-5.54837  4.28615
-6.23361  4.20345
-6.91579  4.10962
-7.59448  4.00408
-8.2692  3.88614
-8.93938  3.7549
-9.60436  3.6093
-10.2633  3.44797
-10.9152  3.26919
-11.5587  3.07071
-12.1919  2.84959
-12.8119  2.60181
-13.4147  2.32177
-13.9933  2.00131
-14.5351  1.62828
-15.0158  1.18471
-15.3864  0.649997
-15.59  0
-15.3864  -0.649997
-15.0158  -1.18471
-14.5351  -1.62828
-13.9933  -2.00131
-13.4147  -2.32177
-12.8119  -2.60181
-12.1919  -2.84959
-11.5587  -3.07071
-10.9152  -3.26919
-10.2633  -3.44797
-9.60436  -3.6093
-8.93938  -3.7549
-8.2692  -3.88614
-7.59448  -4.00408
-6.91579  -4.10962
-6.23361  -4.20345
-5.54837  -4.28615
-4.86047  -4.35819
-4.17028  -4.41996
-3.47815  -4.47176
-2.78441  -4.51384
-2.0894  -4.54639
-1.39345  -4.56958
-0.696868  -4.5837
0  -4.59
0.696868  -4.5837
1.39345  -4.56958
2.0894  -4.54639
2.78441  -4.51384
3.47815  -4.47176
4.17028  -4.41996
4.86047  -4.35819
5.54837  -4.28615
6.23361  -4.20345
6.91579  -4.10962
7.59448  -4.00408
8.2692  -3.88614
8.93938  -3.7549
9.60436  -3.6093
10.2633  -3.44797
10.9152  -3.26919
11.5587  -3.07071
12.1919  -2.84959
12.8119  -2.60181
13.4147  -2.32177
13.9933  -2.00131
14.5351  -1.62828
15.0158  -1.18471
15.3864  -0.649997
14.96  0
14.6959  0.64999
14.2546  1.15209
13.7125  1.552
13.1193  1.88131
12.4962  2.1608
11.8536  2.40297
11.197  2.61568
10.5297  2.80417
9.85403  2.97208
9.17155  3.12207
8.48339  3.25613
7.79046  3.37578
7.09345  3.48221
6.39297  3.57638
5.68951  3.65904
4.98351  3.7308
4.27537  3.79215
3.56544  3.84348
2.85405  3.88509
2.14151  3.91723
1.42813  3.9401
0.714189  3.95397
0  3.96
-0.714189  3.95397
-1.42813  3.9401
-2.14151  3.91723
-2.85405  3.88509
-3.56544  3.84348
-4.27537  3.79215
-4.98351  3.7308
-5.68951  3.65904
-6.39297  3.57638
-7.09345  3.48221
-7.79046  3.37578
-8.48339  3.25613
-9.17155  3.12207
-9.85403  2.97208
-10.5297  2.80417
-11.197  2.61568
-11.8536  2.40297
-12.4962  2.1608
-13.1193  1.88131
-13.7125  1.552
-14.2546  1.15209
-14.6959  0.64999
-14.96  0
-14.6959  -0.64999
-14.2546  -1.15209
-13.7125  -1.552
-13.1193  -1.88131
-12.4962  -2.1608
-11.8536  -2.40297
-11.197  -2.61568
-10.5297  -2.80417
-9.85403  -2.97208
-9.17155  -3.12207
-8.48339  -3.25613
-7.79046  -3.37578
-7.09345  -3.48221
-6.39297  -3.57638
-5.68951  -3.65904
-4.98351  -3.7308
-4.27537  -3.79215
-3.56544  -3.84348
-2.85405  -3.88509
-2.14151  -3.91723
-1.42813  -3.9401
-0.714189  -3.95397
0  -3.96
0.714189  -3.95397
1.42813  -3.9401
2.14151  -3.91723
2.85405  -3.88509
3.56544  -3.84348
4.27537  -3.79215
4.98351  -3.7308
5.68951  -3.65904
6.39297  -3.57638
7.09345  -3.48221
7.79046  -3.37578
8.48339  -3.25613
9.17155  -3.12207
9.85403  -2.97208
10.5297  -2.80417
11.197  -2.61568
11.8536  -2.40297
12.4962  -2.1608
13.1193  -1.88131
13.7125  -1.552
14.2546  -1.15209
14.6959  -0.64999
14.33  0
14.0433  0.652092
13.5287  1.06507
12.9542  1.39962
12.3431  1.67425
11.7096  1.9063
11.0612  2.1066
10.4018  2.28192
9.73393  2.43672
9.05934  2.57406
8.37921  2.69619
7.69443  2.80475
7.00572  2.90101
6.31365  2.98595
5.61872  3.06035
4.92136  3.12483
4.22194  3.17988
3.5208  3.22589
2.81827  3.26316
2.11463  3.29194
1.41019  3.31239
0.705216  3.32476
0  3.33
-0.705216  3.32476
-1.41019  3.31239
-2.11463  3.29194
-2.81827  3.26316
-3.5208  3.22589
-4.22194  3.17988
-4.92136  3.12483
-5.61872  3.06035
-6.31365  2.98595
-7.00572  2.90101
-7.69443  2.80475
-8.37921  2.69619
-9.05934  2.57406
-9.73393  2.43672
-10.4018  2.28192
-11.0612  2.1066
-11.7096  1.9063
-12.3431  1.67425
-12.9542  1.39962
-13.5287  1.06507
-14.0433  0.652092
-14.33  0
-14.0433  -0.652092
-13.5287  -1.06507
-12.9542  -1.39962
-12.3431  -1.67425
-11.7096  -1.9063
-11.0612  -2.1066
-10.4018  -2.28192
-9.73393  -2.43672
-9.05934  -2.57406
-8.37921  -2.69619
-7.69443  -2.80475
-7.00572  -2.90101
-6.31365  -2.98595
-5.61872  -3.06035
-4.92136  -3.12483
-4.22194  -3.17988
-3.5208  -3.22589
-2.81827  -3.26316
-2.11463  -3.29194
-1.41019  -3.31239
-0.705216  -3.32476
0  -3.33
0.705216  -3.32476
1.41019  -3.31239
2.11463  -3.29194
2.81827  -3.26316
3.5208  -3.22589
4.22194  -3.17988
4.92136  -3.12483
5.61872  -3.06035
6.31365  -2.98595
7.00572  -2.90101
7.69443  -2.80475
8.37921  -2.69619
9.05934  -2.57406
9.73393  -2.43672
10.4018  -2.28192
11.0612  -2.1066
11.7096  -1.9063
12.3431  -1.67425
12.9542  -1.39962
13.5287  -1.06507
14.0433  -0.652092
13.7  0
13.1374  0.649289
12.528  1.02333
11.8534  1.30823
11.1426  1.53841
10.4077  1.73127
9.65499  1.89627
8.88828  2.03904
8.11016  2.16321
7.32254  2.27124
6.52694  2.36488
5.72463  2.44538
4.91667  2.51372
4.10404  2.5706
3.28762  2.61656
2.46822  2.65201
1.64663  2.67725
0.823617  2.69272
0  2.7
-0.823617  2.69272
-1.64663  2.67725
-2.46822  2.65201
-3.28762  2.61656
-4.10404  2.5706
-4.91667  2.51372
-5.72463  2.44538
-6.52694  2.36488
-7.32254  2.27124
-8.11016  2.16321
-8.88828  2.03904
-9.65499  1.89627
-10.4077  1.73127
-11.1426  1.53841
-11.8534  1.30823
-12.528  1.02333
-13.1374  0.649289
-13.7  0
-13.1374  -0.649289
-12.528  -1.02333
-11.8534  -1.30823
-11.1426  -1.53841
-10.4077  -1.73127
-9.65499  -1.89627
-8.88828  -2.03904
-8.11016  -2.16321
-7.32254  -2.27124
-6.52694  -2.36488
-5.72463  -2.44538
-4.91667  -2.51372
-4.10404  -2.5706
-3.28762  -2.61656
-2.46822  -2.65201
-1.64663  -2.67725
-0.823617  -2.69272
0  -2.7
0.823617  -2.69272
1.64663  -2.67725
2.46822  -2.65201
3.28762  -2.61656
4.10404  -2.5706
4.91667  -2.51372
5.72463  -2.44538
6.52694  -2.36488
7.32254  -2.27124
8.11016  -2.16321
8.88828  -2.03904
9.65499  -1.89627
10.4077  -1.73127
11.1426  -1.53841
11.8534  -1.30823
12.528  -1.02333
13.1374  -0.649289
13.07  0
12.4328  0.550685
11.7858  0.842119
11.0903  1.06062
10.3659  1.23605
9.62124  1.38239
8.86094  1.50701
8.08807  1.61425
7.30479  1.70687
6.51281  1.78672
5.71349  1.85512
4.90802  1.91302
4.09746  1.96113
3.28277  1.99995
2.46483  2.02987
1.64449  2.05117
0.822584  2.06416
0  2.07
-0.822584  2.06416
-1.64449  2.05117
-2.46483  2.02987
-3.28277  1.99995
-4.09746  1.96113
-4.90802  1.91302
-5.71349  1.85512
-6.51281  1.78672
-7.30479  1.70687
-8.08807  1.61425
-8.86094  1.50701
-9.62124  1.38239
-10.3659  1.23605
-11.0903  1.06062
-11.7858  0.842119
-12.4328  0.550685
-13.07  0
-12.4328  -0.550685
-11.7858  -0.842119
-11.0903  -1.06062
-10.3659  -1.23605
-9.62124  -1.38239
-8.86094  -1.50701
-8.08807  -1.61425
-7.30479  -1.70687
-6.51281  -1.78672
-5.71349  -1.85512
-4.90802  -1.91302
-4.09746  -1.96113
-3.28277  -1.99995
-2.46483  -2.02987
-1.64449  -2.05117
-0.822584  -2.06416
0  -2.07
0.822584  -2.06416
1.64449  -2.05117
2.46483  -2.02987
3.28277  -1.99995
4.09746  -1.96113
4.90802  -1.91302
5.71349  -1.85512
6.51281  -1.78672
7.30479  -1.70687
8.08807  -1.61425
8.86094  -1.50701
9.62124  -1.38239
10.3659  -1.23605
11.0903  -1.06062
11.7858  -0.842119
12.4328  -0.550685
12.44  0
10.3221  0.780033
9.5869  0.900698
8.8341  1.00106
8.06725  1.08614
7.28883  1.15891
6.50074  1.22124
5.70452  1.27437
4.9015  1.31919
4.09284  1.35635
3.27959  1.38629
2.46276  1.40936
1.64326  1.42578
0.822024  1.43577
0  1.44
-0.822024  1.43577
-1.64326  1.42578
-2.46276  1.40936
-3.27959  1.38629
-4.09284  1.35635
-4.9015  1.31919
-5.70452  1.27437
-6.50074  1.22124
-7.28883  1.15891
-8.06725  1.08614
-8.8341  1.00106
-9.5869  0.900698
-10.3221  0.780033
-12.44  0
-10.3221  -0.780033
-9.5869  -0.900698
-8.8341  -1.00106
-8.06725  -1.08614
-7.28883  -1.15891
-6.50074  -1.22124
-5.70452  -1.27437
-4.9015  -1.31919
-4.09284  -1.35635
-3.27959  -1.38629
-2.46276  -1.40936
-1.64326  -1.42578
-0.822024  -1.43577
0  -1.44
0.822024  -1.43577
1.64326  -1.42578
2.46276  -1.40936
3.27959  -1.38629
4.09284  -1.35635
4.9015  -1.31919
5.70452  -1.27437
6.50074  -1.22124
7.28883  -1.15891
8.06725  -1.08614
8.8341  -1.00106
9.5869  -0.900698
10.3221  -0.780033
11.81  0
11.1912  0.289711
10.6174  0.308806
9.91698  0.428236
9.19811  0.5053
8.35238  0.548963
7.58648  0.605928
6.78045  0.653298
5.94682  0.693218
5.09744  0.726277
4.24186  0.753
3.38643  0.773979
2.53437  0.78977
1.68656  0.800816
0.84228  0.807434
0  0.81
-0.84228  0.807434
-1.68656  0.800816
-2.53437  0.78977
-3.38643  0.773979
-4.24186  0.753
-5.09744  0.726277
-5.94682  0.693218
-6.78045  0.653298
-7.58648  0.605928
-8.35238  0.548963
-9.19811  0.5053
-9.91698  0.428236
-10.6174  0.308806
-11.1912  0.289711
-11.81  0
-11.1912  -0.289711
-10.6174  -0.308806
-9.91698  -0.428236
-9.19811  -0.5053
-8.35238  -0.548963
-7.58648  -0.605928
-6.78045  -0.653298
-5.94682  -0.693218
-5.09744  -0.726277
-4.24186  -0.753
-3.38643  -0.773979
-2.53437  -0.78977
-1.68656  -0.800816
-0.84228  -0.807434
0  -0.81
0.84228  -0.807434
1.68656  -0.800816
2.53437  -0.78977
3.38643  -0.773979
4.24186  -0.753
5.09744  -0.726277
5.94682  -0.693218
6.78045  -0.653298
7.58648  -0.605928
8.35238  -0.548963
9.19811  -0.5053
9.91698  -0.428236
10.6174  -0.308806
11.1912  -0.289711
0  0
0.63  0
-0.63  0
1.26  0
-1.26  0
1.89  0
-1.89  0
2.52  0
-2.52  0
3.15  0
-3.15  0
3.78  0
-3.78  0
4.41  0
-4.41  0
5.04  0
-5.04  0
5.67  0
-5.67  0
6.3  0
-6.3  0
6.93  0
-6.93  0
7.56  0
-7.56  0
8.19  0
-8.19  0
8.82  0
-8.82  0
9.45  0
-9.45  0
-10.71  0
