29.1911  0
27.5134  6.74074
24.8292  13.1444
20.4673  18.537
15.0988  22.9185
8.72377  25.6148
3.69082  26.963
0  27.3
-7.04612  26.2889
-14.0922  24.9407
-20.8028  22.9185
-27.1779  20.2222
-33.2174  17.1889
-56.3689  0
-24.3689  0
1.30501  21.213
2.4111  0
-25.8741  10.0971
13.1911  0
8.83042  16.9824
-8.45464  14.5637
-21.55  15.8004
21.1911  0
15.6603  10.1884
-10.9789  0
-16.6835  7.61984
0.78793  11.4848
-43.5225  9.53784
-40.3689  0
-5.96302  6.63125
7.8011  6.61889
-34.652  8.35569
-48.3689  0
-49.9457  4.76892
-32.3689  0
-14.749  17.864
