20  0
17.9822  4.3793
14.0282  7.12812
9.51618  8.79571
4.79656  9.70828
0  10
-4.79656  9.70828
-9.51618  8.79571
-14.0282  7.12812
-17.9822  4.3793
-20  0
-17.9822  -4.3793
-14.0282  -7.12812
-9.51618  -8.79571
-4.79656  -9.70828
0  -10
4.79656  -9.70828
9.51618  -8.79571
14.0282  -7.12812
17.9822  -4.3793
15.5  0
11.2098  3.8143
5.66617  5.12139
0  5.5
-5.66617  5.12139
-11.2098  3.8143
-15.5  0
-11.2098  -3.8143
-5.66617  -5.12139
0  -5.5
5.66617  -5.12139
11.2098  -3.8143
0  0
4.5  0
-4.5  0
9  0
-9  0
