405
10	0	0	    2	0	1
9.95734	0.922684	0	    2	0	1
9.82973	1.8375	0	    2	0	1
9.61826	2.73663	0	    2	0	1
9.32472	3.61242	0	    2	0	1
8.95163	4.45738	0	    2	0	1
8.50217	5.26432	0	    2	0	1
7.98017	6.02635	0	    2	0	1
7.39009	6.73696	0	    2	0	1
6.73696	7.39009	0	    2	0	1
6.02635	7.98017	0	    2	0	1
5.26432	8.50217	0	    2	0	1
4.45738	8.95163	0	    2	0	1
3.61242	9.32472	0	    2	0	1
2.73663	9.61826	0	    2	0	1
1.8375	9.82973	0	    2	0	1
0.922684	9.95734	0	    2	0	1
0	10	0	    2	0	1
-10	0	0	    2	0	1
-9.95734	0.922684	0	    2	0	1
-9.82973	1.8375	0	    2	0	1
-9.61826	2.73663	0	    2	0	1
-9.32472	3.61242	0	    2	0	1
-8.95163	4.45738	0	    2	0	1
-8.50217	5.26432	0	    2	0	1
-7.98017	6.02635	0	    2	0	1
-7.39009	6.73696	0	    2	0	1
-6.73696	7.39009	0	    2	0	1
-6.02635	7.98017	0	    2	0	1
-5.26432	8.50217	0	    2	0	1
-4.45738	8.95163	0	    2	0	1
-3.61242	9.32472	0	    2	0	1
-2.73663	9.61826	0	    2	0	1
-1.8375	9.82973	0	    2	0	1
-0.922684	9.95734	0	    2	0	1
-9.95734	-0.922684	0	    2	0	1
-9.82973	-1.8375	0	    2	0	1
-9.61826	-2.73663	0	    2	0	1
-9.32472	-3.61242	0	    2	0	1
-8.95163	-4.45738	0	    2	0	1
-8.50217	-5.26432	0	    2	0	1
-7.98017	-6.02635	0	    2	0	1
-7.39009	-6.73696	0	    2	0	1
-6.73696	-7.39009	0	    2	0	1
-6.02635	-7.98017	0	    2	0	1
-5.26432	-8.50217	0	    2	0	1
-4.45738	-8.95163	0	    2	0	1
-3.61242	-9.32472	0	    2	0	1
-2.73663	-9.61826	0	    2	0	1
-1.8375	-9.82973	0	    2	0	1
-0.922684	-9.95734	0	    2	0	1
-0	-10	0	    2	0	1
9.95734	-0.922684	0	    2	0	1
9.82973	-1.8375	0	    2	0	1
9.61826	-2.73663	0	    2	0	1
9.32472	-3.61242	0	    2	0	1
8.95163	-4.45738	0	    2	0	1
8.50217	-5.26432	0	    2	0	1
7.98017	-6.02635	0	    2	0	1
7.39009	-6.73696	0	    2	0	1
6.73696	-7.39009	0	    2	0	1
6.02635	-7.98017	0	    2	0	1
5.26432	-8.50217	0	    2	0	1
4.45738	-8.95163	0	    2	0	1
3.61242	-9.32472	0	    2	0	1
2.73663	-9.61826	0	    2	0	1
1.8375	-9.82973	0	    2	0	1
0.922684	-9.95734	0	    2	0	1
9.1	0	0	    2	0	0
9.05015	0.951209	0	    2	0	0
8.90114	1.892	0	    2	0	0
8.65461	2.81205	0	    2	0	0
8.31326	3.7013	0	    2	0	0
7.88083	4.55	0	    2	0	0
7.36205	5.34885	0	    2	0	0
6.76262	6.08909	0	    2	0	0
6.08909	6.76262	0	    2	0	0
5.34885	7.36205	0	    2	0	0
4.55	7.88083	0	    2	0	0
3.7013	8.31326	0	    2	0	0
2.81205	8.65461	0	    2	0	0
1.892	8.90114	0	    2	0	0
0.951209	9.05015	0	    2	0	0
0	9.1	0	    2	0	0
-9.1	0	0	    2	0	0
-9.05015	0.951209	0	    2	0	0
-8.90114	1.892	0	    2	0	0
-8.65461	2.81205	0	    2	0	0
-8.31326	3.7013	0	    2	0	0
-7.88083	4.55	0	    2	0	0
-7.36205	5.34885	0	    2	0	0
-6.76262	6.08909	0	    2	0	0
-6.08909	6.76262	0	    2	0	0
-5.34885	7.36205	0	    2	0	0
-4.55	7.88083	0	    2	0	0
-3.7013	8.31326	0	    2	0	0
-2.81205	8.65461	0	    2	0	0
-1.892	8.90114	0	    2	0	0
-0.951209	9.05015	0	    2	0	0
-9.05015	-0.951209	0	    2	0	0
-8.90114	-1.892	0	    2	0	0
-8.65461	-2.81205	0	    2	0	0
-8.31326	-3.7013	0	    2	0	0
-7.88083	-4.55	0	    2	0	0
-7.36205	-5.34885	0	    2	0	0
-6.76262	-6.08909	0	    2	0	0
-6.08909	-6.76262	0	    2	0	0
-5.34885	-7.36205	0	    2	0	0
-4.55	-7.88083	0	    2	0	0
-3.7013	-8.31326	0	    2	0	0
-2.81205	-8.65461	0	    2	0	0
-1.892	-8.90114	0	    2	0	0
-0.951209	-9.05015	0	    2	0	0
-0	-9.1	0	    2	0	0
9.05015	-0.951209	0	    2	0	0
8.90114	-1.892	0	    2	0	0
8.65461	-2.81205	0	    2	0	0
8.31326	-3.7013	0	    2	0	0
7.88083	-4.55	0	    2	0	0
7.36205	-5.34885	0	    2	0	0
6.76262	-6.08909	0	    2	0	0
6.08909	-6.76262	0	    2	0	0
5.34885	-7.36205	0	    2	0	0
4.55	-7.88083	0	    2	0	0
3.7013	-8.31326	0	    2	0	0
2.81205	-8.65461	0	    2	0	0
1.892	-8.90114	0	    2	0	0
0.951209	-9.05015	0	    2	0	0
8.2	0	0	    2	0	0
8.14844	0.918109	0	    2	0	0
7.99441	1.82467	0	    2	0	0
7.73984	2.70829	0	    2	0	0
7.38794	3.55785	0	    2	0	0
6.94314	4.36266	0	    2	0	0
6.41102	5.11262	0	    2	0	0
5.79828	5.79828	0	    2	0	0
5.11262	6.41102	0	    2	0	0
4.36266	6.94314	0	    2	0	0
3.55785	7.38794	0	    2	0	0
2.70829	7.73984	0	    2	0	0
1.82467	7.99441	0	    2	0	0
0.918109	8.14844	0	    2	0	0
0	8.2	0	    2	0	0
-8.2	0	0	    2	0	0
-8.14844	0.918109	0	    2	0	0
-7.99441	1.82467	0	    2	0	0
-7.73984	2.70829	0	    2	0	0
-7.38794	3.55785	0	    2	0	0
-6.94314	4.36266	0	    2	0	0
-6.41102	5.11262	0	    2	0	0
-5.79828	5.79828	0	    2	0	0
-5.11262	6.41102	0	    2	0	0
-4.36266	6.94314	0	    2	0	0
-3.55785	7.38794	0	    2	0	0
-2.70829	7.73984	0	    2	0	0
-1.82467	7.99441	0	    2	0	0
-0.918109	8.14844	0	    2	0	0
-8.14844	-0.918109	0	    2	0	0
-7.99441	-1.82467	0	    2	0	0
-7.73984	-2.70829	0	    2	0	0
-7.38794	-3.55785	0	    2	0	0
-6.94314	-4.36266	0	    2	0	0
-6.41102	-5.11262	0	    2	0	0
-5.79828	-5.79828	0	    2	0	0
-5.11262	-6.41102	0	    2	0	0
-4.36266	-6.94314	0	    2	0	0
-3.55785	-7.38794	0	    2	0	0
-2.70829	-7.73984	0	    2	0	0
-1.82467	-7.99441	0	    2	0	0
-0.918109	-8.14844	0	    2	0	0
-0	-8.2	0	    2	0	0
8.14844	-0.918109	0	    2	0	0
7.99441	-1.82467	0	    2	0	0
7.73984	-2.70829	0	    2	0	0
7.38794	-3.55785	0	    2	0	0
6.94314	-4.36266	0	    2	0	0
6.41102	-5.11262	0	    2	0	0
5.79828	-5.79828	0	    2	0	0
5.11262	-6.41102	0	    2	0	0
4.36266	-6.94314	0	    2	0	0
3.55785	-7.38794	0	    2	0	0
2.70829	-7.73984	0	    2	0	0
1.82467	-7.99441	0	    2	0	0
0.918109	-8.14844	0	    2	0	0
7.3	0	0	    2	0	0
7.23755	0.952841	0	    2	0	0
7.05126	1.88938	0	    2	0	0
6.74432	2.79359	0	    2	0	0
6.32199	3.65	0	    2	0	0
5.79148	4.44396	0	    2	0	0
5.16188	5.16188	0	    2	0	0
4.44396	5.79148	0	    2	0	0
3.65	6.32199	0	    2	0	0
2.79359	6.74432	0	    2	0	0
1.88938	7.05126	0	    2	0	0
0.952841	7.23755	0	    2	0	0
0	7.3	0	    2	0	0
-7.3	0	0	    2	0	0
-7.23755	0.952841	0	    2	0	0
-7.05126	1.88938	0	    2	0	0
-6.74432	2.79359	0	    2	0	0
-6.32199	3.65	0	    2	0	0
-5.79148	4.44396	0	    2	0	0
-5.16188	5.16188	0	    2	0	0
-4.44396	5.79148	0	    2	0	0
-3.65	6.32199	0	    2	0	0
-2.79359	6.74432	0	    2	0	0
-1.88938	7.05126	0	    2	0	0
-0.952841	7.23755	0	    2	0	0
-7.23755	-0.952841	0	    2	0	0
-7.05126	-1.88938	0	    2	0	0
-6.74432	-2.79359	0	    2	0	0
-6.32199	-3.65	0	    2	0	0
-5.79148	-4.44396	0	    2	0	0
-5.16188	-5.16188	0	    2	0	0
-4.44396	-5.79148	0	    2	0	0
-3.65	-6.32199	0	    2	0	0
-2.79359	-6.74432	0	    2	0	0
-1.88938	-7.05126	0	    2	0	0
-0.952841	-7.23755	0	    2	0	0
-0	-7.3	0	    2	0	0
7.23755	-0.952841	0	    2	0	0
7.05126	-1.88938	0	    2	0	0
6.74432	-2.79359	0	    2	0	0
6.32199	-3.65	0	    2	0	0
5.79148	-4.44396	0	    2	0	0
5.16188	-5.16188	0	    2	0	0
4.44396	-5.79148	0	    2	0	0
3.65	-6.32199	0	    2	0	0
2.79359	-6.74432	0	    2	0	0
1.88938	-7.05126	0	    2	0	0
0.952841	-7.23755	0	    2	0	0
6.4	0	0	    2	0	0
6.33486	0.910815	0	    2	0	0
6.14076	1.80309	0	    2	0	0
5.82164	2.65866	0	    2	0	0
5.38402	3.4601	0	    2	0	0
4.8368	4.19111	0	    2	0	0
4.19111	4.8368	0	    2	0	0
3.4601	5.38402	0	    2	0	0
2.65866	5.82164	0	    2	0	0
1.80309	6.14076	0	    2	0	0
0.910815	6.33486	0	    2	0	0
0	6.4	0	    2	0	0
-6.4	0	0	    2	0	0
-6.33486	0.910815	0	    2	0	0
-6.14076	1.80309	0	    2	0	0
-5.82164	2.65866	0	    2	0	0
-5.38402	3.4601	0	    2	0	0
-4.8368	4.19111	0	    2	0	0
-4.19111	4.8368	0	    2	0	0
-3.4601	5.38402	0	    2	0	0
-2.65866	5.82164	0	    2	0	0
-1.80309	6.14076	0	    2	0	0
-0.910815	6.33486	0	    2	0	0
-6.33486	-0.910815	0	    2	0	0
-6.14076	-1.80309	0	    2	0	0
-5.82164	-2.65866	0	    2	0	0
-5.38402	-3.4601	0	    2	0	0
-4.8368	-4.19111	0	    2	0	0
-4.19111	-4.8368	0	    2	0	0
-3.4601	-5.38402	0	    2	0	0
-2.65866	-5.82164	0	    2	0	0
-1.80309	-6.14076	0	    2	0	0
-0.910815	-6.33486	0	    2	0	0
-0	-6.4	0	    2	0	0
6.33486	-0.910815	0	    2	0	0
6.14076	-1.80309	0	    2	0	0
5.82164	-2.65866	0	    2	0	0
5.38402	-3.4601	0	    2	0	0
4.8368	-4.19111	0	    2	0	0
4.19111	-4.8368	0	    2	0	0
3.4601	-5.38402	0	    2	0	0
2.65866	-5.82164	0	    2	0	0
1.80309	-6.14076	0	    2	0	0
0.910815	-6.33486	0	    2	0	0
5.5	0	0	    2	0	0
5.41644	0.955065	0	    2	0	0
5.16831	1.88111	0	    2	0	0
4.76314	2.75	0	    2	0	0
4.21324	3.53533	0	    2	0	0
3.53533	4.21324	0	    2	0	0
2.75	4.76314	0	    2	0	0
1.88111	5.16831	0	    2	0	0
0.955065	5.41644	0	    2	0	0
0	5.5	0	    2	0	0
-5.5	0	0	    2	0	0
-5.41644	0.955065	0	    2	0	0
-5.16831	1.88111	0	    2	0	0
-4.76314	2.75	0	    2	0	0
-4.21324	3.53533	0	    2	0	0
-3.53533	4.21324	0	    2	0	0
-2.75	4.76314	0	    2	0	0
-1.88111	5.16831	0	    2	0	0
-0.955065	5.41644	0	    2	0	0
-5.41644	-0.955065	0	    2	0	0
-5.16831	-1.88111	0	    2	0	0
-4.76314	-2.75	0	    2	0	0
-4.21324	-3.53533	0	    2	0	0
-3.53533	-4.21324	0	    2	0	0
-2.75	-4.76314	0	    2	0	0
-1.88111	-5.16831	0	    2	0	0
-0.955065	-5.41644	0	    2	0	0
-0	-5.5	0	    2	0	0
5.41644	-0.955065	0	    2	0	0
5.16831	-1.88111	0	    2	0	0
4.76314	-2.75	0	    2	0	0
4.21324	-3.53533	0	    2	0	0
3.53533	-4.21324	0	    2	0	0
2.75	-4.76314	0	    2	0	0
1.88111	-5.16831	0	    2	0	0
0.955065	-5.41644	0	    2	0	0
4.6	0	0	    2	0	0
4.51161	0.897416	0	    2	0	0
4.24985	1.76034	0	    2	0	0
3.82476	2.55562	0	    2	0	0
3.25269	3.25269	0	    2	0	0
2.55562	3.82476	0	    2	0	0
1.76034	4.24985	0	    2	0	0
0.897416	4.51161	0	    2	0	0
0	4.6	0	    2	0	0
-4.6	0	0	    2	0	0
-4.51161	0.897416	0	    2	0	0
-4.24985	1.76034	0	    2	0	0
-3.82476	2.55562	0	    2	0	0
-3.25269	3.25269	0	    2	0	0
-2.55562	3.82476	0	    2	0	0
-1.76034	4.24985	0	    2	0	0
-0.897416	4.51161	0	    2	0	0
-4.51161	-0.897416	0	    2	0	0
-4.24985	-1.76034	0	    2	0	0
-3.82476	-2.55562	0	    2	0	0
-3.25269	-3.25269	0	    2	0	0
-2.55562	-3.82476	0	    2	0	0
-1.76034	-4.24985	0	    2	0	0
-0.897416	-4.51161	0	    2	0	0
-0	-4.6	0	    2	0	0
4.51161	-0.897416	0	    2	0	0
4.24985	-1.76034	0	    2	0	0
3.82476	-2.55562	0	    2	0	0
3.25269	-3.25269	0	    2	0	0
2.55562	-3.82476	0	    2	0	0
1.76034	-4.24985	0	    2	0	0
0.897416	-4.51161	0	    2	0	0
3.7	0	0	    2	0	0
3.57393	0.957631	0	    2	0	0
3.20429	1.85	0	    2	0	0
2.6163	2.6163	0	    2	0	0
1.85	3.20429	0	    2	0	0
0.957631	3.57393	0	    2	0	0
0	3.7	0	    2	0	0
-3.7	0	0	    2	0	0
-3.57393	0.957631	0	    2	0	0
-3.20429	1.85	0	    2	0	0
-2.6163	2.6163	0	    2	0	0
-1.85	3.20429	0	    2	0	0
-0.957631	3.57393	0	    2	0	0
-3.57393	-0.957631	0	    2	0	0
-3.20429	-1.85	0	    2	0	0
-2.6163	-2.6163	0	    2	0	0
-1.85	-3.20429	0	    2	0	0
-0.957631	-3.57393	0	    2	0	0
-0	-3.7	0	    2	0	0
3.57393	-0.957631	0	    2	0	0
3.20429	-1.85	0	    2	0	0
2.6163	-2.6163	0	    2	0	0
1.85	-3.20429	0	    2	0	0
0.957631	-3.57393	0	    2	0	0
2.8	0	0	    2	0	0
2.58687	1.07152	0	    2	0	0
1.97991	1.97991	0	    2	0	0
1.07152	2.58687	0	    2	0	0
0	2.8	0	    2	0	0
-2.8	0	0	    2	0	0
-2.58687	1.07152	0	    2	0	0
-1.97991	1.97991	0	    2	0	0
-1.07152	2.58687	0	    2	0	0
-2.58687	-1.07152	0	    2	0	0
-1.97991	-1.97991	0	    2	0	0
-1.07152	-2.58687	0	    2	0	0
-0	-2.8	0	    2	0	0
2.58687	-1.07152	0	    2	0	0
1.97991	-1.97991	0	    2	0	0
1.07152	-2.58687	0	    2	0	0
1.9	0	0	    2	0	0
1.64547	0.950017	0	    2	0	0
0.950017	1.64547	0	    2	0	0
0	1.9	0	    2	0	0
-1.9	0	0	    2	0	0
-1.64547	0.950017	0	    2	0	0
-0.950017	1.64547	0	    2	0	0
-1.64547	-0.950017	0	    2	0	0
-0.950017	-1.64547	0	    2	0	0
-0	-1.9	0	    2	0	0
1.64547	-0.950017	0	    2	0	0
0.950017	-1.64547	0	    2	0	0
1	0	0	    2	0	0
0	1	0	    2	0	0
-1	0	0	    2	0	0
-0	-1	0	    2	0	0
0	0	0	    2	0	0
-0.817965	-0.817965	0	    2	0	0
-0.817965	0.817965	0	    2	0	0
0.817965	-0.817965	0	    2	0	0
0.817965	0.817965	0	    2	0	0
740
4	104     41     105     5     -7.36205   -5.34885   0    -7.98017   -6.02635   0    -6.76262   -6.08909   0    
4	105     41     42     5     -6.76262   -6.08909   0    -7.98017   -6.02635   0    -7.39009   -6.73696   0    
4	41     104     40     5     -7.98017   -6.02635   0    -7.36205   -5.34885   0    -8.50217   -5.26432   0    
4	105     43     106     5     -6.76262   -6.08909   0    -6.73696   -7.39009   0    -6.08909   -6.76262   0    
4	43     105     42     5     -6.73696   -7.39009   0    -6.76262   -6.08909   0    -7.39009   -6.73696   0    
4	106     43     44     5     -6.08909   -6.76262   0    -6.73696   -7.39009   0    -6.02635   -7.98017   0    
4	104     105     162     5     -7.36205   -5.34885   0    -6.76262   -6.08909   0    -6.41102   -5.11262   0    
4	163     162     105     5     -5.79828   -5.79828   0    -6.41102   -5.11262   0    -6.76262   -6.08909   0    
4	102     39     103     5     -8.31326   -3.7013   0    -8.95163   -4.45738   0    -7.88083   -4.55   0    
4	103     39     40     5     -7.88083   -4.55   0    -8.95163   -4.45738   0    -8.50217   -5.26432   0    
4	39     102     38     5     -8.95163   -4.45738   0    -8.31326   -3.7013   0    -9.32472   -3.61242   0    
4	104     161     103     5     -7.36205   -5.34885   0    -6.94314   -4.36266   0    -7.88083   -4.55   0    
4	103     40     104     5     -7.88083   -4.55   0    -8.50217   -5.26432   0    -7.36205   -5.34885   0    
4	161     162     213     5     -6.94314   -4.36266   0    -6.41102   -5.11262   0    -5.79148   -4.44396   0    
4	102     103     160     5     -8.31326   -3.7013   0    -7.88083   -4.55   0    -7.38794   -3.55785   0    
4	162     161     104     5     -6.41102   -5.11262   0    -6.94314   -4.36266   0    -7.36205   -5.34885   0    
4	161     160     103     5     -6.94314   -4.36266   0    -7.38794   -3.55785   0    -7.88083   -4.55   0    
4	105     106     163     5     -6.76262   -6.08909   0    -6.08909   -6.76262   0    -5.79828   -5.79828   0    
4	44     45     107     5     -6.02635   -7.98017   0    -5.26432   -8.50217   0    -5.34885   -7.36205   0    
4	107     45     108     5     -5.34885   -7.36205   0    -5.26432   -8.50217   0    -4.55   -7.88083   0    
4	164     106     107     5     -5.11262   -6.41102   0    -6.08909   -6.76262   0    -5.34885   -7.36205   0    
4	165     108     166     5     -4.36266   -6.94314   0    -4.55   -7.88083   0    -3.55785   -7.38794   0    
4	46     108     45     5     -4.45738   -8.95163   0    -4.55   -7.88083   0    -5.26432   -8.50217   0    
4	216     215     165     5     -3.65   -6.32199   0    -4.44396   -5.79148   0    -4.36266   -6.94314   0    
4	108     165     107     5     -4.55   -7.88083   0    -4.36266   -6.94314   0    -5.34885   -7.36205   0    
4	107     165     164     5     -5.34885   -7.36205   0    -4.36266   -6.94314   0    -5.11262   -6.41102   0    
4	214     213     162     5     -5.16188   -5.16188   0    -5.79148   -4.44396   0    -6.41102   -5.11262   0    
4	214     163     164     5     -5.16188   -5.16188   0    -5.79828   -5.79828   0    -5.11262   -6.41102   0    
4	213     214     259     5     -5.79148   -4.44396   0    -5.16188   -5.16188   0    -4.8368   -4.19111   0    
4	162     163     214     5     -6.41102   -5.11262   0    -5.79828   -5.79828   0    -5.16188   -5.16188   0    
4	260     214     215     5     -4.19111   -4.8368   0    -5.16188   -5.16188   0    -4.44396   -5.79148   0    
4	215     164     165     5     -4.44396   -5.79148   0    -5.11262   -6.41102   0    -4.36266   -6.94314   0    
4	259     260     298     5     -4.8368   -4.19111   0    -4.19111   -4.8368   0    -4.21324   -3.53533   0    
4	259     214     260     5     -4.8368   -4.19111   0    -5.16188   -5.16188   0    -4.19111   -4.8368   0    
4	260     215     261     5     -4.19111   -4.8368   0    -4.44396   -5.79148   0    -3.4601   -5.38402   0    
4	215     214     164     5     -4.44396   -5.79148   0    -5.16188   -5.16188   0    -5.11262   -6.41102   0    
4	106     164     163     5     -6.08909   -6.76262   0    -5.11262   -6.41102   0    -5.79828   -5.79828   0    
4	161     213     212     5     -6.94314   -4.36266   0    -5.79148   -4.44396   0    -6.32199   -3.65   0    
4	109     108     46     5     -3.7013   -8.31326   0    -4.55   -7.88083   0    -4.45738   -8.95163   0    
4	106     44     107     5     -6.08909   -6.76262   0    -6.02635   -7.98017   0    -5.34885   -7.36205   0    
4	259     258     213     5     -4.8368   -4.19111   0    -5.38402   -3.4601   0    -5.79148   -4.44396   0    
4	100     37     101     5     -8.90114   -1.892   0    -9.61826   -2.73663   0    -8.65461   -2.81205   0    
4	101     37     38     5     -8.65461   -2.81205   0    -9.61826   -2.73663   0    -9.32472   -3.61242   0    
4	37     100     36     5     -9.61826   -2.73663   0    -8.90114   -1.892   0    -9.82973   -1.8375   0    
4	102     159     101     5     -8.31326   -3.7013   0    -7.73984   -2.70829   0    -8.65461   -2.81205   0    
4	101     38     102     5     -8.65461   -2.81205   0    -9.32472   -3.61242   0    -8.31326   -3.7013   0    
4	210     158     159     5     -7.05126   -1.88938   0    -7.99441   -1.82467   0    -7.73984   -2.70829   0    
4	100     101     158     5     -8.90114   -1.892   0    -8.65461   -2.81205   0    -7.99441   -1.82467   0    
4	159     102     160     5     -7.73984   -2.70829   0    -8.31326   -3.7013   0    -7.38794   -3.55785   0    
4	158     101     159     5     -7.99441   -1.82467   0    -8.65461   -2.81205   0    -7.73984   -2.70829   0    
4	35     36     99     5     -9.95734   -0.922684   0    -9.82973   -1.8375   0    -9.05015   -0.951209   0    
4	36     100     99     5     -9.82973   -1.8375   0    -8.90114   -1.892   0    -9.05015   -0.951209   0    
4	84     35     99     5     -9.1   0   0    -9.95734   -0.922684   0    -9.05015   -0.951209   0    
4	157     158     209     5     -8.14844   -0.918109   0    -7.99441   -1.82467   0    -7.23755   -0.952841   0    
4	157     99     100     5     -8.14844   -0.918109   0    -9.05015   -0.951209   0    -8.90114   -1.892   0    
4	210     209     158     5     -7.05126   -1.88938   0    -7.23755   -0.952841   0    -7.99441   -1.82467   0    
4	197     157     209     5     -7.3   0   0    -8.14844   -0.918109   0    -7.23755   -0.952841   0    
4	158     157     100     5     -7.99441   -1.82467   0    -8.14844   -0.918109   0    -8.90114   -1.892   0    
4	157     143     99     5     -8.14844   -0.918109   0    -8.2   0   0    -9.05015   -0.951209   0    
4	159     160     211     5     -7.73984   -2.70829   0    -7.38794   -3.55785   0    -6.74432   -2.79359   0    
4	211     212     257     5     -6.74432   -2.79359   0    -6.32199   -3.65   0    -5.82164   -2.65866   0    
4	212     211     160     5     -6.32199   -3.65   0    -6.74432   -2.79359   0    -7.38794   -3.55785   0    
4	257     212     258     5     -5.82164   -2.65866   0    -6.32199   -3.65   0    -5.38402   -3.4601   0    
4	211     257     256     5     -6.74432   -2.79359   0    -5.82164   -2.65866   0    -6.14076   -1.80309   0    
4	258     298     297     5     -5.38402   -3.4601   0    -4.21324   -3.53533   0    -4.76314   -2.75   0    
4	258     212     213     5     -5.38402   -3.4601   0    -6.32199   -3.65   0    -5.79148   -4.44396   0    
4	330     297     331     5     -4.24985   -1.76034   0    -4.76314   -2.75   0    -3.82476   -2.55562   0    
4	258     297     257     5     -5.38402   -3.4601   0    -4.76314   -2.75   0    -5.82164   -2.65866   0    
4	259     298     258     5     -4.8368   -4.19111   0    -4.21324   -3.53533   0    -5.38402   -3.4601   0    
4	257     297     296     5     -5.82164   -2.65866   0    -4.76314   -2.75   0    -5.16831   -1.88111   0    
4	210     256     255     5     -7.05126   -1.88938   0    -6.14076   -1.80309   0    -6.33486   -0.910815   0    
4	210     211     256     5     -7.05126   -1.88938   0    -6.74432   -2.79359   0    -6.14076   -1.80309   0    
4	255     256     295     5     -6.33486   -0.910815   0    -6.14076   -1.80309   0    -5.41644   -0.955065   0    
4	210     255     209     5     -7.05126   -1.88938   0    -6.33486   -0.910815   0    -7.23755   -0.952841   0    
4	296     330     329     5     -5.16831   -1.88111   0    -4.24985   -1.76034   0    -4.51161   -0.897416   0    
4	330     296     297     5     -4.24985   -1.76034   0    -5.16831   -1.88111   0    -4.76314   -2.75   0    
4	255     295     286     5     -6.33486   -0.910815   0    -5.41644   -0.955065   0    -5.5   0   0    
4	329     295     296     5     -4.51161   -0.897416   0    -5.41644   -0.955065   0    -5.16831   -1.88111   0    
4	330     357     329     5     -4.24985   -1.76034   0    -3.57393   -0.957631   0    -4.51161   -0.897416   0    
4	296     295     256     5     -5.16831   -1.88111   0    -5.41644   -0.955065   0    -6.14076   -1.80309   0    
4	257     296     256     5     -5.82164   -2.65866   0    -5.16831   -1.88111   0    -6.14076   -1.80309   0    
4	244     209     255     5     -6.4   0   0    -7.23755   -0.952841   0    -6.33486   -0.910815   0    
4	297     298     331     5     -4.76314   -2.75   0    -4.21324   -3.53533   0    -3.82476   -2.55562   0    
4	211     210     159     5     -6.74432   -2.79359   0    -7.05126   -1.88938   0    -7.73984   -2.70829   0    
4	161     212     160     5     -6.94314   -4.36266   0    -6.32199   -3.65   0    -7.38794   -3.55785   0    
4	295     329     321     5     -5.41644   -0.955065   0    -4.51161   -0.897416   0    -4.6   0   0    
4	260     299     298     5     -4.19111   -4.8368   0    -3.53533   -4.21324   0    -4.21324   -3.53533   0    
4	109     47     110     5     -3.7013   -8.31326   0    -3.61242   -9.32472   0    -2.81205   -8.65461   0    
4	47     109     46     5     -3.61242   -9.32472   0    -3.7013   -8.31326   0    -4.45738   -8.95163   0    
4	110     47     48     5     -2.81205   -8.65461   0    -3.61242   -9.32472   0    -2.73663   -9.61826   0    
4	167     109     110     5     -2.70829   -7.73984   0    -3.7013   -8.31326   0    -2.81205   -8.65461   0    
4	48     49     111     5     -2.73663   -9.61826   0    -1.8375   -9.82973   0    -1.892   -8.90114   0    
4	111     168     110     5     -1.892   -8.90114   0    -1.82467   -7.99441   0    -2.81205   -8.65461   0    
4	48     111     110     5     -2.73663   -9.61826   0    -1.892   -8.90114   0    -2.81205   -8.65461   0    
4	168     167     110     5     -1.82467   -7.99441   0    -2.70829   -7.73984   0    -2.81205   -8.65461   0    
4	216     166     217     5     -3.65   -6.32199   0    -3.55785   -7.38794   0    -2.79359   -6.74432   0    
4	216     165     166     5     -3.65   -6.32199   0    -4.36266   -6.94314   0    -3.55785   -7.38794   0    
4	217     166     167     5     -2.79359   -6.74432   0    -3.55785   -7.38794   0    -2.70829   -7.73984   0    
4	216     217     262     5     -3.65   -6.32199   0    -2.79359   -6.74432   0    -2.65866   -5.82164   0    
4	217     263     262     5     -2.79359   -6.74432   0    -1.80309   -6.14076   0    -2.65866   -5.82164   0    
4	168     218     167     5     -1.82467   -7.99441   0    -1.88938   -7.05126   0    -2.70829   -7.73984   0    
4	263     217     218     5     -1.80309   -6.14076   0    -2.79359   -6.74432   0    -1.88938   -7.05126   0    
4	218     217     167     5     -1.88938   -7.05126   0    -2.79359   -6.74432   0    -2.70829   -7.73984   0    
4	166     109     167     5     -3.55785   -7.38794   0    -3.7013   -8.31326   0    -2.70829   -7.73984   0    
4	216     262     261     5     -3.65   -6.32199   0    -2.65866   -5.82164   0    -3.4601   -5.38402   0    
4	111     49     112     5     -1.892   -8.90114   0    -1.8375   -9.82973   0    -0.951209   -9.05015   0    
4	215     216     261     5     -4.44396   -5.79148   0    -3.65   -6.32199   0    -3.4601   -5.38402   0    
4	169     112     170     5     -0.918109   -8.14844   0    -0.951209   -9.05015   0    -0   -8.2   0    
4	169     111     112     5     -0.918109   -8.14844   0    -1.892   -8.90114   0    -0.951209   -9.05015   0    
4	113     112     50     5     -0   -9.1   0    -0.951209   -9.05015   0    -0.922684   -9.95734   0    
4	169     168     111     5     -0.918109   -8.14844   0    -1.82467   -7.99441   0    -1.892   -8.90114   0    
4	51     113     50     5     -0   -10   0    -0   -9.1   0    -0.922684   -9.95734   0    
4	113     51     67     5     -0   -9.1   0    -0   -10   0    0.922684   -9.95734   0    
4	170     113     127     5     -0   -8.2   0    -0   -9.1   0    0.951209   -9.05015   0    
4	113     170     112     5     -0   -9.1   0    -0   -8.2   0    -0.951209   -9.05015   0    
4	169     170     220     5     -0.918109   -8.14844   0    -0   -8.2   0    -0   -7.3   0    
4	264     218     219     5     -0.910815   -6.33486   0    -1.88938   -7.05126   0    -0.952841   -7.23755   0    
4	168     169     219     5     -1.82467   -7.99441   0    -0.918109   -8.14844   0    -0.952841   -7.23755   0    
4	218     264     263     5     -1.88938   -7.05126   0    -0.910815   -6.33486   0    -1.80309   -6.14076   0    
4	219     218     168     5     -0.952841   -7.23755   0    -1.88938   -7.05126   0    -1.82467   -7.99441   0    
4	265     264     219     5     -0   -6.4   0    -0.910815   -6.33486   0    -0.952841   -7.23755   0    
4	265     220     231     5     -0   -6.4   0    -0   -7.3   0    0.952841   -7.23755   0    
4	263     264     302     5     -1.80309   -6.14076   0    -0.910815   -6.33486   0    -0.955065   -5.41644   0    
4	303     264     265     5     -0   -5.5   0    -0.910815   -6.33486   0    -0   -6.4   0    
4	265     275     303     5     -0   -6.4   0    0.910815   -6.33486   0    -0   -5.5   0    
4	265     219     220     5     -0   -6.4   0    -0.952841   -7.23755   0    -0   -7.3   0    
4	169     220     219     5     -0.918109   -8.14844   0    -0   -7.3   0    -0.952841   -7.23755   0    
4	262     263     301     5     -2.65866   -5.82164   0    -1.80309   -6.14076   0    -1.88111   -5.16831   0    
4	170     183     220     5     -0   -8.2   0    0.918109   -8.14844   0    -0   -7.3   0    
4	112     49     50     5     -0.951209   -9.05015   0    -1.8375   -9.82973   0    -0.922684   -9.95734   0    
4	303     302     264     5     -0   -5.5   0    -0.955065   -5.41644   0    -0.910815   -6.33486   0    
4	332     299     333     5     -3.25269   -3.25269   0    -3.53533   -4.21324   0    -2.55562   -3.82476   0    
4	298     299     332     5     -4.21324   -3.53533   0    -3.53533   -4.21324   0    -3.25269   -3.25269   0    
4	300     299     261     5     -2.75   -4.76314   0    -3.53533   -4.21324   0    -3.4601   -5.38402   0    
4	332     331     298     5     -3.25269   -3.25269   0    -3.82476   -2.55562   0    -4.21324   -3.53533   0    
4	333     300     334     5     -2.55562   -3.82476   0    -2.75   -4.76314   0    -1.76034   -4.24985   0    
4	300     261     262     5     -2.75   -4.76314   0    -3.4601   -5.38402   0    -2.65866   -5.82164   0    
4	360     359     333     5     -1.85   -3.20429   0    -2.6163   -2.6163   0    -2.55562   -3.82476   0    
4	300     333     299     5     -2.75   -4.76314   0    -2.55562   -3.82476   0    -3.53533   -4.21324   0    
4	301     300     262     5     -1.88111   -5.16831   0    -2.75   -4.76314   0    -2.65866   -5.82164   0    
4	332     333     359     5     -3.25269   -3.25269   0    -2.55562   -3.82476   0    -2.6163   -2.6163   0    
4	358     357     330     5     -3.20429   -1.85   0    -3.57393   -0.957631   0    -4.24985   -1.76034   0    
4	358     331     359     5     -3.20429   -1.85   0    -3.82476   -2.55562   0    -2.6163   -2.6163   0    
4	357     358     377     5     -3.57393   -0.957631   0    -3.20429   -1.85   0    -2.58687   -1.07152   0    
4	358     330     331     5     -3.20429   -1.85   0    -4.24985   -1.76034   0    -3.82476   -2.55562   0    
4	378     377     358     5     -1.97991   -1.97991   0    -2.58687   -1.07152   0    -3.20429   -1.85   0    
4	360     378     359     5     -1.85   -3.20429   0    -1.97991   -1.97991   0    -2.6163   -2.6163   0    
4	377     378     391     5     -2.58687   -1.07152   0    -1.97991   -1.97991   0    -1.64547   -0.950017   0    
4	378     358     359     5     -1.97991   -1.97991   0    -3.20429   -1.85   0    -2.6163   -2.6163   0    
4	331     332     359     5     -3.82476   -2.55562   0    -3.25269   -3.25269   0    -2.6163   -2.6163   0    
4	373     357     377     5     -2.8   0   0    -3.57393   -0.957631   0    -2.58687   -1.07152   0    
4	334     300     301     5     -1.76034   -4.24985   0    -2.75   -4.76314   0    -1.88111   -5.16831   0    
4	260     261     299     5     -4.19111   -4.8368   0    -3.4601   -5.38402   0    -3.53533   -4.21324   0    
4	361     334     335     5     -0.957631   -3.57393   0    -1.76034   -4.24985   0    -0.897416   -4.51161   0    
4	335     301     302     5     -0.897416   -4.51161   0    -1.88111   -5.16831   0    -0.955065   -5.41644   0    
4	334     301     335     5     -1.76034   -4.24985   0    -1.88111   -5.16831   0    -0.897416   -4.51161   0    
4	334     361     360     5     -1.76034   -4.24985   0    -0.957631   -3.57393   0    -1.85   -3.20429   0    
4	335     336     362     5     -0.897416   -4.51161   0    -0   -4.6   0    -0   -3.7   0    
4	336     335     302     5     -0   -4.6   0    -0.897416   -4.51161   0    -0.955065   -5.41644   0    
4	362     336     343     5     -0   -3.7   0    -0   -4.6   0    0.897416   -4.51161   0    
4	335     362     361     5     -0.897416   -4.51161   0    -0   -3.7   0    -0.957631   -3.57393   0    
4	302     303     336     5     -0.955065   -5.41644   0    -0   -5.5   0    -0   -4.6   0    
4	361     362     380     5     -0.957631   -3.57393   0    -0   -3.7   0    -0   -2.8   0    
4	392     378     379     5     -0.950017   -1.64547   0    -1.97991   -1.97991   0    -1.07152   -2.58687   0    
4	360     361     379     5     -1.85   -3.20429   0    -0.957631   -3.57393   0    -1.07152   -2.58687   0    
4	378     392     391     5     -1.97991   -1.97991   0    -0.950017   -1.64547   0    -1.64547   -0.950017   0    
4	379     378     360     5     -1.07152   -2.58687   0    -1.97991   -1.97991   0    -1.85   -3.20429   0    
4	393     392     379     5     -0   -1.9   0    -0.950017   -1.64547   0    -1.07152   -2.58687   0    
4	393     380     383     5     -0   -1.9   0    -0   -2.8   0    1.07152   -2.58687   0    
4	399     401     392     5     -0   -1   0    -0.817965   -0.817965   0    -0.950017   -1.64547   0    
4	399     392     393     5     -0   -1   0    -0.950017   -1.64547   0    -0   -1.9   0    
4	393     395     399     5     -0   -1.9   0    0.950017   -1.64547   0    -0   -1   0    
4	393     379     380     5     -0   -1.9   0    -1.07152   -2.58687   0    -0   -2.8   0    
4	361     380     379     5     -0.957631   -3.57393   0    -0   -2.8   0    -1.07152   -2.58687   0    
4	391     401     398     5     -1.64547   -0.950017   0    -0.817965   -0.817965   0    -1   0   0    
4	362     367     380     5     -0   -3.7   0    0.957631   -3.57393   0    -0   -2.8   0    
4	334     360     333     5     -1.76034   -4.24985   0    -1.85   -3.20429   0    -2.55562   -3.82476   0    
4	263     302     301     5     -1.80309   -6.14076   0    -0.955065   -5.41644   0    -1.88111   -5.16831   0    
4	329     357     351     5     -4.51161   -0.897416   0    -3.57393   -0.957631   0    -3.7   0   0    
4	303     311     336     5     -0   -5.5   0    0.955065   -5.41644   0    -0   -4.6   0    
4	108     109     166     5     -4.55   -7.88083   0    -3.7013   -8.31326   0    -3.55785   -7.38794   0    
4	391     388     377     5     -1.64547   -0.950017   0    -1.9   0   0    -2.58687   -1.07152   0    
4	18     84     19     5     -10   0   0    -9.1   0   0    -9.95734   0.922684   0    
4	84     18     35     5     -9.1   0   0    -10   0   0    -9.95734   -0.922684   0    
4	19     84     85     5     -9.95734   0.922684   0    -9.1   0   0    -9.05015   0.951209   0    
4	392     401     391     5     -0.950017   -1.64547   0    -0.817965   -0.817965   0    -1.64547   -0.950017   0    
4	85     143     144     5     -9.05015   0.951209   0    -8.2   0   0    -8.14844   0.918109   0    
4	143     85     84     5     -8.2   0   0    -9.05015   0.951209   0    -9.1   0   0    
4	198     145     144     5     -7.23755   0.952841   0    -7.99441   1.82467   0    -8.14844   0.918109   0    
4	85     144     86     5     -9.05015   0.951209   0    -8.14844   0.918109   0    -8.90114   1.892   0    
4	84     99     143     5     -9.1   0   0    -9.05015   -0.951209   0    -8.2   0   0    
4	19     85     20     5     -9.95734   0.922684   0    -9.05015   0.951209   0    -9.82973   1.8375   0    
4	20     86     21     5     -9.82973   1.8375   0    -8.90114   1.892   0    -9.61826   2.73663   0    
4	20     85     86     5     -9.82973   1.8375   0    -9.05015   0.951209   0    -8.90114   1.892   0    
4	21     86     87     5     -9.61826   2.73663   0    -8.90114   1.892   0    -8.65461   2.81205   0    
4	389     402     390     5     -1.64547   0.950017   0    -0.817965   0.817965   0    -0.950017   1.64547   0    
4	87     145     146     5     -8.65461   2.81205   0    -7.99441   1.82467   0    -7.73984   2.70829   0    
4	145     87     86     5     -7.99441   1.82467   0    -8.65461   2.81205   0    -8.90114   1.892   0    
4	199     146     145     5     -7.05126   1.88938   0    -7.73984   2.70829   0    -7.99441   1.82467   0    
4	88     87     146     5     -8.31326   3.7013   0    -8.65461   2.81205   0    -7.73984   2.70829   0    
4	144     145     86     5     -8.14844   0.918109   0    -7.99441   1.82467   0    -8.90114   1.892   0    
4	21     87     22     5     -9.61826   2.73663   0    -8.65461   2.81205   0    -9.32472   3.61242   0    
4	144     143     197     5     -8.14844   0.918109   0    -8.2   0   0    -7.3   0   0    
4	400     401     399     5     0   0   0    -0.817965   -0.817965   0    -0   -1   0    
4	197     244     198     5     -7.3   0   0    -6.4   0   0    -7.23755   0.952841   0    
4	244     197     209     5     -6.4   0   0    -7.3   0   0    -7.23755   -0.952841   0    
4	198     244     245     5     -7.23755   0.952841   0    -6.4   0   0    -6.33486   0.910815   0    
4	197     198     144     5     -7.3   0   0    -7.23755   0.952841   0    -8.14844   0.918109   0    
4	287     245     286     5     -5.41644   0.955065   0    -6.33486   0.910815   0    -5.5   0   0    
4	286     245     244     5     -5.5   0   0    -6.33486   0.910815   0    -6.4   0   0    
4	321     286     295     5     -4.6   0   0    -5.5   0   0    -5.41644   -0.955065   0    
4	287     286     321     5     -5.41644   0.955065   0    -5.5   0   0    -4.6   0   0    
4	244     255     286     5     -6.4   0   0    -6.33486   -0.910815   0    -5.5   0   0    
4	198     245     199     5     -7.23755   0.952841   0    -6.33486   0.910815   0    -7.05126   1.88938   0    
4	199     246     200     5     -7.05126   1.88938   0    -6.14076   1.80309   0    -6.74432   2.79359   0    
4	199     245     246     5     -7.05126   1.88938   0    -6.33486   0.910815   0    -6.14076   1.80309   0    
4	200     246     247     5     -6.74432   2.79359   0    -6.14076   1.80309   0    -5.82164   2.65866   0    
4	199     200     146     5     -7.05126   1.88938   0    -6.74432   2.79359   0    -7.73984   2.70829   0    
4	288     247     246     5     -5.16831   1.88111   0    -5.82164   2.65866   0    -6.14076   1.80309   0    
4	288     287     322     5     -5.16831   1.88111   0    -5.41644   0.955065   0    -4.51161   0.897416   0    
4	200     247     201     5     -6.74432   2.79359   0    -5.82164   2.65866   0    -6.32199   3.65   0    
4	289     247     288     5     -4.76314   2.75   0    -5.82164   2.65866   0    -5.16831   1.88111   0    
4	288     323     289     5     -5.16831   1.88111   0    -4.24985   1.76034   0    -4.76314   2.75   0    
4	288     246     287     5     -5.16831   1.88111   0    -6.14076   1.80309   0    -5.41644   0.955065   0    
4	245     287     246     5     -6.33486   0.910815   0    -5.41644   0.955065   0    -6.14076   1.80309   0    
4	248     247     289     5     -5.38402   3.4601   0    -5.82164   2.65866   0    -4.76314   2.75   0    
4	290     248     289     5     -4.21324   3.53533   0    -5.38402   3.4601   0    -4.76314   2.75   0    
4	198     199     145     5     -7.23755   0.952841   0    -7.05126   1.88938   0    -7.99441   1.82467   0    
4	143     157     197     5     -8.2   0   0    -8.14844   -0.918109   0    -7.3   0   0    
4	147     146     200     5     -7.38794   3.55785   0    -7.73984   2.70829   0    -6.74432   2.79359   0    
4	22     88     23     5     -9.32472   3.61242   0    -8.31326   3.7013   0    -8.95163   4.45738   0    
4	22     87     88     5     -9.32472   3.61242   0    -8.65461   2.81205   0    -8.31326   3.7013   0    
4	23     88     89     5     -8.95163   4.45738   0    -8.31326   3.7013   0    -7.88083   4.55   0    
4	394     403     395     5     1.64547   -0.950017   0    0.817965   -0.817965   0    0.950017   -1.64547   0    
4	89     147     148     5     -7.88083   4.55   0    -7.38794   3.55785   0    -6.94314   4.36266   0    
4	147     89     88     5     -7.38794   3.55785   0    -7.88083   4.55   0    -8.31326   3.7013   0    
4	148     147     201     5     -6.94314   4.36266   0    -7.38794   3.55785   0    -6.32199   3.65   0    
4	89     148     90     5     -7.88083   4.55   0    -6.94314   4.36266   0    -7.36205   5.34885   0    
4	147     88     146     5     -7.38794   3.55785   0    -8.31326   3.7013   0    -7.73984   2.70829   0    
4	23     89     24     5     -8.95163   4.45738   0    -7.88083   4.55   0    -8.50217   5.26432   0    
4	25     91     26     5     -7.98017   6.02635   0    -6.76262   6.08909   0    -7.39009   6.73696   0    
4	90     25     24     5     -7.36205   5.34885   0    -7.98017   6.02635   0    -8.50217   5.26432   0    
4	400     404     397     5     0   0   0    0.817965   0.817965   0    0   1   0    
4	386     404     385     5     0.950017   1.64547   0    0.817965   0.817965   0    1.64547   0.950017   0    
4	91     27     26     5     -6.76262   6.08909   0    -6.73696   7.39009   0    -7.39009   6.73696   0    
4	149     91     90     5     -6.41102   5.11262   0    -6.76262   6.08909   0    -7.36205   5.34885   0    
4	27     91     92     5     -6.73696   7.39009   0    -6.76262   6.08909   0    -6.08909   6.76262   0    
4	91     25     90     5     -6.76262   6.08909   0    -7.98017   6.02635   0    -7.36205   5.34885   0    
4	24     89     90     5     -8.50217   5.26432   0    -7.88083   4.55   0    -7.36205   5.34885   0    
4	90     148     149     5     -7.36205   5.34885   0    -6.94314   4.36266   0    -6.41102   5.11262   0    
4	400     403     396     5     0   0   0    0.817965   -0.817965   0    1   0   0    
4	148     202     149     5     -6.94314   4.36266   0    -5.79148   4.44396   0    -6.41102   5.11262   0    
4	202     148     201     5     -5.79148   4.44396   0    -6.94314   4.36266   0    -6.32199   3.65   0    
4	202     201     248     5     -5.79148   4.44396   0    -6.32199   3.65   0    -5.38402   3.4601   0    
4	149     202     203     5     -6.41102   5.11262   0    -5.79148   4.44396   0    -5.16188   5.16188   0    
4	249     203     202     5     -4.8368   4.19111   0    -5.16188   5.16188   0    -5.79148   4.44396   0    
4	290     249     248     5     -4.21324   3.53533   0    -4.8368   4.19111   0    -5.38402   3.4601   0    
4	151     203     204     5     -5.11262   6.41102   0    -5.16188   5.16188   0    -4.44396   5.79148   0    
4	249     202     248     5     -4.8368   4.19111   0    -5.79148   4.44396   0    -5.38402   3.4601   0    
4	147     200     201     5     -7.38794   3.55785   0    -6.74432   2.79359   0    -6.32199   3.65   0    
4	149     203     150     5     -6.41102   5.11262   0    -5.16188   5.16188   0    -5.79828   5.79828   0    
4	28     92     93     5     -6.02635   7.98017   0    -6.08909   6.76262   0    -5.34885   7.36205   0    
4	92     91     150     5     -6.08909   6.76262   0    -6.76262   6.08909   0    -5.79828   5.79828   0    
4	151     92     150     5     -5.11262   6.41102   0    -6.08909   6.76262   0    -5.79828   5.79828   0    
4	28     27     92     5     -6.02635   7.98017   0    -6.73696   7.39009   0    -6.08909   6.76262   0    
4	94     93     152     5     -4.55   7.88083   0    -5.34885   7.36205   0    -4.36266   6.94314   0    
4	151     93     92     5     -5.11262   6.41102   0    -5.34885   7.36205   0    -6.08909   6.76262   0    
4	29     94     30     5     -5.26432   8.50217   0    -4.55   7.88083   0    -4.45738   8.95163   0    
4	94     29     93     5     -4.55   7.88083   0    -5.26432   8.50217   0    -5.34885   7.36205   0    
4	152     93     151     5     -4.36266   6.94314   0    -5.34885   7.36205   0    -5.11262   6.41102   0    
4	93     29     28     5     -5.34885   7.36205   0    -5.26432   8.50217   0    -6.02635   7.98017   0    
4	150     203     151     5     -5.79828   5.79828   0    -5.16188   5.16188   0    -5.11262   6.41102   0    
4	249     250     203     5     -4.8368   4.19111   0    -4.19111   4.8368   0    -5.16188   5.16188   0    
4	91     149     150     5     -6.76262   6.08909   0    -6.41102   5.11262   0    -5.79828   5.79828   0    
4	248     201     247     5     -5.38402   3.4601   0    -6.32199   3.65   0    -5.82164   2.65866   0    
4	321     322     287     5     -4.6   0   0    -4.51161   0.897416   0    -5.41644   0.955065   0    
4	400     402     398     5     0   0   0    -0.817965   0.817965   0    -1   0   0    
4	323     322     352     5     -4.24985   1.76034   0    -4.51161   0.897416   0    -3.57393   0.957631   0    
4	351     322     321     5     -3.7   0   0    -4.51161   0.897416   0    -4.6   0   0    
4	352     322     351     5     -3.57393   0.957631   0    -4.51161   0.897416   0    -3.7   0   0    
4	324     289     323     5     -3.82476   2.55562   0    -4.76314   2.75   0    -4.24985   1.76034   0    
4	353     352     374     5     -3.20429   1.85   0    -3.57393   0.957631   0    -2.58687   1.07152   0    
4	373     352     351     5     -2.8   0   0    -3.57393   0.957631   0    -3.7   0   0    
4	353     354     324     5     -3.20429   1.85   0    -2.6163   2.6163   0    -3.82476   2.55562   0    
4	352     353     323     5     -3.57393   0.957631   0    -3.20429   1.85   0    -4.24985   1.76034   0    
4	351     357     373     5     -3.7   0   0    -3.57393   -0.957631   0    -2.8   0   0    
4	323     353     324     5     -4.24985   1.76034   0    -3.20429   1.85   0    -3.82476   2.55562   0    
4	250     290     291     5     -4.19111   4.8368   0    -4.21324   3.53533   0    -3.53533   4.21324   0    
4	290     289     324     5     -4.21324   3.53533   0    -4.76314   2.75   0    -3.82476   2.55562   0    
4	325     290     324     5     -3.25269   3.25269   0    -4.21324   3.53533   0    -3.82476   2.55562   0    
4	250     249     290     5     -4.19111   4.8368   0    -4.8368   4.19111   0    -4.21324   3.53533   0    
4	292     291     326     5     -2.75   4.76314   0    -3.53533   4.21324   0    -2.55562   3.82476   0    
4	325     291     290     5     -3.25269   3.25269   0    -3.53533   4.21324   0    -4.21324   3.53533   0    
4	325     326     291     5     -3.25269   3.25269   0    -2.55562   3.82476   0    -3.53533   4.21324   0    
4	250     291     251     5     -4.19111   4.8368   0    -3.53533   4.21324   0    -3.4601   5.38402   0    
4	325     324     354     5     -3.25269   3.25269   0    -3.82476   2.55562   0    -2.6163   2.6163   0    
4	251     291     292     5     -3.4601   5.38402   0    -3.53533   4.21324   0    -2.75   4.76314   0    
4	374     352     373     5     -2.58687   1.07152   0    -3.57393   0.957631   0    -2.8   0   0    
4	203     250     204     5     -5.16188   5.16188   0    -4.19111   4.8368   0    -4.44396   5.79148   0    
4	375     374     389     5     -1.97991   1.97991   0    -2.58687   1.07152   0    -1.64547   0.950017   0    
4	388     374     373     5     -1.9   0   0    -2.58687   1.07152   0    -2.8   0   0    
4	389     374     388     5     -1.64547   0.950017   0    -2.58687   1.07152   0    -1.9   0   0    
4	375     354     353     5     -1.97991   1.97991   0    -2.6163   2.6163   0    -3.20429   1.85   0    
4	398     402     389     5     -1   0   0    -0.817965   0.817965   0    -1.64547   0.950017   0    
4	398     389     388     5     -1   0   0    -1.64547   0.950017   0    -1.9   0   0    
4	397     390     402     5     0   1   0    -0.950017   1.64547   0    -0.817965   0.817965   0    
4	389     390     375     5     -1.64547   0.950017   0    -0.950017   1.64547   0    -1.97991   1.97991   0    
4	388     391     398     5     -1.9   0   0    -1.64547   -0.950017   0    -1   0   0    
4	375     390     376     5     -1.97991   1.97991   0    -0.950017   1.64547   0    -1.07152   2.58687   0    
4	354     355     326     5     -2.6163   2.6163   0    -1.85   3.20429   0    -2.55562   3.82476   0    
4	354     375     355     5     -2.6163   2.6163   0    -1.97991   1.97991   0    -1.85   3.20429   0    
4	326     355     327     5     -2.55562   3.82476   0    -1.85   3.20429   0    -1.76034   4.24985   0    
4	354     326     325     5     -2.6163   2.6163   0    -2.55562   3.82476   0    -3.25269   3.25269   0    
4	356     327     355     5     -0.957631   3.57393   0    -1.76034   4.24985   0    -1.85   3.20429   0    
4	372     356     376     5     0   2.8   0    -0.957631   3.57393   0    -1.07152   2.58687   0    
4	292     327     293     5     -2.75   4.76314   0    -1.76034   4.24985   0    -1.88111   5.16831   0    
4	328     327     356     5     -0.897416   4.51161   0    -1.76034   4.24985   0    -0.957631   3.57393   0    
4	387     376     390     5     0   1.9   0    -1.07152   2.58687   0    -0.950017   1.64547   0    
4	356     355     376     5     -0.957631   3.57393   0    -1.85   3.20429   0    -1.07152   2.58687   0    
4	375     376     355     5     -1.97991   1.97991   0    -1.07152   2.58687   0    -1.85   3.20429   0    
4	326     327     292     5     -2.55562   3.82476   0    -1.76034   4.24985   0    -2.75   4.76314   0    
4	356     350     328     5     -0.957631   3.57393   0    0   3.7   0    -0.897416   4.51161   0    
4	375     353     374     5     -1.97991   1.97991   0    -3.20429   1.85   0    -2.58687   1.07152   0    
4	373     377     388     5     -2.8   0   0    -2.58687   -1.07152   0    -1.9   0   0    
4	293     327     328     5     -1.88111   5.16831   0    -1.76034   4.24985   0    -0.897416   4.51161   0    
4	204     205     152     5     -4.44396   5.79148   0    -3.65   6.32199   0    -4.36266   6.94314   0    
4	205     204     251     5     -3.65   6.32199   0    -4.44396   5.79148   0    -3.4601   5.38402   0    
4	152     205     153     5     -4.36266   6.94314   0    -3.65   6.32199   0    -3.55785   7.38794   0    
4	94     152     153     5     -4.55   7.88083   0    -4.36266   6.94314   0    -3.55785   7.38794   0    
4	205     206     153     5     -3.65   6.32199   0    -2.79359   6.74432   0    -3.55785   7.38794   0    
4	252     206     205     5     -2.65866   5.82164   0    -2.79359   6.74432   0    -3.65   6.32199   0    
4	252     205     251     5     -2.65866   5.82164   0    -3.65   6.32199   0    -3.4601   5.38402   0    
4	153     206     154     5     -3.55785   7.38794   0    -2.79359   6.74432   0    -2.70829   7.73984   0    
4	204     250     251     5     -4.44396   5.79148   0    -4.19111   4.8368   0    -3.4601   5.38402   0    
4	153     95     94     5     -3.55785   7.38794   0    -3.7013   8.31326   0    -4.55   7.88083   0    
4	30     95     31     5     -4.45738   8.95163   0    -3.7013   8.31326   0    -3.61242   9.32472   0    
4	30     94     95     5     -4.45738   8.95163   0    -4.55   7.88083   0    -3.7013   8.31326   0    
4	31     95     96     5     -3.61242   9.32472   0    -3.7013   8.31326   0    -2.81205   8.65461   0    
4	32     96     97     5     -2.73663   9.61826   0    -2.81205   8.65461   0    -1.892   8.90114   0    
4	154     96     95     5     -2.70829   7.73984   0    -2.81205   8.65461   0    -3.7013   8.31326   0    
4	155     96     154     5     -1.82467   7.99441   0    -2.81205   8.65461   0    -2.70829   7.73984   0    
4	96     32     31     5     -2.81205   8.65461   0    -2.73663   9.61826   0    -3.61242   9.32472   0    
4	95     153     154     5     -3.7013   8.31326   0    -3.55785   7.38794   0    -2.70829   7.73984   0    
4	206     207     154     5     -2.79359   6.74432   0    -1.88938   7.05126   0    -2.70829   7.73984   0    
4	151     204     152     5     -5.11262   6.41102   0    -4.44396   5.79148   0    -4.36266   6.94314   0    
4	206     253     207     5     -2.79359   6.74432   0    -1.80309   6.14076   0    -1.88938   7.05126   0    
4	252     251     292     5     -2.65866   5.82164   0    -3.4601   5.38402   0    -2.75   4.76314   0    
4	253     252     293     5     -1.80309   6.14076   0    -2.65866   5.82164   0    -1.88111   5.16831   0    
4	207     155     154     5     -1.88938   7.05126   0    -1.82467   7.99441   0    -2.70829   7.73984   0    
4	253     294     254     5     -1.80309   6.14076   0    -0.955065   5.41644   0    -0.910815   6.33486   0    
4	294     253     293     5     -0.955065   5.41644   0    -1.80309   6.14076   0    -1.88111   5.16831   0    
4	285     254     294     5     0   5.5   0    -0.910815   6.33486   0    -0.955065   5.41644   0    
4	253     254     207     5     -1.80309   6.14076   0    -0.910815   6.33486   0    -1.88938   7.05126   0    
4	293     328     294     5     -1.88111   5.16831   0    -0.897416   4.51161   0    -0.955065   5.41644   0    
4	207     254     208     5     -1.88938   7.05126   0    -0.910815   6.33486   0    -0.952841   7.23755   0    
4	33     97     98     5     -1.8375   9.82973   0    -1.892   8.90114   0    -0.951209   9.05015   0    
4	97     96     155     5     -1.892   8.90114   0    -2.81205   8.65461   0    -1.82467   7.99441   0    
4	156     97     155     5     -0.918109   8.14844   0    -1.892   8.90114   0    -1.82467   7.99441   0    
4	33     32     97     5     -1.8375   9.82973   0    -2.73663   9.61826   0    -1.892   8.90114   0    
4	156     98     97     5     -0.918109   8.14844   0    -0.951209   9.05015   0    -1.892   8.90114   0    
4	196     156     208     5     0   7.3   0    -0.918109   8.14844   0    -0.952841   7.23755   0    
4	98     34     33     5     -0.951209   9.05015   0    -0.922684   9.95734   0    -1.8375   9.82973   0    
4	83     34     98     5     0   9.1   0    -0.922684   9.95734   0    -0.951209   9.05015   0    
4	320     294     328     5     0   4.6   0    -0.955065   5.41644   0    -0.897416   4.51161   0    
4	156     155     208     5     -0.918109   8.14844   0    -1.82467   7.99441   0    -0.952841   7.23755   0    
4	155     207     208     5     -1.82467   7.99441   0    -1.88938   7.05126   0    -0.952841   7.23755   0    
4	254     243     208     5     -0.910815   6.33486   0    0   6.4   0    -0.952841   7.23755   0    
4	253     206     252     5     -1.80309   6.14076   0    -2.79359   6.74432   0    -2.65866   5.82164   0    
4	292     293     252     5     -2.75   4.76314   0    -1.88111   5.16831   0    -2.65866   5.82164   0    
4	98     156     142     5     -0.951209   9.05015   0    -0.918109   8.14844   0    0   8.2   0    
4	322     323     288     5     -4.51161   0.897416   0    -4.24985   1.76034   0    -5.16831   1.88111   0    
4	321     329     351     5     -4.6   0   0    -4.51161   -0.897416   0    -3.7   0   0    
4	400     398     401     5     0   0   0    -1   0   0    -0.817965   -0.817965   0    
4	170     127     183     5     -0   -8.2   0    0.951209   -9.05015   0    0.918109   -8.14844   0    
4	231     220     183     5     0.952841   -7.23755   0    -0   -7.3   0    0.918109   -8.14844   0    
4	127     67     66     5     0.951209   -9.05015   0    0.922684   -9.95734   0    1.8375   -9.82973   0    
4	183     127     126     5     0.918109   -8.14844   0    0.951209   -9.05015   0    1.892   -8.90114   0    
4	183     126     182     5     0.918109   -8.14844   0    1.892   -8.90114   0    1.82467   -7.99441   0    
4	126     127     66     5     1.892   -8.90114   0    0.951209   -9.05015   0    1.8375   -9.82973   0    
4	126     66     65     5     1.892   -8.90114   0    1.8375   -9.82973   0    2.73663   -9.61826   0    
4	230     182     181     5     1.88938   -7.05126   0    1.82467   -7.99441   0    2.70829   -7.73984   0    
4	183     182     231     5     0.918109   -8.14844   0    1.82467   -7.99441   0    0.952841   -7.23755   0    
4	311     275     274     5     0.955065   -5.41644   0    0.910815   -6.33486   0    1.80309   -6.14076   0    
4	275     265     231     5     0.910815   -6.33486   0    -0   -6.4   0    0.952841   -7.23755   0    
4	230     275     231     5     1.88938   -7.05126   0    0.910815   -6.33486   0    0.952841   -7.23755   0    
4	311     343     336     5     0.955065   -5.41644   0    0.897416   -4.51161   0    -0   -4.6   0    
4	310     274     273     5     1.88111   -5.16831   0    1.80309   -6.14076   0    2.65866   -5.82164   0    
4	230     274     275     5     1.88938   -7.05126   0    1.80309   -6.14076   0    0.910815   -6.33486   0    
4	229     274     230     5     2.79359   -6.74432   0    1.80309   -6.14076   0    1.88938   -7.05126   0    
4	274     310     311     5     1.80309   -6.14076   0    1.88111   -5.16831   0    0.955065   -5.41644   0    
4	231     182     230     5     0.952841   -7.23755   0    1.82467   -7.99441   0    1.88938   -7.05126   0    
4	311     310     343     5     0.955065   -5.41644   0    1.88111   -5.16831   0    0.897416   -4.51161   0    
4	182     126     125     5     1.82467   -7.99441   0    1.892   -8.90114   0    2.81205   -8.65461   0    
4	311     303     275     5     0.955065   -5.41644   0    -0   -5.5   0    0.910815   -6.33486   0    
4	182     125     181     5     1.82467   -7.99441   0    2.81205   -8.65461   0    2.70829   -7.73984   0    
4	229     230     181     5     2.79359   -6.74432   0    1.88938   -7.05126   0    2.70829   -7.73984   0    
4	125     65     64     5     2.81205   -8.65461   0    2.73663   -9.61826   0    3.61242   -9.32472   0    
4	181     125     124     5     2.70829   -7.73984   0    2.81205   -8.65461   0    3.7013   -8.31326   0    
4	64     63     124     5     3.61242   -9.32472   0    4.45738   -8.95163   0    3.7013   -8.31326   0    
4	123     180     124     5     4.55   -7.88083   0    3.55785   -7.38794   0    3.7013   -8.31326   0    
4	64     124     125     5     3.61242   -9.32472   0    3.7013   -8.31326   0    2.81205   -8.65461   0    
4	181     124     180     5     2.70829   -7.73984   0    3.7013   -8.31326   0    3.55785   -7.38794   0    
4	272     273     228     5     3.4601   -5.38402   0    2.65866   -5.82164   0    3.65   -6.32199   0    
4	273     274     229     5     2.65866   -5.82164   0    1.80309   -6.14076   0    2.79359   -6.74432   0    
4	228     273     229     5     3.65   -6.32199   0    2.65866   -5.82164   0    2.79359   -6.74432   0    
4	310     273     309     5     1.88111   -5.16831   0    2.65866   -5.82164   0    2.75   -4.76314   0    
4	180     179     228     5     3.55785   -7.38794   0    4.36266   -6.94314   0    3.65   -6.32199   0    
4	123     179     180     5     4.55   -7.88083   0    4.36266   -6.94314   0    3.55785   -7.38794   0    
4	228     227     272     5     3.65   -6.32199   0    4.44396   -5.79148   0    3.4601   -5.38402   0    
4	227     228     179     5     4.44396   -5.79148   0    3.65   -6.32199   0    4.36266   -6.94314   0    
4	227     179     178     5     4.44396   -5.79148   0    4.36266   -6.94314   0    5.11262   -6.41102   0    
4	180     228     229     5     3.55785   -7.38794   0    3.65   -6.32199   0    2.79359   -6.74432   0    
4	229     181     180     5     2.79359   -6.74432   0    2.70829   -7.73984   0    3.55785   -7.38794   0    
4	272     227     271     5     3.4601   -5.38402   0    4.44396   -5.79148   0    4.19111   -4.8368   0    
4	123     124     63     5     4.55   -7.88083   0    3.7013   -8.31326   0    4.45738   -8.95163   0    
4	126     65     125     5     1.892   -8.90114   0    2.73663   -9.61826   0    2.81205   -8.65461   0    
4	309     273     272     5     2.75   -4.76314   0    2.65866   -5.82164   0    3.4601   -5.38402   0    
4	367     366     383     5     0.957631   -3.57393   0    1.85   -3.20429   0    1.07152   -2.58687   0    
4	342     367     343     5     1.76034   -4.24985   0    0.957631   -3.57393   0    0.897416   -4.51161   0    
4	395     393     383     5     0.950017   -1.64547   0    -0   -1.9   0    1.07152   -2.58687   0    
4	383     380     367     5     1.07152   -2.58687   0    -0   -2.8   0    0.957631   -3.57393   0    
4	342     341     366     5     1.76034   -4.24985   0    2.55562   -3.82476   0    1.85   -3.20429   0    
4	341     342     309     5     2.55562   -3.82476   0    1.76034   -4.24985   0    2.75   -4.76314   0    
4	382     366     365     5     1.97991   -1.97991   0    1.85   -3.20429   0    2.6163   -2.6163   0    
4	342     366     367     5     1.76034   -4.24985   0    1.85   -3.20429   0    0.957631   -3.57393   0    
4	310     342     343     5     1.88111   -5.16831   0    1.76034   -4.24985   0    0.897416   -4.51161   0    
4	383     366     382     5     1.07152   -2.58687   0    1.85   -3.20429   0    1.97991   -1.97991   0    
4	403     400     399     5     0.817965   -0.817965   0    0   0   0    -0   -1   0    
4	399     395     403     5     -0   -1   0    0.950017   -1.64547   0    0.817965   -0.817965   0    
4	403     394     396     5     0.817965   -0.817965   0    1.64547   -0.950017   0    1   0   0    
4	396     404     400     5     1   0   0    0.817965   0.817965   0    0   0   0    
4	384     394     381     5     1.9   0   0    1.64547   -0.950017   0    2.58687   -1.07152   0    
4	382     394     395     5     1.97991   -1.97991   0    1.64547   -0.950017   0    0.950017   -1.64547   0    
4	382     381     394     5     1.97991   -1.97991   0    2.58687   -1.07152   0    1.64547   -0.950017   0    
4	394     384     396     5     1.64547   -0.950017   0    1.9   0   0    1   0   0    
4	395     383     382     5     0.950017   -1.64547   0    1.07152   -2.58687   0    1.97991   -1.97991   0    
4	396     384     385     5     1   0   0    1.9   0   0    1.64547   0.950017   0    
4	365     366     341     5     2.6163   -2.6163   0    1.85   -3.20429   0    2.55562   -3.82476   0    
4	362     343     367     5     -0   -3.7   0    0.897416   -4.51161   0    0.957631   -3.57393   0    
4	341     340     365     5     2.55562   -3.82476   0    3.25269   -3.25269   0    2.6163   -2.6163   0    
4	341     309     308     5     2.55562   -3.82476   0    2.75   -4.76314   0    3.53533   -4.21324   0    
4	341     308     340     5     2.55562   -3.82476   0    3.53533   -4.21324   0    3.25269   -3.25269   0    
4	339     365     340     5     3.82476   -2.55562   0    2.6163   -2.6163   0    3.25269   -3.25269   0    
4	308     271     307     5     3.53533   -4.21324   0    4.19111   -4.8368   0    4.21324   -3.53533   0    
4	308     309     272     5     3.53533   -4.21324   0    2.75   -4.76314   0    3.4601   -5.38402   0    
4	307     271     270     5     4.21324   -3.53533   0    4.19111   -4.8368   0    4.8368   -4.19111   0    
4	308     307     340     5     3.53533   -4.21324   0    4.21324   -3.53533   0    3.25269   -3.25269   0    
4	272     271     308     5     3.4601   -5.38402   0    4.19111   -4.8368   0    3.53533   -4.21324   0    
4	339     340     307     5     3.82476   -2.55562   0    3.25269   -3.25269   0    4.21324   -3.53533   0    
4	368     381     363     5     2.8   0   0    2.58687   -1.07152   0    3.57393   -0.957631   0    
4	381     382     364     5     2.58687   -1.07152   0    1.97991   -1.97991   0    3.20429   -1.85   0    
4	363     381     364     5     3.57393   -0.957631   0    2.58687   -1.07152   0    3.20429   -1.85   0    
4	381     368     384     5     2.58687   -1.07152   0    2.8   0   0    1.9   0   0    
4	338     363     364     5     4.24985   -1.76034   0    3.57393   -0.957631   0    3.20429   -1.85   0    
4	306     338     339     5     4.76314   -2.75   0    4.24985   -1.76034   0    3.82476   -2.55562   0    
4	363     344     368     5     3.57393   -0.957631   0    3.7   0   0    2.8   0   0    
4	337     344     363     5     4.51161   -0.897416   0    3.7   0   0    3.57393   -0.957631   0    
4	363     338     337     5     3.57393   -0.957631   0    4.24985   -1.76034   0    4.51161   -0.897416   0    
4	338     364     339     5     4.24985   -1.76034   0    3.20429   -1.85   0    3.82476   -2.55562   0    
4	364     365     339     5     3.20429   -1.85   0    2.6163   -2.6163   0    3.82476   -2.55562   0    
4	368     344     345     5     2.8   0   0    3.7   0   0    3.57393   0.957631   0    
4	339     307     306     5     3.82476   -2.55562   0    4.21324   -3.53533   0    4.76314   -2.75   0    
4	364     382     365     5     3.20429   -1.85   0    1.97991   -1.97991   0    2.6163   -2.6163   0    
4	310     309     342     5     1.88111   -5.16831   0    2.75   -4.76314   0    1.76034   -4.24985   0    
4	384     368     369     5     1.9   0   0    2.8   0   0    2.58687   1.07152   0    
4	226     271     227     5     5.16188   -5.16188   0    4.19111   -4.8368   0    4.44396   -5.79148   0    
4	113     67     127     5     -0   -9.1   0    0.922684   -9.95734   0    0.951209   -9.05015   0    
4	179     122     178     5     4.36266   -6.94314   0    5.34885   -7.36205   0    5.11262   -6.41102   0    
4	62     123     63     5     5.26432   -8.50217   0    4.55   -7.88083   0    4.45738   -8.95163   0    
4	122     123     62     5     5.34885   -7.36205   0    4.55   -7.88083   0    5.26432   -8.50217   0    
4	226     227     178     5     5.16188   -5.16188   0    4.44396   -5.79148   0    5.11262   -6.41102   0    
4	122     61     121     5     5.34885   -7.36205   0    6.02635   -7.98017   0    6.08909   -6.76262   0    
4	61     122     62     5     6.02635   -7.98017   0    5.34885   -7.36205   0    5.26432   -8.50217   0    
4	120     177     121     5     6.76262   -6.08909   0    5.79828   -5.79828   0    6.08909   -6.76262   0    
4	122     121     178     5     5.34885   -7.36205   0    6.08909   -6.76262   0    5.11262   -6.41102   0    
4	178     121     177     5     5.11262   -6.41102   0    6.08909   -6.76262   0    5.79828   -5.79828   0    
4	269     270     225     5     5.38402   -3.4601   0    4.8368   -4.19111   0    5.79148   -4.44396   0    
4	270     271     226     5     4.8368   -4.19111   0    4.19111   -4.8368   0    5.16188   -5.16188   0    
4	225     270     226     5     5.79148   -4.44396   0    4.8368   -4.19111   0    5.16188   -5.16188   0    
4	269     306     307     5     5.38402   -3.4601   0    4.76314   -2.75   0    4.21324   -3.53533   0    
4	224     225     175     5     6.32199   -3.65   0    5.79148   -4.44396   0    6.94314   -4.36266   0    
4	226     176     225     5     5.16188   -5.16188   0    6.41102   -5.11262   0    5.79148   -4.44396   0    
4	226     177     176     5     5.16188   -5.16188   0    5.79828   -5.79828   0    6.41102   -5.11262   0    
4	225     224     269     5     5.79148   -4.44396   0    6.32199   -3.65   0    5.38402   -3.4601   0    
4	226     178     177     5     5.16188   -5.16188   0    5.11262   -6.41102   0    5.79828   -5.79828   0    
4	268     269     224     5     5.82164   -2.65866   0    5.38402   -3.4601   0    6.32199   -3.65   0    
4	121     61     60     5     6.08909   -6.76262   0    6.02635   -7.98017   0    6.73696   -7.39009   0    
4	307     270     269     5     4.21324   -3.53533   0    4.8368   -4.19111   0    5.38402   -3.4601   0    
4	120     58     119     5     6.76262   -6.08909   0    7.98017   -6.02635   0    7.36205   -5.34885   0    
4	59     120     60     5     7.39009   -6.73696   0    6.76262   -6.08909   0    6.73696   -7.39009   0    
4	120     119     176     5     6.76262   -6.08909   0    7.36205   -5.34885   0    6.41102   -5.11262   0    
4	120     176     177     5     6.76262   -6.08909   0    6.41102   -5.11262   0    5.79828   -5.79828   0    
4	58     57     119     5     7.98017   -6.02635   0    8.50217   -5.26432   0    7.36205   -5.34885   0    
4	58     120     59     5     7.98017   -6.02635   0    6.76262   -6.08909   0    7.39009   -6.73696   0    
4	119     57     118     5     7.36205   -5.34885   0    8.50217   -5.26432   0    7.88083   -4.55   0    
4	175     174     224     5     6.94314   -4.36266   0    7.38794   -3.55785   0    6.32199   -3.65   0    
4	176     119     175     5     6.41102   -5.11262   0    7.36205   -5.34885   0    6.94314   -4.36266   0    
4	174     175     118     5     7.38794   -3.55785   0    6.94314   -4.36266   0    7.88083   -4.55   0    
4	175     225     176     5     6.94314   -4.36266   0    5.79148   -4.44396   0    6.41102   -5.11262   0    
4	118     56     117     5     7.88083   -4.55   0    8.95163   -4.45738   0    8.31326   -3.7013   0    
4	175     119     118     5     6.94314   -4.36266   0    7.36205   -5.34885   0    7.88083   -4.55   0    
4	174     117     173     5     7.38794   -3.55785   0    8.31326   -3.7013   0    7.73984   -2.70829   0    
4	55     117     56     5     9.32472   -3.61242   0    8.31326   -3.7013   0    8.95163   -4.45738   0    
4	118     117     174     5     7.88083   -4.55   0    8.31326   -3.7013   0    7.38794   -3.55785   0    
4	57     56     118     5     8.50217   -5.26432   0    8.95163   -4.45738   0    7.88083   -4.55   0    
4	223     224     174     5     6.74432   -2.79359   0    6.32199   -3.65   0    7.38794   -3.55785   0    
4	120     121     60     5     6.76262   -6.08909   0    6.08909   -6.76262   0    6.73696   -7.39009   0    
4	55     116     117     5     9.32472   -3.61242   0    8.65461   -2.81205   0    8.31326   -3.7013   0    
4	306     268     305     5     4.76314   -2.75   0    5.82164   -2.65866   0    5.16831   -1.88111   0    
4	306     269     268     5     4.76314   -2.75   0    5.38402   -3.4601   0    5.82164   -2.65866   0    
4	305     268     267     5     5.16831   -1.88111   0    5.82164   -2.65866   0    6.14076   -1.80309   0    
4	305     337     338     5     5.16831   -1.88111   0    4.51161   -0.897416   0    4.24985   -1.76034   0    
4	267     223     222     5     6.14076   -1.80309   0    6.74432   -2.79359   0    7.05126   -1.88938   0    
4	223     267     268     5     6.74432   -2.79359   0    6.14076   -1.80309   0    5.82164   -2.65866   0    
4	222     223     173     5     7.05126   -1.88938   0    6.74432   -2.79359   0    7.73984   -2.70829   0    
4	267     222     266     5     6.14076   -1.80309   0    7.05126   -1.88938   0    6.33486   -0.910815   0    
4	224     223     268     5     6.32199   -3.65   0    6.74432   -2.79359   0    5.82164   -2.65866   0    
4	305     267     304     5     5.16831   -1.88111   0    6.14076   -1.80309   0    5.41644   -0.955065   0    
4	337     304     312     5     4.51161   -0.897416   0    5.41644   -0.955065   0    4.6   0   0    
4	304     337     305     5     5.41644   -0.955065   0    4.51161   -0.897416   0    5.16831   -1.88111   0    
4	312     304     276     5     4.6   0   0    5.41644   -0.955065   0    5.5   0   0    
4	337     312     344     5     4.51161   -0.897416   0    4.6   0   0    3.7   0   0    
4	276     266     232     5     5.5   0   0    6.33486   -0.910815   0    6.4   0   0    
4	266     276     304     5     6.33486   -0.910815   0    5.5   0   0    5.41644   -0.955065   0    
4	221     232     266     5     7.23755   -0.952841   0    6.4   0   0    6.33486   -0.910815   0    
4	276     232     233     5     5.5   0   0    6.4   0   0    6.33486   0.910815   0    
4	304     267     266     5     5.41644   -0.955065   0    6.14076   -1.80309   0    6.33486   -0.910815   0    
4	312     276     277     5     4.6   0   0    5.5   0   0    5.41644   0.955065   0    
4	266     222     221     5     6.33486   -0.910815   0    7.05126   -1.88938   0    7.23755   -0.952841   0    
4	338     306     305     5     4.24985   -1.76034   0    4.76314   -2.75   0    5.16831   -1.88111   0    
4	173     116     172     5     7.73984   -2.70829   0    8.65461   -2.81205   0    7.99441   -1.82467   0    
4	173     223     174     5     7.73984   -2.70829   0    6.74432   -2.79359   0    7.38794   -3.55785   0    
4	172     116     115     5     7.99441   -1.82467   0    8.65461   -2.81205   0    8.90114   -1.892   0    
4	172     221     222     5     7.99441   -1.82467   0    7.23755   -0.952841   0    7.05126   -1.88938   0    
4	115     54     53     5     8.90114   -1.892   0    9.61826   -2.73663   0    9.82973   -1.8375   0    
4	54     115     116     5     9.61826   -2.73663   0    8.90114   -1.892   0    8.65461   -2.81205   0    
4	172     115     171     5     7.99441   -1.82467   0    8.90114   -1.892   0    8.14844   -0.918109   0    
4	116     55     54     5     8.65461   -2.81205   0    9.32472   -3.61242   0    9.61826   -2.73663   0    
4	114     115     53     5     9.05015   -0.951209   0    8.90114   -1.892   0    9.82973   -1.8375   0    
4	221     171     184     5     7.23755   -0.952841   0    8.14844   -0.918109   0    7.3   0   0    
4	221     172     171     5     7.23755   -0.952841   0    7.99441   -1.82467   0    8.14844   -0.918109   0    
4	184     171     128     5     7.3   0   0    8.14844   -0.918109   0    8.2   0   0    
4	221     184     232     5     7.23755   -0.952841   0    7.3   0   0    6.4   0   0    
4	114     52     68     5     9.05015   -0.951209   0    9.95734   -0.922684   0    9.1   0   0    
4	52     114     53     5     9.95734   -0.922684   0    9.05015   -0.951209   0    9.82973   -1.8375   0    
4	128     68     69     5     8.2   0   0    9.1   0   0    9.05015   0.951209   0    
4	68     128     114     5     9.1   0   0    8.2   0   0    9.05015   -0.951209   0    
4	52     0     68     5     9.95734   -0.922684   0    10   0   0    9.1   0   0    
4	114     128     171     5     9.05015   -0.951209   0    8.2   0   0    8.14844   -0.918109   0    
4	115     114     171     5     8.90114   -1.892   0    9.05015   -0.951209   0    8.14844   -0.918109   0    
4	184     128     129     5     7.3   0   0    8.2   0   0    8.14844   0.918109   0    
4	172     222     173     5     7.99441   -1.82467   0    7.05126   -1.88938   0    7.73984   -2.70829   0    
4	117     116     173     5     8.31326   -3.7013   0    8.65461   -2.81205   0    7.73984   -2.70829   0    
4	232     184     185     5     6.4   0   0    7.3   0   0    7.23755   0.952841   0    
4	123     122     179     5     4.55   -7.88083   0    5.34885   -7.36205   0    4.36266   -6.94314   0    
4	344     312     313     5     3.7   0   0    4.6   0   0    4.51161   0.897416   0    
4	397     387     390     5     0   1   0    0   1.9   0    -0.950017   1.64547   0    
4	387     397     386     5     0   1.9   0    0   1   0    0.950017   1.64547   0    
4	372     387     371     5     0   2.8   0    0   1.9   0    1.07152   2.58687   0    
4	387     372     376     5     0   1.9   0    0   2.8   0    -1.07152   2.58687   0    
4	371     386     370     5     1.07152   2.58687   0    0.950017   1.64547   0    1.97991   1.97991   0    
4	386     397     404     5     0.950017   1.64547   0    0   1   0    0.817965   0.817965   0    
4	348     349     371     5     1.85   3.20429   0    0.957631   3.57393   0    1.07152   2.58687   0    
4	386     371     387     5     0.950017   1.64547   0    1.07152   2.58687   0    0   1.9   0    
4	396     385     404     5     1   0   0    1.64547   0.950017   0    0.817965   0.817965   0    
4	372     371     349     5     0   2.8   0    1.07152   2.58687   0    0.957631   3.57393   0    
4	350     319     320     5     0   3.7   0    0.897416   4.51161   0    0   4.6   0    
4	319     350     349     5     0.897416   4.51161   0    0   3.7   0    0.957631   3.57393   0    
4	320     319     284     5     0   4.6   0    0.897416   4.51161   0    0.955065   5.41644   0    
4	350     320     328     5     0   3.7   0    0   4.6   0    -0.897416   4.51161   0    
4	284     319     283     5     0.955065   5.41644   0    0.897416   4.51161   0    1.88111   5.16831   0    
4	318     319     349     5     1.76034   4.24985   0    0.897416   4.51161   0    0.957631   3.57393   0    
4	348     318     349     5     1.85   3.20429   0    1.76034   4.24985   0    0.957631   3.57393   0    
4	283     319     318     5     1.88111   5.16831   0    0.897416   4.51161   0    1.76034   4.24985   0    
4	350     372     349     5     0   3.7   0    0   2.8   0    0.957631   3.57393   0    
4	320     284     285     5     0   4.6   0    0.955065   5.41644   0    0   5.5   0    
4	370     386     385     5     1.97991   1.97991   0    0.950017   1.64547   0    1.64547   0.950017   0    
4	372     350     356     5     0   2.8   0    0   3.7   0    -0.957631   3.57393   0    
4	347     370     346     5     2.6163   2.6163   0    1.97991   1.97991   0    3.20429   1.85   0    
4	369     370     385     5     2.58687   1.07152   0    1.97991   1.97991   0    1.64547   0.950017   0    
4	346     370     369     5     3.20429   1.85   0    1.97991   1.97991   0    2.58687   1.07152   0    
4	370     347     348     5     1.97991   1.97991   0    2.6163   2.6163   0    1.85   3.20429   0    
4	315     346     314     5     3.82476   2.55562   0    3.20429   1.85   0    4.24985   1.76034   0    
4	345     346     369     5     3.57393   0.957631   0    3.20429   1.85   0    2.58687   1.07152   0    
4	314     346     345     5     4.24985   1.76034   0    3.20429   1.85   0    3.57393   0.957631   0    
4	346     315     347     5     3.20429   1.85   0    3.82476   2.55562   0    2.6163   2.6163   0    
4	385     384     369     5     1.64547   0.950017   0    1.9   0   0    2.58687   1.07152   0    
4	347     315     316     5     2.6163   2.6163   0    3.82476   2.55562   0    3.25269   3.25269   0    
4	282     318     317     5     2.75   4.76314   0    1.76034   4.24985   0    2.55562   3.82476   0    
4	348     347     317     5     1.85   3.20429   0    2.6163   2.6163   0    2.55562   3.82476   0    
4	318     282     283     5     1.76034   4.24985   0    2.75   4.76314   0    1.88111   5.16831   0    
4	317     318     348     5     2.55562   3.82476   0    1.76034   4.24985   0    1.85   3.20429   0    
4	281     282     317     5     3.53533   4.21324   0    2.75   4.76314   0    2.55562   3.82476   0    
4	280     281     316     5     4.21324   3.53533   0    3.53533   4.21324   0    3.25269   3.25269   0    
4	283     282     240     5     1.88111   5.16831   0    2.75   4.76314   0    2.65866   5.82164   0    
4	239     282     281     5     3.4601   5.38402   0    2.75   4.76314   0    3.53533   4.21324   0    
4	192     239     191     5     3.65   6.32199   0    3.4601   5.38402   0    4.44396   5.79148   0    
4	281     317     316     5     3.53533   4.21324   0    2.55562   3.82476   0    3.25269   3.25269   0    
4	347     316     317     5     2.6163   2.6163   0    3.25269   3.25269   0    2.55562   3.82476   0    
4	284     283     241     5     0.955065   5.41644   0    1.88111   5.16831   0    1.80309   6.14076   0    
4	238     239     281     5     4.19111   4.8368   0    3.4601   5.38402   0    3.53533   4.21324   0    
4	370     348     371     5     1.97991   1.97991   0    1.85   3.20429   0    1.07152   2.58687   0    
4	345     369     368     5     3.57393   0.957631   0    2.58687   1.07152   0    2.8   0   0    
4	239     240     282     5     3.4601   5.38402   0    2.65866   5.82164   0    2.75   4.76314   0    
4	285     243     254     5     0   5.5   0    0   6.4   0    -0.910815   6.33486   0    
4	243     285     242     5     0   6.4   0    0   5.5   0    0.910815   6.33486   0    
4	196     243     195     5     0   7.3   0    0   6.4   0    0.952841   7.23755   0    
4	243     196     208     5     0   6.4   0    0   7.3   0    -0.952841   7.23755   0    
4	195     242     194     5     0.952841   7.23755   0    0.910815   6.33486   0    1.88938   7.05126   0    
4	242     285     284     5     0.910815   6.33486   0    0   5.5   0    0.955065   5.41644   0    
4	141     195     140     5     0.918109   8.14844   0    0.952841   7.23755   0    1.82467   7.99441   0    
4	242     195     243     5     0.910815   6.33486   0    0.952841   7.23755   0    0   6.4   0    
4	241     242     284     5     1.80309   6.14076   0    0.910815   6.33486   0    0.955065   5.41644   0    
4	196     195     141     5     0   7.3   0    0.952841   7.23755   0    0.918109   8.14844   0    
4	142     83     98     5     0   8.2   0    0   9.1   0    -0.951209   9.05015   0    
4	83     142     82     5     0   9.1   0    0   8.2   0    0.951209   9.05015   0    
4	17     83     16     5     0   10   0    0   9.1   0    0.922684   9.95734   0    
4	83     17     34     5     0   9.1   0    0   10   0    -0.922684   9.95734   0    
4	82     16     83     5     0.951209   9.05015   0    0.922684   9.95734   0    0   9.1   0    
4	81     82     141     5     1.892   8.90114   0    0.951209   9.05015   0    0.918109   8.14844   0    
4	15     16     82     5     1.8375   9.82973   0    0.922684   9.95734   0    0.951209   9.05015   0    
4	82     142     141     5     0.951209   9.05015   0    0   8.2   0    0.918109   8.14844   0    
4	142     196     141     5     0   8.2   0    0   7.3   0    0.918109   8.14844   0    
4	242     241     194     5     0.910815   6.33486   0    1.80309   6.14076   0    1.88938   7.05126   0    
4	196     142     156     5     0   7.3   0    0   8.2   0    -0.918109   8.14844   0    
4	139     194     193     5     2.70829   7.73984   0    1.88938   7.05126   0    2.79359   6.74432   0    
4	193     241     240     5     2.79359   6.74432   0    1.80309   6.14076   0    2.65866   5.82164   0    
4	194     241     193     5     1.88938   7.05126   0    1.80309   6.14076   0    2.79359   6.74432   0    
4	194     139     140     5     1.88938   7.05126   0    2.70829   7.73984   0    1.82467   7.99441   0    
4	193     192     138     5     2.79359   6.74432   0    3.65   6.32199   0    3.55785   7.38794   0    
4	192     193     240     5     3.65   6.32199   0    2.79359   6.74432   0    2.65866   5.82164   0    
4	79     138     78     5     3.7013   8.31326   0    3.55785   7.38794   0    4.55   7.88083   0    
4	193     138     139     5     2.79359   6.74432   0    3.55785   7.38794   0    2.70829   7.73984   0    
4	240     239     192     5     2.65866   5.82164   0    3.4601   5.38402   0    3.65   6.32199   0    
4	139     138     79     5     2.70829   7.73984   0    3.55785   7.38794   0    3.7013   8.31326   0    
4	81     15     82     5     1.892   8.90114   0    1.8375   9.82973   0    0.951209   9.05015   0    
4	81     140     80     5     1.892   8.90114   0    1.82467   7.99441   0    2.81205   8.65461   0    
4	15     81     14     5     1.8375   9.82973   0    1.892   8.90114   0    2.73663   9.61826   0    
4	81     141     140     5     1.892   8.90114   0    0.918109   8.14844   0    1.82467   7.99441   0    
4	80     79     13     5     2.81205   8.65461   0    3.7013   8.31326   0    3.61242   9.32472   0    
4	80     140     139     5     2.81205   8.65461   0    1.82467   7.99441   0    2.70829   7.73984   0    
4	13     14     80     5     3.61242   9.32472   0    2.73663   9.61826   0    2.81205   8.65461   0    
4	79     12     13     5     3.7013   8.31326   0    4.45738   8.95163   0    3.61242   9.32472   0    
4	80     14     81     5     2.81205   8.65461   0    2.73663   9.61826   0    1.892   8.90114   0    
4	139     79     80     5     2.70829   7.73984   0    3.7013   8.31326   0    2.81205   8.65461   0    
4	137     138     192     5     4.36266   6.94314   0    3.55785   7.38794   0    3.65   6.32199   0    
4	194     140     195     5     1.88938   7.05126   0    1.82467   7.99441   0    0.952841   7.23755   0    
4	283     240     241     5     1.88111   5.16831   0    2.65866   5.82164   0    1.80309   6.14076   0    
4	315     280     316     5     3.82476   2.55562   0    4.21324   3.53533   0    3.25269   3.25269   0    
4	320     285     294     5     0   4.6   0    0   5.5   0    -0.955065   5.41644   0    
4	314     313     278     5     4.24985   1.76034   0    4.51161   0.897416   0    5.16831   1.88111   0    
4	313     314     345     5     4.51161   0.897416   0    4.24985   1.76034   0    3.57393   0.957631   0    
4	278     313     277     5     5.16831   1.88111   0    4.51161   0.897416   0    5.41644   0.955065   0    
4	314     278     279     5     4.24985   1.76034   0    5.16831   1.88111   0    4.76314   2.75   0    
4	277     233     234     5     5.41644   0.955065   0    6.33486   0.910815   0    6.14076   1.80309   0    
4	277     313     312     5     5.41644   0.955065   0    4.51161   0.897416   0    4.6   0   0    
4	234     233     186     5     6.14076   1.80309   0    6.33486   0.910815   0    7.05126   1.88938   0    
4	277     234     278     5     5.41644   0.955065   0    6.14076   1.80309   0    5.16831   1.88111   0    
4	233     277     276     5     6.33486   0.910815   0    5.41644   0.955065   0    5.5   0   0    
4	278     234     235     5     5.16831   1.88111   0    6.14076   1.80309   0    5.82164   2.65866   0    
4	280     279     236     5     4.21324   3.53533   0    4.76314   2.75   0    5.38402   3.4601   0    
4	280     315     279     5     4.21324   3.53533   0    3.82476   2.55562   0    4.76314   2.75   0    
4	236     279     235     5     5.38402   3.4601   0    4.76314   2.75   0    5.82164   2.65866   0    
4	237     280     236     5     4.8368   4.19111   0    4.21324   3.53533   0    5.38402   3.4601   0    
4	234     187     235     5     6.14076   1.80309   0    6.74432   2.79359   0    5.82164   2.65866   0    
4	235     279     278     5     5.82164   2.65866   0    4.76314   2.75   0    5.16831   1.88111   0    
4	187     186     131     5     6.74432   2.79359   0    7.05126   1.88938   0    7.73984   2.70829   0    
4	236     235     188     5     5.38402   3.4601   0    5.82164   2.65866   0    6.32199   3.65   0    
4	186     187     234     5     7.05126   1.88938   0    6.74432   2.79359   0    6.14076   1.80309   0    
4	187     188     235     5     6.74432   2.79359   0    6.32199   3.65   0    5.82164   2.65866   0    
4	233     185     186     5     6.33486   0.910815   0    7.23755   0.952841   0    7.05126   1.88938   0    
4	279     315     314     5     4.76314   2.75   0    3.82476   2.55562   0    4.24985   1.76034   0    
4	185     129     130     5     7.23755   0.952841   0    8.14844   0.918109   0    7.99441   1.82467   0    
4	185     184     129     5     7.23755   0.952841   0    7.3   0   0    8.14844   0.918109   0    
4	70     130     129     5     8.90114   1.892   0    7.99441   1.82467   0    8.14844   0.918109   0    
4	130     131     186     5     7.99441   1.82467   0    7.73984   2.70829   0    7.05126   1.88938   0    
4	68     1     69     5     9.1   0   0    9.95734   0.922684   0    9.05015   0.951209   0    
4	69     129     128     5     9.05015   0.951209   0    8.14844   0.918109   0    8.2   0   0    
4	70     129     69     5     8.90114   1.892   0    8.14844   0.918109   0    9.05015   0.951209   0    
4	233     232     185     5     6.33486   0.910815   0    6.4   0   0    7.23755   0.952841   0    
4	2     69     1     5     9.82973   1.8375   0    9.05015   0.951209   0    9.95734   0.922684   0    
4	72     132     131     5     8.31326   3.7013   0    7.38794   3.55785   0    7.73984   2.70829   0    
4	132     187     131     5     7.38794   3.55785   0    6.74432   2.79359   0    7.73984   2.70829   0    
4	131     130     71     5     7.73984   2.70829   0    7.99441   1.82467   0    8.65461   2.81205   0    
4	71     72     131     5     8.65461   2.81205   0    8.31326   3.7013   0    7.73984   2.70829   0    
4	70     2     3     5     8.90114   1.892   0    9.82973   1.8375   0    9.61826   2.73663   0    
4	2     70     69     5     9.82973   1.8375   0    8.90114   1.892   0    9.05015   0.951209   0    
4	4     71     3     5     9.32472   3.61242   0    8.65461   2.81205   0    9.61826   2.73663   0    
4	3     71     70     5     9.61826   2.73663   0    8.65461   2.81205   0    8.90114   1.892   0    
4	130     70     71     5     7.99441   1.82467   0    8.90114   1.892   0    8.65461   2.81205   0    
4	132     188     187     5     7.38794   3.55785   0    6.32199   3.65   0    6.74432   2.79359   0    
4	186     185     130     5     7.05126   1.88938   0    7.23755   0.952841   0    7.99441   1.82467   0    
4	344     313     345     5     3.7   0   0    4.51161   0.897416   0    3.57393   0.957631   0    
4	4     72     71     5     9.32472   3.61242   0    8.31326   3.7013   0    8.65461   2.81205   0    
4	191     238     190     5     4.44396   5.79148   0    4.19111   4.8368   0    5.16188   5.16188   0    
4	237     238     280     5     4.8368   4.19111   0    4.19111   4.8368   0    4.21324   3.53533   0    
4	190     238     237     5     5.16188   5.16188   0    4.19111   4.8368   0    4.8368   4.19111   0    
4	191     137     192     5     4.44396   5.79148   0    4.36266   6.94314   0    3.65   6.32199   0    
4	135     190     134     5     5.79828   5.79828   0    5.16188   5.16188   0    6.41102   5.11262   0    
4	189     190     237     5     5.79148   4.44396   0    5.16188   5.16188   0    4.8368   4.19111   0    
4	135     76     136     5     5.79828   5.79828   0    6.08909   6.76262   0    5.11262   6.41102   0    
4	191     190     136     5     4.44396   5.79148   0    5.16188   5.16188   0    5.11262   6.41102   0    
4	236     189     237     5     5.38402   3.4601   0    5.79148   4.44396   0    4.8368   4.19111   0    
4	136     190     135     5     5.11262   6.41102   0    5.16188   5.16188   0    5.79828   5.79828   0    
4	78     12     79     5     4.55   7.88083   0    4.45738   8.95163   0    3.7013   8.31326   0    
4	78     137     77     5     4.55   7.88083   0    4.36266   6.94314   0    5.34885   7.36205   0    
4	12     78     11     5     4.45738   8.95163   0    4.55   7.88083   0    5.26432   8.50217   0    
4	138     137     78     5     3.55785   7.38794   0    4.36266   6.94314   0    4.55   7.88083   0    
4	77     11     78     5     5.34885   7.36205   0    5.26432   8.50217   0    4.55   7.88083   0    
4	77     136     76     5     5.34885   7.36205   0    5.11262   6.41102   0    6.08909   6.76262   0    
4	10     11     77     5     6.02635   7.98017   0    5.26432   8.50217   0    5.34885   7.36205   0    
4	77     76     10     5     5.34885   7.36205   0    6.08909   6.76262   0    6.02635   7.98017   0    
4	77     137     136     5     5.34885   7.36205   0    4.36266   6.94314   0    5.11262   6.41102   0    
4	137     191     136     5     4.36266   6.94314   0    4.44396   5.79148   0    5.11262   6.41102   0    
4	134     190     189     5     6.41102   5.11262   0    5.16188   5.16188   0    5.79148   4.44396   0    
4	239     238     191     5     3.4601   5.38402   0    4.19111   4.8368   0    4.44396   5.79148   0    
4	133     134     189     5     6.94314   4.36266   0    6.41102   5.11262   0    5.79148   4.44396   0    
4	188     132     133     5     6.32199   3.65   0    7.38794   3.55785   0    6.94314   4.36266   0    
4	74     134     133     5     7.36205   5.34885   0    6.41102   5.11262   0    6.94314   4.36266   0    
4	75     135     134     5     6.76262   6.08909   0    5.79828   5.79828   0    6.41102   5.11262   0    
4	73     72     5     5     7.88083   4.55   0    8.31326   3.7013   0    8.95163   4.45738   0    
4	73     133     132     5     7.88083   4.55   0    6.94314   4.36266   0    7.38794   3.55785   0    
4	5     72     4     5     8.95163   4.45738   0    8.31326   3.7013   0    9.32472   3.61242   0    
4	74     133     73     5     7.36205   5.34885   0    6.94314   4.36266   0    7.88083   4.55   0    
4	72     73     132     5     8.31326   3.7013   0    7.88083   4.55   0    7.38794   3.55785   0    
4	6     73     5     5     8.50217   5.26432   0    7.88083   4.55   0    8.95163   4.45738   0    
4	76     75     9     5     6.08909   6.76262   0    6.76262   6.08909   0    6.73696   7.39009   0    
4	135     75     76     5     5.79828   5.79828   0    6.76262   6.08909   0    6.08909   6.76262   0    
4	9     75     8     5     6.73696   7.39009   0    6.76262   6.08909   0    7.39009   6.73696   0    
4	76     9     10     5     6.08909   6.76262   0    6.73696   7.39009   0    6.02635   7.98017   0    
4	74     6     7     5     7.36205   5.34885   0    8.50217   5.26432   0    7.98017   6.02635   0    
4	6     74     73     5     8.50217   5.26432   0    7.36205   5.34885   0    7.88083   4.55   0    
4	8     75     7     5     7.39009   6.73696   0    6.76262   6.08909   0    7.98017   6.02635   0    
4	7     75     74     5     7.98017   6.02635   0    6.76262   6.08909   0    7.36205   5.34885   0    
4	134     74     75     5     6.41102   5.11262   0    7.36205   5.34885   0    6.76262   6.08909   0    
4	189     188     133     5     5.79148   4.44396   0    6.32199   3.65   0    6.94314   4.36266   0    
4	236     188     189     5     5.38402   3.4601   0    6.32199   3.65   0    5.79148   4.44396   0    
4	280     238     281     5     4.21324   3.53533   0    4.19111   4.8368   0    3.53533   4.21324   0    
4	68     0     1     5     9.1   0   0    10   0   0    9.95734   0.922684   0    
4	397     402     400     5     0   1   0    -0.817965   0.817965   0    0   0   0    
