-33.2174  17.1889 -10.3051 -7.65106
-43.5225  9.53784 8.87052 -1.18215
-34.652  8.35569 1.43459 8.83321
3.69082  26.963 -3.69082 0.337
0  27.3 1.30501 -6.087
1.30501  21.213 2.38581 5.75
21.1911  0 8 0
29.1911  0 -1.6777 6.74074
27.5134  6.74074 -6.3223 -6.74074
-25.8741  10.0971 -8.77788 -1.74142
-34.652  8.35569 2.28309 -8.35569
-32.3689  0 6.49478 10.0971
-5.96302  6.63125 8.37412 -6.63125
2.4111  0 -1.62317 11.4848
0.78793  11.4848 -6.75095 -4.85357
-25.8741  10.0971 4.32412 5.70329
-21.55  15.8004 -5.6279 4.4218
-27.1779  20.2222 1.30378 -10.1251
1.30501  21.213 -9.75965 -6.64927
-8.45464  14.5637 9.24257 -3.07891
0.78793  11.4848 0.517076 9.72818
-21.55  15.8004 0.747195 7.1181
-20.8028  22.9185 -6.3751 -2.6963
-27.1779  20.2222 5.6279 -4.4218
1.30501  21.213 -8.35113 5.0759
-7.04612  26.2889 -1.40852 -11.7252
-8.45464  14.5637 9.75965 6.64927
-7.04612  26.2889 8.35113 -5.0759
1.30501  21.213 -1.30501 6.087
0  27.3 -7.04612 -1.0111
8.83042  16.9824 6.82992 -6.79397
15.6603  10.1884 4.80696 8.34859
20.4673  18.537 -11.6369 -1.55462
0.78793  11.4848 1.62317 -11.4848
2.4111  0 5.39 6.61889
7.8011  6.61889 -7.01317 4.86593
-7.04612  26.2889 -7.04608 -1.3482
-14.0922  24.9407 -0.656849 -7.07671
-14.749  17.864 7.70293 8.42491
15.0988  22.9185 -6.37503 2.6963
8.72377  25.6148 0.106654 -8.63242
8.83042  16.9824 6.26838 5.93612
-14.749  17.864 6.29441 -3.30026
-8.45464  14.5637 1.40852 11.7252
-7.04612  26.2889 -7.70293 -8.42491
-16.6835  7.61984 -4.8665 8.18056
-21.55  15.8004 -4.32412 -5.70329
-25.8741  10.0971 9.19062 -2.47727
27.5134  6.74074 -11.8531 3.44767
15.6603  10.1884 5.53076 -10.1884
21.1911  0 6.3223 6.74074
8.83042  16.9824 -7.52542 4.23062
1.30501  21.213 -0.517076 -9.72818
0.78793  11.4848 8.04249 5.49756
-14.749  17.864 -6.05375 5.05451
-20.8028  22.9185 -0.747195 -7.1181
-21.55  15.8004 6.80095 2.06359
1.30501  21.213 7.41876 4.4018
8.72377  25.6148 -5.03295 1.3482
3.69082  26.963 -2.38581 -5.75
8.83042  16.9824 -0.106654 8.63242
8.72377  25.6148 -7.41876 -4.4018
1.30501  21.213 7.52542 -4.23062
15.6603  10.1884 9.16886 2.95599
24.8292  13.1444 -4.3619 5.3926
20.4673  18.537 -4.80696 -8.34859
-16.6835  7.61984 -7.68541 -7.61984
-24.3689  0 13.39 0
-10.9789  0 -5.70459 7.61984
8.83042  16.9824 11.6369 1.55462
20.4673  18.537 -5.3685 4.3815
15.0988  22.9185 -6.26838 -5.93612
8.83042  16.9824 -8.04249 -5.49756
0.78793  11.4848 7.01317 -4.86593
7.8011  6.61889 1.02932 10.3635
-27.1779  20.2222 -6.0395 -3.0333
-33.2174  17.1889 7.34328 -7.09179
-25.8741  10.0971 -1.30378 10.1251
15.6603  10.1884 11.8531 -3.44767
27.5134  6.74074 -2.6842 6.40366
24.8292  13.1444 -9.16886 -2.95599
21.1911  0 -5.53076 10.1884
15.6603  10.1884 -2.46924 -10.1884
13.1911  0 8 0
-24.3689  0 7.68541 7.61984
-16.6835  7.61984 -9.19062 2.47727
-25.8741  10.0971 1.50522 -10.0971
-14.749  17.864 -1.93444 -10.2441
-16.6835  7.61984 8.22885 6.94389
-8.45464  14.5637 -6.29441 3.30026
-16.6835  7.61984 5.70459 -7.61984
-10.9789  0 5.01588 6.63125
-5.96302  6.63125 -10.7205 0.988598
-5.96302  6.63125 6.75095 4.85357
0.78793  11.4848 -9.24257 3.07891
-8.45464  14.5637 2.49162 -7.93248
2.4111  0 10.78 0
13.1911  0 -5.39 6.61889
7.8011  6.61889 -5.39 -6.61889
-49.9457  4.76892 9.57681 -4.76892
-40.3689  0 -3.15361 9.53784
-43.5225  9.53784 -6.42319 -4.76892
-34.652  8.35569 8.77788 1.74142
-25.8741  10.0971 -7.34328 7.09179
-33.2174  17.1889 -1.43459 -8.83321
-16.6835  7.61984 10.7205 -0.988598
-5.96302  6.63125 -2.49162 7.93248
-8.45464  14.5637 -8.22885 -6.94389
2.4111  0 -8.37412 6.63125
-5.96302  6.63125 -5.01588 -6.63125
-10.9789  0 13.39 0
13.1911  0 2.46924 10.1884
15.6603  10.1884 -7.85924 -3.56952
7.8011  6.61889 5.39 -6.61889
8.83042  16.9824 -1.02932 -10.3635
7.8011  6.61889 7.85924 3.56952
15.6603  10.1884 -6.82992 6.79397
-43.5225  9.53784 3.15361 -9.53784
-40.3689  0 5.71691 8.35569
-34.652  8.35569 -8.87052 1.18215
-25.8741  10.0971 -6.49478 -10.0971
-32.3689  0 8 0
-24.3689  0 -1.50522 10.0971
-40.3689  0 -9.57681 4.76892
-49.9457  4.76892 1.57681 -4.76892
-48.3689  0 8 0
-49.9457  4.76892 -6.42319 -4.76892
-56.3689  0 8 0
-48.3689  0 -1.57681 4.76892
-20.8028  22.9185 6.05375 -5.05451
-14.749  17.864 0.656849 7.07671
-14.0922  24.9407 -6.7106 -2.0222
-34.652  8.35569 -5.71691 -8.35569
-40.3689  0 8 0
-32.3689  0 -2.28309 8.35569
-16.6835  7.61984 1.93444 10.2441
-14.749  17.864 -6.80095 -2.06359
-21.55  15.8004 4.8665 -8.18056
