-17.9822  -4.3793 3.954 -2.74882
-14.0282  -7.12812 2.8184 3.31382
-11.2098  -3.8143 -6.7724 -0.565
-11.2098  -3.8143 -4.2902 3.8143
-15.5  0 -2.4822 -4.3793
-17.9822  -4.3793 6.7724 0.565
-17.9822  -4.3793 2.4822 4.3793
-15.5  0 -4.5 0
-20  0 2.0178 -4.3793
-14.0282  -7.12812 4.51202 -1.66759
-9.51618  -8.79571 -1.69362 4.98141
-11.2098  -3.8143 -2.8184 -3.31382
-4.79656  -9.70828 4.79656 -0.29172
0  -10 0 4.5
0  -5.5 -4.79656 -4.20828
-4.79656  -9.70828 -0.86961 4.58689
-5.66617  -5.12139 -3.85001 -3.67432
-9.51618  -8.79571 4.71962 -0.91257
-5.66617  -5.12139 0.86961 -4.58689
-4.79656  -9.70828 4.79656 4.20828
0  -5.5 -5.66617 0.37861
-11.2098  -3.8143 5.54363 -1.30709
-5.66617  -5.12139 -3.33383 5.12139
-9  0 -2.2098 -3.8143
-9.51618  -8.79571 3.85001 3.67432
-5.66617  -5.12139 -5.54363 1.30709
-11.2098  -3.8143 1.69362 -4.98141
0  -10 4.79656 0.29172
4.79656  -9.70828 -4.79656 4.20828
0  -5.5 0 -4.5
0  -5.5 -4.5 5.5
-4.5  0 -1.16617 -5.12139
-5.66617  -5.12139 5.66617 -0.37861
-15.5  0 4.2902 3.8143
-11.2098  3.8143 -6.7724 0.565
-17.9822  4.3793 2.4822 -4.3793
-11.2098  3.8143 -4.2902 -3.8143
-15.5  0 6.5 0
-9  0 -2.2098 3.8143
-14.0282  7.12812 -3.954 -2.74882
-17.9822  4.3793 6.7724 -0.565
-11.2098  3.8143 -2.8184 3.31382
-11.2098  3.8143 1.69362 4.98141
-9.51618  8.79571 -4.51202 -1.66759
-14.0282  7.12812 2.8184 -3.31382
-15.5  0 -2.4822 4.3793
-17.9822  4.3793 -2.0178 -4.3793
-20  0 4.5 0
-9  0 4.5 0
-4.5  0 -1.16617 5.12139
-5.66617  5.12139 -3.33383 -5.12139
-4.5  0 -4.5 0
-9  0 3.33383 -5.12139
-5.66617  -5.12139 1.16617 5.12139
-9.51618  8.79571 3.85001 -3.67432
-5.66617  5.12139 0.86961 4.58689
-4.79656  9.70828 -4.71962 -0.91257
-9.51618  8.79571 -1.69362 -4.98141
-11.2098  3.8143 5.54363 1.30709
-5.66617  5.12139 -3.85001 3.67432
0  5.5 -4.79656 4.20828
-4.79656  9.70828 -0.86961 -4.58689
-5.66617  5.12139 5.66617 0.37861
0  5.5 -5.66617 -0.37861
-5.66617  5.12139 1.16617 -5.12139
-4.5  0 4.5 5.5
-5.66617  5.12139 -5.54363 -1.30709
-11.2098  3.8143 2.2098 -3.8143
-9  0 3.33383 5.12139
-15.5  0 4.2902 -3.8143
-11.2098  -3.8143 2.2098 3.8143
-9  0 -6.5 0
-4.5  0 4.5 -5.5
0  -5.5 0 5.5
0  0 -4.5 0
4.5  0 -4.5 -5.5
0  -5.5 5.66617 0.37861
5.66617  -5.12139 -1.16617 5.12139
5.66617  -5.12139 -0.86961 -4.58689
4.79656  -9.70828 4.71962 0.91257
9.51618  -8.79571 -3.85001 3.67432
0  0 4.5 0
4.5  0 -4.5 5.5
0  5.5 0 -5.5
0  0 0 -5.5
0  -5.5 4.5 5.5
4.5  0 -4.5 0
5.66617  -5.12139 3.33383 5.12139
9  0 -4.5 0
4.5  0 1.16617 -5.12139
5.66617  -5.12139 -5.66617 -0.37861
0  -5.5 4.79656 -4.20828
4.79656  -9.70828 0.86961 4.58689
9.51618  -8.79571 4.51202 1.66759
14.0282  -7.12812 -2.8184 3.31382
11.2098  -3.8143 -1.69362 -4.98141
15.5  0 -6.5 0
9  0 2.2098 -3.8143
11.2098  -3.8143 4.2902 3.8143
9  0 -3.33383 -5.12139
5.66617  -5.12139 5.54363 1.30709
11.2098  -3.8143 -2.2098 3.8143
17.9822  -4.3793 -6.7724 0.565
11.2098  -3.8143 2.8184 -3.31382
14.0282  -7.12812 3.954 2.74882
15.5  0 -4.2902 -3.8143
11.2098  -3.8143 6.7724 -0.565
17.9822  -4.3793 -2.4822 4.3793
11.2098  -3.8143 -5.54363 -1.30709
5.66617  -5.12139 3.85001 -3.67432
9.51618  -8.79571 1.69362 4.98141
4.5  0 4.5 0
9  0 -3.33383 5.12139
5.66617  5.12139 -1.16617 -5.12139
0  5.5 5.66617 -0.37861
5.66617  5.12139 -0.86961 4.58689
4.79656  9.70828 -4.79656 -4.20828
0  5.5 4.5 -5.5
4.5  0 1.16617 5.12139
5.66617  5.12139 -5.66617 0.37861
0  5.5 4.79656 4.20828
4.79656  9.70828 -4.79656 0.29172
0  10 0 -4.5
4.79656  9.70828 0.86961 -4.58689
5.66617  5.12139 3.85001 3.67432
9.51618  8.79571 -4.71962 0.91257
5.66617  5.12139 5.54363 -1.30709
11.2098  3.8143 -1.69362 4.98141
9.51618  8.79571 -3.85001 -3.67432
0  5.5 0 4.5
0  10 -4.79656 -0.29172
-4.79656  9.70828 4.79656 -4.20828
15.5  0 4.5 0
20  0 -2.0178 4.3793
17.9822  4.3793 -2.4822 -4.3793
20  0 -4.5 0
15.5  0 2.4822 -4.3793
17.9822  -4.3793 2.0178 4.3793
11.2098  3.8143 6.7724 0.565
17.9822  4.3793 -3.954 2.74882
14.0282  7.12812 -2.8184 -3.31382
17.9822  4.3793 -6.7724 -0.565
11.2098  3.8143 4.2902 -3.8143
15.5  0 2.4822 4.3793
11.2098  3.8143 2.8184 3.31382
14.0282  7.12812 -4.51202 1.66759
9.51618  8.79571 1.69362 -4.98141
11.2098  3.8143 -5.54363 1.30709
5.66617  5.12139 3.33383 -5.12139
9  0 2.2098 3.8143
15.5  0 -4.2902 3.8143
11.2098  3.8143 -2.2098 -3.8143
9  0 6.5 0
0  0 0 5.5
0  5.5 -4.5 -5.5
-4.5  0 4.5 0
